[ 2017-08-18T08:47:26+08:00 ] ::1 /caiwu/index.php/Home/Index/main
INFO: [ app_init ] --START--
INFO: Run Behavior\BuildLiteBehavior [ RunTime:0.000000s ]
INFO: [ app_init ] --END-- [ RunTime:0.011000s ]
INFO: [ app_begin ] --START--
INFO: Run Behavior\ReadHtmlCacheBehavior [ RunTime:0.025000s ]
INFO: [ app_begin ] --END-- [ RunTime:0.025000s ]

[ 2017-08-18T08:47:26+08:00 ] ::1 /caiwu/index.php/home/index/login.html
INFO: [ app_init ] --START--
INFO: Run Behavior\BuildLiteBehavior [ RunTime:0.000000s ]
INFO: [ app_init ] --END-- [ RunTime:0.001000s ]
INFO: [ app_begin ] --START--
INFO: Run Behavior\ReadHtmlCacheBehavior [ RunTime:0.001000s ]
INFO: [ app_begin ] --END-- [ RunTime:0.001000s ]
INFO: [ view_parse ] --START--
INFO: [ template_filter ] --START--
INFO: Run Behavior\ContentReplaceBehavior [ RunTime:0.000000s ]
INFO: [ template_filter ] --END-- [ RunTime:0.000000s ]
INFO: Run Behavior\ParseTemplateBehavior [ RunTime:0.066000s ]
INFO: [ view_parse ] --END-- [ RunTime:0.066000s ]
INFO: [ view_filter ] --START--
INFO: Run Behavior\WriteHtmlCacheBehavior [ RunTime:0.019000s ]
INFO: [ view_filter ] --END-- [ RunTime:0.019000s ]
INFO: [ app_end ] --START--
INFO: Run Behavior\ShowPageTraceBehavior [ RunTime:0.003000s ]
INFO: [ app_end ] --END-- [ RunTime:0.003000s ]

[ 2017-08-18T08:47:37+08:00 ] ::1 /caiwu/index.php/home/index/do_login.html
INFO: [ app_init ] --START--
INFO: Run Behavior\BuildLiteBehavior [ RunTime:0.000000s ]
INFO: [ app_init ] --END-- [ RunTime:0.000000s ]
INFO: [ app_begin ] --START--
INFO: Run Behavior\ReadHtmlCacheBehavior [ RunTime:0.001000s ]
INFO: [ app_begin ] --END-- [ RunTime:0.001000s ]
SQL: SHOW COLUMNS FROM `fanwe_family` [ RunTime:0.0170s ]
SQL: SELECT * FROM `fanwe_family` WHERE `user_id` = 'admin' AND `status` = 1 LIMIT 1   [ RunTime:0.0170s ]
ERR: 1146:Table 'zhibodb.fanwe_caiwu_admin' doesn't exist
 [ SQL语句 ] : SHOW COLUMNS FROM `fanwe_caiwu_admin`
ERR: 1146:Table 'zhibodb.fanwe_caiwu_admin' doesn't exist
 [ SQL语句 ] : SHOW COLUMNS FROM `fanwe_caiwu_admin`

[ 2017-08-18T08:47:40+08:00 ] ::1 /caiwu/index.php/home/index/do_login.html
INFO: [ app_init ] --START--
INFO: Run Behavior\BuildLiteBehavior [ RunTime:0.000000s ]
INFO: [ app_init ] --END-- [ RunTime:0.001000s ]
INFO: [ app_begin ] --START--
INFO: Run Behavior\ReadHtmlCacheBehavior [ RunTime:0.000000s ]
INFO: [ app_begin ] --END-- [ RunTime:0.000000s ]
SQL: SHOW COLUMNS FROM `fanwe_family` [ RunTime:0.0220s ]
SQL: SELECT * FROM `fanwe_family` WHERE `user_id` = 'admin' AND `status` = 1 LIMIT 1   [ RunTime:0.0230s ]
ERR: 1146:Table 'zhibodb.fanwe_caiwu_admin' doesn't exist
 [ SQL语句 ] : SHOW COLUMNS FROM `fanwe_caiwu_admin`
ERR: 1146:Table 'zhibodb.fanwe_caiwu_admin' doesn't exist
 [ SQL语句 ] : SHOW COLUMNS FROM `fanwe_caiwu_admin`

[ 2017-08-18T08:47:47+08:00 ] ::1 /caiwu/index.php/home/index/do_login.html
INFO: [ app_init ] --START--
INFO: Run Behavior\BuildLiteBehavior [ RunTime:0.000000s ]
INFO: [ app_init ] --END-- [ RunTime:0.001000s ]
INFO: [ app_begin ] --START--
INFO: Run Behavior\ReadHtmlCacheBehavior [ RunTime:0.000000s ]
INFO: [ app_begin ] --END-- [ RunTime:0.000000s ]
SQL: SHOW COLUMNS FROM `fanwe_family` [ RunTime:0.0540s ]
SQL: SELECT * FROM `fanwe_family` WHERE `user_id` = 'admin' AND `status` = 1 LIMIT 1   [ RunTime:0.0560s ]
ERR: 1146:Table 'zhibodb.fanwe_caiwu_admin' doesn't exist
 [ SQL语句 ] : SHOW COLUMNS FROM `fanwe_caiwu_admin`
ERR: 1146:Table 'zhibodb.fanwe_caiwu_admin' doesn't exist
 [ SQL语句 ] : SHOW COLUMNS FROM `fanwe_caiwu_admin`

[ 2017-08-18T08:47:54+08:00 ] ::1 /caiwu/index.php/home/index/do_login.html
INFO: [ app_init ] --START--
INFO: Run Behavior\BuildLiteBehavior [ RunTime:0.000000s ]
INFO: [ app_init ] --END-- [ RunTime:0.000000s ]
INFO: [ app_begin ] --START--
INFO: Run Behavior\ReadHtmlCacheBehavior [ RunTime:0.000000s ]
INFO: [ app_begin ] --END-- [ RunTime:0.000000s ]
SQL: SHOW COLUMNS FROM `fanwe_family` [ RunTime:0.0230s ]
SQL: SELECT * FROM `fanwe_family` WHERE `user_id` = 'admin' AND `status` = 1 LIMIT 1   [ RunTime:0.0220s ]
ERR: 1146:Table 'zhibodb.fanwe_caiwu_admin' doesn't exist
 [ SQL语句 ] : SHOW COLUMNS FROM `fanwe_caiwu_admin`
ERR: 1146:Table 'zhibodb.fanwe_caiwu_admin' doesn't exist
 [ SQL语句 ] : SHOW COLUMNS FROM `fanwe_caiwu_admin`

[ 2017-08-18T08:48:47+08:00 ] ::1 /caiwu/index.php/home/index/do_login.html
INFO: [ app_init ] --START--
INFO: Run Behavior\BuildLiteBehavior [ RunTime:0.000000s ]
INFO: [ app_init ] --END-- [ RunTime:0.000000s ]
INFO: [ app_begin ] --START--
INFO: Run Behavior\ReadHtmlCacheBehavior [ RunTime:0.001000s ]
INFO: [ app_begin ] --END-- [ RunTime:0.001000s ]
SQL: SHOW COLUMNS FROM `fanwe_family` [ RunTime:0.0230s ]
SQL: SELECT * FROM `fanwe_family` WHERE `user_id` = 'admin' AND `status` = 1 LIMIT 1   [ RunTime:0.0230s ]
ERR: 1146:Table 'zhibodb.fanwe_caiwu_admin' doesn't exist
 [ SQL语句 ] : SHOW COLUMNS FROM `fanwe_caiwu_admin`
ERR: 1146:Table 'zhibodb.fanwe_caiwu_admin' doesn't exist
 [ SQL语句 ] : SHOW COLUMNS FROM `fanwe_caiwu_admin`

[ 2017-08-18T08:52:24+08:00 ] ::1 /caiwu/index.php/home/index/do_login.html
INFO: [ app_init ] --START--
INFO: Run Behavior\BuildLiteBehavior [ RunTime:0.000000s ]
INFO: [ app_init ] --END-- [ RunTime:0.000000s ]
INFO: [ app_begin ] --START--
INFO: Run Behavior\ReadHtmlCacheBehavior [ RunTime:0.001000s ]
INFO: [ app_begin ] --END-- [ RunTime:0.001000s ]
SQL: SHOW COLUMNS FROM `fanwe_family` [ RunTime:0.0280s ]
SQL: SELECT * FROM `fanwe_family` WHERE `user_id` = 'admin' AND `status` = 1 LIMIT 1   [ RunTime:0.0390s ]
ERR: 1146:Table 'zhibodb.fanwe_caiwu_admin' doesn't exist
 [ SQL语句 ] : SHOW COLUMNS FROM `fanwe_caiwu_admin`
ERR: 1146:Table 'zhibodb.fanwe_caiwu_admin' doesn't exist
 [ SQL语句 ] : SHOW COLUMNS FROM `fanwe_caiwu_admin`

[ 2017-08-18T08:53:02+08:00 ] ::1 /caiwu/index.php/home/index/do_login.html
INFO: [ app_init ] --START--
INFO: Run Behavior\BuildLiteBehavior [ RunTime:0.000000s ]
INFO: [ app_init ] --END-- [ RunTime:0.000000s ]
INFO: [ app_begin ] --START--
INFO: Run Behavior\ReadHtmlCacheBehavior [ RunTime:0.000000s ]
INFO: [ app_begin ] --END-- [ RunTime:0.000000s ]
SQL: SHOW COLUMNS FROM `fanwe_family` [ RunTime:0.0250s ]
SQL: SELECT * FROM `fanwe_family` WHERE `user_id` = 'admin' AND `status` = 1 LIMIT 1   [ RunTime:0.0250s ]
SQL: SHOW COLUMNS FROM `fanwe_caiwu_admin` [ RunTime:0.0250s ]
SQL: SELECT * FROM `fanwe_caiwu_admin` WHERE `user_account` = 'admin' AND `user_password` = 'e10adc3949ba59abbe56e057f20f883e' LIMIT 1   [ RunTime:0.0250s ]

[ 2017-08-18T08:53:02+08:00 ] ::1 /caiwu/index.php/home/index/main.html
INFO: [ app_init ] --START--
INFO: Run Behavior\BuildLiteBehavior [ RunTime:0.000000s ]
INFO: [ app_init ] --END-- [ RunTime:0.000000s ]
INFO: [ app_begin ] --START--
INFO: Run Behavior\ReadHtmlCacheBehavior [ RunTime:0.000000s ]
INFO: [ app_begin ] --END-- [ RunTime:0.000000s ]
INFO: [ view_parse ] --START--
INFO: [ template_filter ] --START--
INFO: Run Behavior\ContentReplaceBehavior [ RunTime:0.000000s ]
INFO: [ template_filter ] --END-- [ RunTime:0.000000s ]
INFO: Run Behavior\ParseTemplateBehavior [ RunTime:0.004000s ]
INFO: [ view_parse ] --END-- [ RunTime:0.004000s ]
INFO: [ view_filter ] --START--
INFO: Run Behavior\WriteHtmlCacheBehavior [ RunTime:0.000000s ]
INFO: [ view_filter ] --END-- [ RunTime:0.000000s ]
INFO: [ app_end ] --START--
INFO: Run Behavior\ShowPageTraceBehavior [ RunTime:0.001000s ]
INFO: [ app_end ] --END-- [ RunTime:0.001000s ]

[ 2017-08-18T08:53:02+08:00 ] ::1 /caiwu/index.php/home/index/top.html
INFO: [ app_init ] --START--
INFO: Run Behavior\BuildLiteBehavior [ RunTime:0.000000s ]
INFO: [ app_init ] --END-- [ RunTime:0.001000s ]
INFO: [ app_begin ] --START--
INFO: Run Behavior\ReadHtmlCacheBehavior [ RunTime:0.000000s ]
INFO: [ app_begin ] --END-- [ RunTime:0.000000s ]
INFO: [ view_parse ] --START--
INFO: [ template_filter ] --START--
INFO: Run Behavior\ContentReplaceBehavior [ RunTime:0.000000s ]
INFO: [ template_filter ] --END-- [ RunTime:0.000000s ]
INFO: Run Behavior\ParseTemplateBehavior [ RunTime:0.004000s ]
INFO: [ view_parse ] --END-- [ RunTime:0.004000s ]
INFO: [ view_filter ] --START--
INFO: Run Behavior\WriteHtmlCacheBehavior [ RunTime:0.000000s ]
INFO: [ view_filter ] --END-- [ RunTime:0.000000s ]
INFO: [ app_end ] --START--
INFO: Run Behavior\ShowPageTraceBehavior [ RunTime:0.000000s ]
INFO: [ app_end ] --END-- [ RunTime:0.000000s ]

[ 2017-08-18T08:53:03+08:00 ] ::1 /caiwu/index.php/home/index/index.html
INFO: [ app_init ] --START--
INFO: Run Behavior\BuildLiteBehavior [ RunTime:0.000000s ]
INFO: [ app_init ] --END-- [ RunTime:0.000000s ]
INFO: [ app_begin ] --START--
INFO: Run Behavior\ReadHtmlCacheBehavior [ RunTime:0.001000s ]
INFO: [ app_begin ] --END-- [ RunTime:0.001000s ]
INFO: [ view_parse ] --START--
INFO: [ template_filter ] --START--
INFO: Run Behavior\ContentReplaceBehavior [ RunTime:0.000000s ]
INFO: [ template_filter ] --END-- [ RunTime:0.000000s ]
INFO: Run Behavior\ParseTemplateBehavior [ RunTime:0.008000s ]
INFO: [ view_parse ] --END-- [ RunTime:0.008000s ]
INFO: [ view_filter ] --START--
INFO: Run Behavior\WriteHtmlCacheBehavior [ RunTime:0.000000s ]
INFO: [ view_filter ] --END-- [ RunTime:0.000000s ]
INFO: [ app_end ] --START--
INFO: Run Behavior\ShowPageTraceBehavior [ RunTime:0.001000s ]
INFO: [ app_end ] --END-- [ RunTime:0.001000s ]

[ 2017-08-18T08:53:03+08:00 ] ::1 /caiwu/index.php/home/index/left.html
INFO: [ app_init ] --START--
INFO: Run Behavior\BuildLiteBehavior [ RunTime:0.000000s ]
INFO: [ app_init ] --END-- [ RunTime:0.000000s ]
INFO: [ app_begin ] --START--
INFO: Run Behavior\ReadHtmlCacheBehavior [ RunTime:0.000000s ]
INFO: [ app_begin ] --END-- [ RunTime:0.000000s ]
INFO: [ view_parse ] --START--
INFO: [ template_filter ] --START--
INFO: Run Behavior\ContentReplaceBehavior [ RunTime:0.000000s ]
INFO: [ template_filter ] --END-- [ RunTime:0.000000s ]
INFO: Run Behavior\ParseTemplateBehavior [ RunTime:0.011000s ]
INFO: [ view_parse ] --END-- [ RunTime:0.011000s ]
INFO: [ view_filter ] --START--
INFO: Run Behavior\WriteHtmlCacheBehavior [ RunTime:0.000000s ]
INFO: [ view_filter ] --END-- [ RunTime:0.000000s ]
INFO: [ app_end ] --START--
INFO: Run Behavior\ShowPageTraceBehavior [ RunTime:0.000000s ]
INFO: [ app_end ] --END-- [ RunTime:0.001000s ]

[ 2017-08-18T08:53:09+08:00 ] ::1 /caiwu/index.php/home/index/family_add.html
INFO: [ app_init ] --START--
INFO: Run Behavior\BuildLiteBehavior [ RunTime:0.000000s ]
INFO: [ app_init ] --END-- [ RunTime:0.000000s ]
INFO: [ app_begin ] --START--
INFO: Run Behavior\ReadHtmlCacheBehavior [ RunTime:0.000000s ]
INFO: [ app_begin ] --END-- [ RunTime:0.000000s ]
INFO: [ view_parse ] --START--
INFO: [ template_filter ] --START--
INFO: Run Behavior\ContentReplaceBehavior [ RunTime:0.000000s ]
INFO: [ template_filter ] --END-- [ RunTime:0.000000s ]
INFO: Run Behavior\ParseTemplateBehavior [ RunTime:0.017000s ]
INFO: [ view_parse ] --END-- [ RunTime:0.017000s ]
INFO: [ view_filter ] --START--
INFO: Run Behavior\WriteHtmlCacheBehavior [ RunTime:0.001000s ]
INFO: [ view_filter ] --END-- [ RunTime:0.001000s ]
INFO: [ app_end ] --START--
INFO: Run Behavior\ShowPageTraceBehavior [ RunTime:0.000000s ]
INFO: [ app_end ] --END-- [ RunTime:0.000000s ]

[ 2017-08-18T08:53:10+08:00 ] ::1 /caiwu/index.php/home/index/account_list.html
INFO: [ app_init ] --START--
INFO: Run Behavior\BuildLiteBehavior [ RunTime:0.000000s ]
INFO: [ app_init ] --END-- [ RunTime:0.001000s ]
INFO: [ app_begin ] --START--
INFO: Run Behavior\ReadHtmlCacheBehavior [ RunTime:0.001000s ]
INFO: [ app_begin ] --END-- [ RunTime:0.001000s ]
NOTIC: [8] Undefined index: type D:\phpStudy\WWW\caiwu\Application\Home\Controller\IndexController.class.php 第 908 行.
SQL: SHOW COLUMNS FROM `fanwe_family_settlement_history` [ RunTime:0.0330s ]
SQL: SELECT COUNT(*) AS tp_count FROM `fanwe_family_settlement_history` WHERE `expect_date` = '2017-08-16' LIMIT 1   [ RunTime:0.0340s ]
SQL: SELECT * FROM `fanwe_family_settlement_history` WHERE `expect_date` = '2017-08-16' ORDER BY id desc LIMIT 0,20   [ RunTime:0.0400s ]
INFO: [ view_parse ] --START--
INFO: [ template_filter ] --START--
INFO: Run Behavior\ContentReplaceBehavior [ RunTime:0.000000s ]
INFO: [ template_filter ] --END-- [ RunTime:0.000000s ]
INFO: Run Behavior\ParseTemplateBehavior [ RunTime:0.005000s ]
INFO: [ view_parse ] --END-- [ RunTime:0.005000s ]
INFO: [ view_filter ] --START--
INFO: Run Behavior\WriteHtmlCacheBehavior [ RunTime:0.001000s ]
INFO: [ view_filter ] --END-- [ RunTime:0.001000s ]
INFO: [ app_end ] --START--
INFO: Run Behavior\ShowPageTraceBehavior [ RunTime:0.000000s ]
INFO: [ app_end ] --END-- [ RunTime:0.000000s ]

[ 2017-08-18T08:53:42+08:00 ] ::1 /caiwu/index.php/home/index/account_list.html?type=3&st=2017-8-1&search_name=
INFO: [ app_init ] --START--
INFO: Run Behavior\BuildLiteBehavior [ RunTime:0.000000s ]
INFO: [ app_init ] --END-- [ RunTime:0.000000s ]
INFO: [ app_begin ] --START--
INFO: Run Behavior\ReadHtmlCacheBehavior [ RunTime:0.000000s ]
INFO: [ app_begin ] --END-- [ RunTime:0.000000s ]
SQL: SHOW COLUMNS FROM `fanwe_family_settlement_history` [ RunTime:0.0250s ]
SQL: SELECT COUNT(*) AS tp_count FROM `fanwe_family_settlement_history` WHERE `expect_date` = '2017-8-1' LIMIT 1   [ RunTime:0.0270s ]
SQL: SELECT * FROM `fanwe_family_settlement_history` WHERE `expect_date` = '2017-8-1' ORDER BY id desc LIMIT 0,20   [ RunTime:0.0200s ]
INFO: [ view_parse ] --START--
INFO: [ template_filter ] --START--
INFO: Run Behavior\ContentReplaceBehavior [ RunTime:0.000000s ]
INFO: [ template_filter ] --END-- [ RunTime:0.000000s ]
INFO: Run Behavior\ParseTemplateBehavior [ RunTime:0.021000s ]
INFO: [ view_parse ] --END-- [ RunTime:0.021000s ]
INFO: [ view_filter ] --START--
INFO: Run Behavior\WriteHtmlCacheBehavior [ RunTime:0.001000s ]
INFO: [ view_filter ] --END-- [ RunTime:0.001000s ]
INFO: [ app_end ] --START--
INFO: Run Behavior\ShowPageTraceBehavior [ RunTime:0.002000s ]
INFO: [ app_end ] --END-- [ RunTime:0.002000s ]

[ 2017-08-18T08:53:49+08:00 ] ::1 /caiwu/index.php/home/index/account_list.html?type=3&st=2017-7-16&search_name=
INFO: [ app_init ] --START--
INFO: Run Behavior\BuildLiteBehavior [ RunTime:0.000000s ]
INFO: [ app_init ] --END-- [ RunTime:0.001000s ]
INFO: [ app_begin ] --START--
INFO: Run Behavior\ReadHtmlCacheBehavior [ RunTime:0.000000s ]
INFO: [ app_begin ] --END-- [ RunTime:0.000000s ]
SQL: SHOW COLUMNS FROM `fanwe_family_settlement_history` [ RunTime:0.0220s ]
SQL: SELECT COUNT(*) AS tp_count FROM `fanwe_family_settlement_history` WHERE `expect_date` = '2017-7-16' LIMIT 1   [ RunTime:0.0220s ]
SQL: SELECT * FROM `fanwe_family_settlement_history` WHERE `expect_date` = '2017-7-16' ORDER BY id desc LIMIT 0,20   [ RunTime:0.0240s ]
INFO: [ view_parse ] --START--
INFO: [ template_filter ] --START--
INFO: Run Behavior\ContentReplaceBehavior [ RunTime:0.000000s ]
INFO: [ template_filter ] --END-- [ RunTime:0.000000s ]
INFO: Run Behavior\ParseTemplateBehavior [ RunTime:0.020000s ]
INFO: [ view_parse ] --END-- [ RunTime:0.022000s ]
INFO: [ view_filter ] --START--
INFO: Run Behavior\WriteHtmlCacheBehavior [ RunTime:0.000000s ]
INFO: [ view_filter ] --END-- [ RunTime:0.000000s ]
INFO: [ app_end ] --START--
INFO: Run Behavior\ShowPageTraceBehavior [ RunTime:0.001000s ]
INFO: [ app_end ] --END-- [ RunTime:0.002000s ]

[ 2017-08-18T09:23:48+08:00 ] ::1 /caiwu/index.php/home/index/account_list.html?type=3&st=2017-7-16&search_name=
INFO: [ app_init ] --START--
INFO: Run Behavior\BuildLiteBehavior [ RunTime:0.000000s ]
INFO: [ app_init ] --END-- [ RunTime:0.001000s ]
INFO: [ app_begin ] --START--
INFO: Run Behavior\ReadHtmlCacheBehavior [ RunTime:0.001000s ]
INFO: [ app_begin ] --END-- [ RunTime:0.001000s ]
SQL: SHOW COLUMNS FROM `fanwe_family_settlement_history` [ RunTime:0.0230s ]
SQL: SELECT COUNT(*) AS tp_count FROM `fanwe_family_settlement_history` WHERE `expect_date` = '2017-7-16' LIMIT 1   [ RunTime:0.0230s ]
SQL: SELECT * FROM `fanwe_family_settlement_history` WHERE `expect_date` = '2017-7-16' ORDER BY id desc LIMIT 0,20   [ RunTime:0.0230s ]
INFO: [ view_parse ] --START--
INFO: [ template_filter ] --START--
INFO: Run Behavior\ContentReplaceBehavior [ RunTime:0.000000s ]
INFO: [ template_filter ] --END-- [ RunTime:0.000000s ]
INFO: Run Behavior\ParseTemplateBehavior [ RunTime:0.049000s ]
INFO: [ view_parse ] --END-- [ RunTime:0.049000s ]
INFO: [ view_filter ] --START--
INFO: Run Behavior\WriteHtmlCacheBehavior [ RunTime:0.001000s ]
INFO: [ view_filter ] --END-- [ RunTime:0.001000s ]
INFO: [ app_end ] --START--
INFO: Run Behavior\ShowPageTraceBehavior [ RunTime:0.002000s ]
INFO: [ app_end ] --END-- [ RunTime:0.002000s ]

[ 2017-08-18T09:23:53+08:00 ] ::1 /caiwu/index.php/home/index/account_list.html
INFO: [ app_init ] --START--
INFO: Run Behavior\BuildLiteBehavior [ RunTime:0.000000s ]
INFO: [ app_init ] --END-- [ RunTime:0.000000s ]
INFO: [ app_begin ] --START--
INFO: Run Behavior\ReadHtmlCacheBehavior [ RunTime:0.000000s ]
INFO: [ app_begin ] --END-- [ RunTime:0.000000s ]
NOTIC: [8] Undefined index: type D:\phpStudy\WWW\caiwu\Application\Home\Controller\IndexController.class.php 第 908 行.
SQL: SHOW COLUMNS FROM `fanwe_family_settlement_history` [ RunTime:0.0270s ]
SQL: SELECT COUNT(*) AS tp_count FROM `fanwe_family_settlement_history` WHERE `expect_date` = '2017-08-16' LIMIT 1   [ RunTime:0.0250s ]
SQL: SELECT * FROM `fanwe_family_settlement_history` WHERE `expect_date` = '2017-08-16' ORDER BY id desc LIMIT 0,20   [ RunTime:0.0230s ]
INFO: [ view_parse ] --START--
INFO: [ template_filter ] --START--
INFO: Run Behavior\ContentReplaceBehavior [ RunTime:0.000000s ]
INFO: [ template_filter ] --END-- [ RunTime:0.000000s ]
INFO: Run Behavior\ParseTemplateBehavior [ RunTime:0.014000s ]
INFO: [ view_parse ] --END-- [ RunTime:0.014000s ]
INFO: [ view_filter ] --START--
INFO: Run Behavior\WriteHtmlCacheBehavior [ RunTime:0.000000s ]
INFO: [ view_filter ] --END-- [ RunTime:0.000000s ]
INFO: [ app_end ] --START--
INFO: Run Behavior\ShowPageTraceBehavior [ RunTime:0.000000s ]
INFO: [ app_end ] --END-- [ RunTime:0.001000s ]

[ 2017-08-18T09:24:37+08:00 ] ::1 /caiwu/index.php/home/index/account_list.html
INFO: [ app_init ] --START--
INFO: Run Behavior\BuildLiteBehavior [ RunTime:0.000000s ]
INFO: [ app_init ] --END-- [ RunTime:0.001000s ]
INFO: [ app_begin ] --START--
INFO: Run Behavior\ReadHtmlCacheBehavior [ RunTime:0.001000s ]
INFO: [ app_begin ] --END-- [ RunTime:0.001000s ]
NOTIC: [8] Undefined index: type D:\phpStudy\WWW\caiwu\Application\Home\Controller\IndexController.class.php 第 908 行.
SQL: SHOW COLUMNS FROM `fanwe_family_settlement_history` [ RunTime:0.0060s ]
SQL: SELECT COUNT(*) AS tp_count FROM `fanwe_family_settlement_history` WHERE `expect_date` = '2017-08-16' LIMIT 1   [ RunTime:0.0060s ]
SQL: SELECT * FROM `fanwe_family_settlement_history` WHERE `expect_date` = '2017-08-16' ORDER BY id desc LIMIT 0,20   [ RunTime:0.0070s ]
INFO: [ view_parse ] --START--
INFO: [ template_filter ] --START--
INFO: Run Behavior\ContentReplaceBehavior [ RunTime:0.001000s ]
INFO: [ template_filter ] --END-- [ RunTime:0.001000s ]
INFO: Run Behavior\ParseTemplateBehavior [ RunTime:0.018000s ]
INFO: [ view_parse ] --END-- [ RunTime:0.018000s ]
INFO: [ view_filter ] --START--
INFO: Run Behavior\WriteHtmlCacheBehavior [ RunTime:0.001000s ]
INFO: [ view_filter ] --END-- [ RunTime:0.001000s ]
INFO: [ app_end ] --START--
INFO: Run Behavior\ShowPageTraceBehavior [ RunTime:0.001000s ]
INFO: [ app_end ] --END-- [ RunTime:0.001000s ]

[ 2017-08-18T09:24:43+08:00 ] ::1 /caiwu/index.php/home/index/account_list.html?type=3&st=2017-7-16&search_name=
INFO: [ app_init ] --START--
INFO: Run Behavior\BuildLiteBehavior [ RunTime:0.000000s ]
INFO: [ app_init ] --END-- [ RunTime:0.001000s ]
INFO: [ app_begin ] --START--
INFO: Run Behavior\ReadHtmlCacheBehavior [ RunTime:0.001000s ]
INFO: [ app_begin ] --END-- [ RunTime:0.001000s ]
SQL: SHOW COLUMNS FROM `fanwe_family_settlement_history` [ RunTime:0.0100s ]
SQL: SELECT COUNT(*) AS tp_count FROM `fanwe_family_settlement_history` WHERE `expect_date` = '2017-7-16' LIMIT 1   [ RunTime:0.0060s ]
SQL: SELECT * FROM `fanwe_family_settlement_history` WHERE `expect_date` = '2017-7-16' ORDER BY id desc LIMIT 0,20   [ RunTime:0.0070s ]
INFO: [ view_parse ] --START--
INFO: [ template_filter ] --START--
INFO: Run Behavior\ContentReplaceBehavior [ RunTime:0.001000s ]
INFO: [ template_filter ] --END-- [ RunTime:0.001000s ]
INFO: Run Behavior\ParseTemplateBehavior [ RunTime:0.025000s ]
INFO: [ view_parse ] --END-- [ RunTime:0.025000s ]
INFO: [ view_filter ] --START--
INFO: Run Behavior\WriteHtmlCacheBehavior [ RunTime:0.001000s ]
INFO: [ view_filter ] --END-- [ RunTime:0.001000s ]
INFO: [ app_end ] --START--
INFO: Run Behavior\ShowPageTraceBehavior [ RunTime:0.001000s ]
INFO: [ app_end ] --END-- [ RunTime:0.002000s ]

[ 2017-08-18T09:26:04+08:00 ] ::1 /caiwu/index.php/home/index/account_list.html?type=3&st=2017-8-1&search_name=
INFO: [ app_init ] --START--
INFO: Run Behavior\BuildLiteBehavior [ RunTime:0.000000s ]
INFO: [ app_init ] --END-- [ RunTime:0.000000s ]
INFO: [ app_begin ] --START--
INFO: Run Behavior\ReadHtmlCacheBehavior [ RunTime:0.001000s ]
INFO: [ app_begin ] --END-- [ RunTime:0.001000s ]
SQL: SHOW COLUMNS FROM `fanwe_family_settlement_history` [ RunTime:0.0090s ]
SQL: SELECT COUNT(*) AS tp_count FROM `fanwe_family_settlement_history` WHERE `expect_date` = '2017-8-1' LIMIT 1   [ RunTime:0.0060s ]
SQL: SELECT * FROM `fanwe_family_settlement_history` WHERE `expect_date` = '2017-8-1' ORDER BY id desc LIMIT 0,20   [ RunTime:0.0070s ]
INFO: [ view_parse ] --START--
INFO: [ template_filter ] --START--
INFO: Run Behavior\ContentReplaceBehavior [ RunTime:0.000000s ]
INFO: [ template_filter ] --END-- [ RunTime:0.000000s ]
INFO: Run Behavior\ParseTemplateBehavior [ RunTime:0.017000s ]
INFO: [ view_parse ] --END-- [ RunTime:0.017000s ]
INFO: [ view_filter ] --START--
INFO: Run Behavior\WriteHtmlCacheBehavior [ RunTime:0.001000s ]
INFO: [ view_filter ] --END-- [ RunTime:0.001000s ]
INFO: [ app_end ] --START--
INFO: Run Behavior\ShowPageTraceBehavior [ RunTime:0.001000s ]
INFO: [ app_end ] --END-- [ RunTime:0.001000s ]

[ 2017-08-18T09:26:07+08:00 ] ::1 /caiwu/index.php/home/index/account_list.html
INFO: [ app_init ] --START--
INFO: Run Behavior\BuildLiteBehavior [ RunTime:0.000000s ]
INFO: [ app_init ] --END-- [ RunTime:0.001000s ]
INFO: [ app_begin ] --START--
INFO: Run Behavior\ReadHtmlCacheBehavior [ RunTime:0.001000s ]
INFO: [ app_begin ] --END-- [ RunTime:0.001000s ]
NOTIC: [8] Undefined index: type D:\phpStudy\WWW\caiwu\Application\Home\Controller\IndexController.class.php 第 908 行.
SQL: SHOW COLUMNS FROM `fanwe_family_settlement_history` [ RunTime:0.0080s ]
SQL: SELECT COUNT(*) AS tp_count FROM `fanwe_family_settlement_history` WHERE `expect_date` = '2017-08-16' LIMIT 1   [ RunTime:0.0080s ]
SQL: SELECT * FROM `fanwe_family_settlement_history` WHERE `expect_date` = '2017-08-16' ORDER BY id desc LIMIT 0,20   [ RunTime:0.0110s ]
INFO: [ view_parse ] --START--
INFO: [ template_filter ] --START--
INFO: Run Behavior\ContentReplaceBehavior [ RunTime:0.000000s ]
INFO: [ template_filter ] --END-- [ RunTime:0.000000s ]
INFO: Run Behavior\ParseTemplateBehavior [ RunTime:0.007000s ]
INFO: [ view_parse ] --END-- [ RunTime:0.007000s ]
INFO: [ view_filter ] --START--
INFO: Run Behavior\WriteHtmlCacheBehavior [ RunTime:0.000000s ]
INFO: [ view_filter ] --END-- [ RunTime:0.000000s ]
INFO: [ app_end ] --START--
INFO: Run Behavior\ShowPageTraceBehavior [ RunTime:0.001000s ]
INFO: [ app_end ] --END-- [ RunTime:0.001000s ]

[ 2017-08-18T09:27:17+08:00 ] ::1 /caiwu/index.php/home/index/account_list.html
INFO: [ app_init ] --START--
INFO: Run Behavior\BuildLiteBehavior [ RunTime:0.000000s ]
INFO: [ app_init ] --END-- [ RunTime:0.000000s ]
INFO: [ app_begin ] --START--
INFO: Run Behavior\ReadHtmlCacheBehavior [ RunTime:0.001000s ]
INFO: [ app_begin ] --END-- [ RunTime:0.001000s ]
NOTIC: [8] Undefined index: type D:\phpStudy\WWW\caiwu\Application\Home\Controller\IndexController.class.php 第 908 行.
SQL: SHOW COLUMNS FROM `fanwe_family_settlement_history` [ RunTime:0.0060s ]
SQL: SELECT COUNT(*) AS tp_count FROM `fanwe_family_settlement_history` WHERE `expect_date` = '2017-08-16' LIMIT 1   [ RunTime:0.0050s ]
SQL: SELECT * FROM `fanwe_family_settlement_history` WHERE `expect_date` = '2017-08-16' ORDER BY id desc LIMIT 0,20   [ RunTime:0.0060s ]
INFO: [ view_parse ] --START--
INFO: [ template_filter ] --START--
INFO: Run Behavior\ContentReplaceBehavior [ RunTime:0.001000s ]
INFO: [ template_filter ] --END-- [ RunTime:0.001000s ]
INFO: Run Behavior\ParseTemplateBehavior [ RunTime:0.013000s ]
INFO: [ view_parse ] --END-- [ RunTime:0.013000s ]
INFO: [ view_filter ] --START--
INFO: Run Behavior\WriteHtmlCacheBehavior [ RunTime:0.001000s ]
INFO: [ view_filter ] --END-- [ RunTime:0.001000s ]
INFO: [ app_end ] --START--
INFO: Run Behavior\ShowPageTraceBehavior [ RunTime:0.001000s ]
INFO: [ app_end ] --END-- [ RunTime:0.001000s ]

[ 2017-08-18T09:32:40+08:00 ] ::1 /caiwu/index.php/home/index/account_list.html
INFO: [ app_init ] --START--
INFO: Run Behavior\BuildLiteBehavior [ RunTime:0.000000s ]
INFO: [ app_init ] --END-- [ RunTime:0.000000s ]
INFO: [ app_begin ] --START--
INFO: Run Behavior\ReadHtmlCacheBehavior [ RunTime:0.001000s ]
INFO: [ app_begin ] --END-- [ RunTime:0.001000s ]

[ 2017-08-18T09:32:45+08:00 ] ::1 /caiwu/index.php/home/index/account_list.html
INFO: [ app_init ] --START--
INFO: Run Behavior\BuildLiteBehavior [ RunTime:0.000000s ]
INFO: [ app_init ] --END-- [ RunTime:0.001000s ]
INFO: [ app_begin ] --START--
INFO: Run Behavior\ReadHtmlCacheBehavior [ RunTime:0.001000s ]
INFO: [ app_begin ] --END-- [ RunTime:0.001000s ]
NOTIC: [8] Undefined index: type D:\phpStudy\WWW\caiwu\Application\Home\Controller\IndexController.class.php 第 908 行.
SQL: SHOW COLUMNS FROM `fanwe_family_settlement_history` [ RunTime:0.0240s ]
SQL: SELECT COUNT(*) AS tp_count FROM `fanwe_family_settlement_history` WHERE `expect_date` = '2017-08-16' LIMIT 1   [ RunTime:0.3310s ]
SQL: SELECT * FROM `fanwe_family_settlement_history` WHERE `expect_date` = '2017-08-16' ORDER BY id desc LIMIT 0,20   [ RunTime:0.0240s ]
INFO: [ view_parse ] --START--
INFO: [ template_filter ] --START--
INFO: Run Behavior\ContentReplaceBehavior [ RunTime:0.001000s ]
INFO: [ template_filter ] --END-- [ RunTime:0.001000s ]
INFO: Run Behavior\ParseTemplateBehavior [ RunTime:0.043000s ]
INFO: [ view_parse ] --END-- [ RunTime:0.043000s ]
INFO: [ view_filter ] --START--
INFO: Run Behavior\WriteHtmlCacheBehavior [ RunTime:0.000000s ]
INFO: [ view_filter ] --END-- [ RunTime:0.000000s ]
INFO: [ app_end ] --START--
INFO: Run Behavior\ShowPageTraceBehavior [ RunTime:0.001000s ]
INFO: [ app_end ] --END-- [ RunTime:0.001000s ]

[ 2017-08-18T09:32:51+08:00 ] ::1 /caiwu/index.php/home/index/account_list.html?type=3&st=2017-8-1&search_name=
INFO: [ app_init ] --START--
INFO: Run Behavior\BuildLiteBehavior [ RunTime:0.001000s ]
INFO: [ app_init ] --END-- [ RunTime:0.001000s ]
INFO: [ app_begin ] --START--
INFO: Run Behavior\ReadHtmlCacheBehavior [ RunTime:0.001000s ]
INFO: [ app_begin ] --END-- [ RunTime:0.001000s ]
SQL: SHOW COLUMNS FROM `fanwe_family_settlement_history` [ RunTime:0.0310s ]
SQL: SELECT COUNT(*) AS tp_count FROM `fanwe_family_settlement_history` WHERE `expect_date` = '2017-8-1' LIMIT 1   [ RunTime:0.0300s ]
SQL: SELECT * FROM `fanwe_family_settlement_history` WHERE `expect_date` = '2017-8-1' ORDER BY id desc LIMIT 0,20   [ RunTime:0.0320s ]
INFO: [ view_parse ] --START--
INFO: [ template_filter ] --START--
INFO: Run Behavior\ContentReplaceBehavior [ RunTime:0.000000s ]
INFO: [ template_filter ] --END-- [ RunTime:0.000000s ]
INFO: Run Behavior\ParseTemplateBehavior [ RunTime:0.020000s ]
INFO: [ view_parse ] --END-- [ RunTime:0.020000s ]
INFO: [ view_filter ] --START--
INFO: Run Behavior\WriteHtmlCacheBehavior [ RunTime:0.001000s ]
INFO: [ view_filter ] --END-- [ RunTime:0.001000s ]
INFO: [ app_end ] --START--
INFO: Run Behavior\ShowPageTraceBehavior [ RunTime:0.001000s ]
INFO: [ app_end ] --END-- [ RunTime:0.001000s ]

[ 2017-08-18T09:34:14+08:00 ] ::1 /caiwu/index.php/home/index/account_list.html?type=3&st=2017-8-1&search_name=
INFO: [ app_init ] --START--
INFO: Run Behavior\BuildLiteBehavior [ RunTime:0.000000s ]
INFO: [ app_init ] --END-- [ RunTime:0.000000s ]
INFO: [ app_begin ] --START--
INFO: Run Behavior\ReadHtmlCacheBehavior [ RunTime:0.001000s ]
INFO: [ app_begin ] --END-- [ RunTime:0.001000s ]
SQL: SHOW COLUMNS FROM `fanwe_family_settlement_history` [ RunTime:0.0190s ]
SQL: SELECT COUNT(*) AS tp_count FROM `fanwe_family_settlement_history` WHERE `expect_date` = '2017-8-1' LIMIT 1   [ RunTime:0.0310s ]
SQL: SELECT * FROM `fanwe_family_settlement_history` WHERE `expect_date` = '2017-8-1' ORDER BY id desc LIMIT 0,20   [ RunTime:0.0210s ]
INFO: [ view_parse ] --START--
INFO: [ template_filter ] --START--
INFO: Run Behavior\ContentReplaceBehavior [ RunTime:0.000000s ]
INFO: [ template_filter ] --END-- [ RunTime:0.000000s ]
INFO: Run Behavior\ParseTemplateBehavior [ RunTime:0.043000s ]
INFO: [ view_parse ] --END-- [ RunTime:0.043000s ]
INFO: [ view_filter ] --START--
INFO: Run Behavior\WriteHtmlCacheBehavior [ RunTime:0.000000s ]
INFO: [ view_filter ] --END-- [ RunTime:0.000000s ]
INFO: [ app_end ] --START--
INFO: Run Behavior\ShowPageTraceBehavior [ RunTime:0.001000s ]
INFO: [ app_end ] --END-- [ RunTime:0.001000s ]

[ 2017-08-18T09:35:52+08:00 ] ::1 /caiwu/index.php/home/index/account_list.html
INFO: [ app_init ] --START--
INFO: Run Behavior\BuildLiteBehavior [ RunTime:0.000000s ]
INFO: [ app_init ] --END-- [ RunTime:0.001000s ]
INFO: [ app_begin ] --START--
INFO: Run Behavior\ReadHtmlCacheBehavior [ RunTime:0.002000s ]
INFO: [ app_begin ] --END-- [ RunTime:0.002000s ]
NOTIC: [8] Undefined index: type D:\phpStudy\WWW\caiwu\Application\Home\Controller\IndexController.class.php 第 908 行.
SQL: SHOW COLUMNS FROM `fanwe_family_settlement_history` [ RunTime:0.0220s ]
SQL: SELECT COUNT(*) AS tp_count FROM `fanwe_family_settlement_history` WHERE `expect_date` = '2017-08-16' LIMIT 1   [ RunTime:0.3330s ]
SQL: SELECT * FROM `fanwe_family_settlement_history` WHERE `expect_date` = '2017-08-16' ORDER BY id desc LIMIT 0,20   [ RunTime:0.0400s ]
INFO: [ view_parse ] --START--
INFO: [ template_filter ] --START--
INFO: Run Behavior\ContentReplaceBehavior [ RunTime:0.001000s ]
INFO: [ template_filter ] --END-- [ RunTime:0.001000s ]
INFO: Run Behavior\ParseTemplateBehavior [ RunTime:0.024000s ]
INFO: [ view_parse ] --END-- [ RunTime:0.024000s ]
INFO: [ view_filter ] --START--
INFO: Run Behavior\WriteHtmlCacheBehavior [ RunTime:0.001000s ]
INFO: [ view_filter ] --END-- [ RunTime:0.001000s ]
INFO: [ app_end ] --START--
INFO: Run Behavior\ShowPageTraceBehavior [ RunTime:0.002000s ]
INFO: [ app_end ] --END-- [ RunTime:0.002000s ]

[ 2017-08-18T10:48:27+08:00 ] ::1 /caiwu/index.php/home/index/account_list.html
INFO: [ app_init ] --START--
INFO: Run Behavior\BuildLiteBehavior [ RunTime:0.000000s ]
INFO: [ app_init ] --END-- [ RunTime:0.000000s ]
INFO: [ app_begin ] --START--
INFO: Run Behavior\ReadHtmlCacheBehavior [ RunTime:0.000000s ]
INFO: [ app_begin ] --END-- [ RunTime:0.000000s ]
NOTIC: [8] Undefined index: type D:\phpStudy\WWW\caiwu\Application\Home\Controller\IndexController.class.php 第 908 行.
SQL: SHOW COLUMNS FROM `fanwe_family_settlement_history` [ RunTime:0.0240s ]
SQL: SELECT COUNT(*) AS tp_count FROM `fanwe_family_settlement_history` WHERE `expect_date` = '2017-08-16' LIMIT 1   [ RunTime:0.0230s ]
SQL: SELECT * FROM `fanwe_family_settlement_history` WHERE `expect_date` = '2017-08-16' ORDER BY id desc LIMIT 0,20   [ RunTime:0.0250s ]
INFO: [ view_parse ] --START--
INFO: [ template_filter ] --START--
INFO: Run Behavior\ContentReplaceBehavior [ RunTime:0.000000s ]
INFO: [ template_filter ] --END-- [ RunTime:0.001000s ]
INFO: Run Behavior\ParseTemplateBehavior [ RunTime:0.038000s ]
INFO: [ view_parse ] --END-- [ RunTime:0.038000s ]
INFO: [ view_filter ] --START--
INFO: Run Behavior\WriteHtmlCacheBehavior [ RunTime:0.001000s ]
INFO: [ view_filter ] --END-- [ RunTime:0.001000s ]
INFO: [ app_end ] --START--
INFO: Run Behavior\ShowPageTraceBehavior [ RunTime:0.000000s ]
INFO: [ app_end ] --END-- [ RunTime:0.000000s ]

[ 2017-08-18T10:48:38+08:00 ] ::1 /caiwu/index.php/home/index/account_list.html?type=3&st=2017-08-16&search_name=
INFO: [ app_init ] --START--
INFO: Run Behavior\BuildLiteBehavior [ RunTime:0.000000s ]
INFO: [ app_init ] --END-- [ RunTime:0.001000s ]
INFO: [ app_begin ] --START--
INFO: Run Behavior\ReadHtmlCacheBehavior [ RunTime:0.001000s ]
INFO: [ app_begin ] --END-- [ RunTime:0.001000s ]
SQL: SHOW COLUMNS FROM `fanwe_family_settlement_history` [ RunTime:0.0170s ]
SQL: SELECT COUNT(*) AS tp_count FROM `fanwe_family_settlement_history` WHERE `expect_date` = '2017-08-16' LIMIT 1   [ RunTime:0.0220s ]
SQL: SELECT * FROM `fanwe_family_settlement_history` WHERE `expect_date` = '2017-08-16' ORDER BY id desc LIMIT 0,20   [ RunTime:0.0180s ]
INFO: [ view_parse ] --START--
INFO: [ template_filter ] --START--
INFO: Run Behavior\ContentReplaceBehavior [ RunTime:0.000000s ]
INFO: [ template_filter ] --END-- [ RunTime:0.000000s ]
INFO: Run Behavior\ParseTemplateBehavior [ RunTime:0.007000s ]
INFO: [ view_parse ] --END-- [ RunTime:0.007000s ]
INFO: [ view_filter ] --START--
INFO: Run Behavior\WriteHtmlCacheBehavior [ RunTime:0.000000s ]
INFO: [ view_filter ] --END-- [ RunTime:0.000000s ]
INFO: [ app_end ] --START--
INFO: Run Behavior\ShowPageTraceBehavior [ RunTime:0.001000s ]
INFO: [ app_end ] --END-- [ RunTime:0.001000s ]

[ 2017-08-18T10:49:10+08:00 ] ::1 /caiwu/index.php/home/index/account_list.html
INFO: [ app_init ] --START--
INFO: Run Behavior\BuildLiteBehavior [ RunTime:0.000000s ]
INFO: [ app_init ] --END-- [ RunTime:0.000000s ]
INFO: [ app_begin ] --START--
INFO: Run Behavior\ReadHtmlCacheBehavior [ RunTime:0.000000s ]
INFO: [ app_begin ] --END-- [ RunTime:0.000000s ]
NOTIC: [8] Undefined index: type D:\phpStudy\WWW\caiwu\Application\Home\Controller\IndexController.class.php 第 908 行.
SQL: SHOW COLUMNS FROM `fanwe_family_settlement_history` [ RunTime:0.0110s ]
SQL: SELECT COUNT(*) AS tp_count FROM `fanwe_family_settlement_history` WHERE `expect_date` = '2017-08-16' LIMIT 1   [ RunTime:0.0110s ]
SQL: SELECT * FROM `fanwe_family_settlement_history` WHERE `expect_date` = '2017-08-16' ORDER BY id desc LIMIT 0,20   [ RunTime:0.0070s ]
INFO: [ view_parse ] --START--
INFO: [ template_filter ] --START--
INFO: Run Behavior\ContentReplaceBehavior [ RunTime:0.000000s ]
INFO: [ template_filter ] --END-- [ RunTime:0.000000s ]
INFO: Run Behavior\ParseTemplateBehavior [ RunTime:0.019000s ]
INFO: [ view_parse ] --END-- [ RunTime:0.019000s ]
INFO: [ view_filter ] --START--
INFO: Run Behavior\WriteHtmlCacheBehavior [ RunTime:0.000000s ]
INFO: [ view_filter ] --END-- [ RunTime:0.000000s ]
INFO: [ app_end ] --START--
INFO: Run Behavior\ShowPageTraceBehavior [ RunTime:0.001000s ]
INFO: [ app_end ] --END-- [ RunTime:0.002000s ]

[ 2017-08-18T10:49:16+08:00 ] ::1 /caiwu/index.php/home/index/account_list.html?type=3&st=2017-8-1&search_name=
INFO: [ app_init ] --START--
INFO: Run Behavior\BuildLiteBehavior [ RunTime:0.000000s ]
INFO: [ app_init ] --END-- [ RunTime:0.001000s ]
INFO: [ app_begin ] --START--
INFO: Run Behavior\ReadHtmlCacheBehavior [ RunTime:0.000000s ]
INFO: [ app_begin ] --END-- [ RunTime:0.000000s ]
SQL: SHOW COLUMNS FROM `fanwe_family_settlement_history` [ RunTime:0.0090s ]
SQL: SELECT COUNT(*) AS tp_count FROM `fanwe_family_settlement_history` WHERE `expect_date` = '2017-8-1' LIMIT 1   [ RunTime:0.0080s ]
SQL: SELECT * FROM `fanwe_family_settlement_history` WHERE `expect_date` = '2017-8-1' ORDER BY id desc LIMIT 0,20   [ RunTime:0.0130s ]
INFO: [ view_parse ] --START--
INFO: [ template_filter ] --START--
INFO: Run Behavior\ContentReplaceBehavior [ RunTime:0.001000s ]
INFO: [ template_filter ] --END-- [ RunTime:0.001000s ]
INFO: Run Behavior\ParseTemplateBehavior [ RunTime:0.019000s ]
INFO: [ view_parse ] --END-- [ RunTime:0.019000s ]
INFO: [ view_filter ] --START--
INFO: Run Behavior\WriteHtmlCacheBehavior [ RunTime:0.001000s ]
INFO: [ view_filter ] --END-- [ RunTime:0.001000s ]
INFO: [ app_end ] --START--
INFO: Run Behavior\ShowPageTraceBehavior [ RunTime:0.001000s ]
INFO: [ app_end ] --END-- [ RunTime:0.001000s ]

[ 2017-08-18T10:54:11+08:00 ] ::1 /caiwu/index.php/home/index/account_list.html
INFO: [ app_init ] --START--
INFO: Run Behavior\BuildLiteBehavior [ RunTime:0.000000s ]
INFO: [ app_init ] --END-- [ RunTime:0.001000s ]
INFO: [ app_begin ] --START--
INFO: Run Behavior\ReadHtmlCacheBehavior [ RunTime:0.001000s ]
INFO: [ app_begin ] --END-- [ RunTime:0.001000s ]
NOTIC: [8] Undefined index: type D:\phpStudy\WWW\caiwu\Application\Home\Controller\IndexController.class.php 第 908 行.
SQL: SHOW COLUMNS FROM `fanwe_family_settlement_history` [ RunTime:0.0060s ]
SQL: SELECT COUNT(*) AS tp_count FROM `fanwe_family_settlement_history` WHERE `expect_date` = '2017-08-16' LIMIT 1   [ RunTime:0.0050s ]
SQL: SELECT * FROM `fanwe_family_settlement_history` WHERE `expect_date` = '2017-08-16' ORDER BY id desc LIMIT 0,20   [ RunTime:0.0060s ]
INFO: [ view_parse ] --START--
INFO: [ template_filter ] --START--
INFO: Run Behavior\ContentReplaceBehavior [ RunTime:0.000000s ]
INFO: [ template_filter ] --END-- [ RunTime:0.000000s ]
INFO: Run Behavior\ParseTemplateBehavior [ RunTime:0.018000s ]
INFO: [ view_parse ] --END-- [ RunTime:0.018000s ]
INFO: [ view_filter ] --START--
INFO: Run Behavior\WriteHtmlCacheBehavior [ RunTime:0.000000s ]
INFO: [ view_filter ] --END-- [ RunTime:0.000000s ]
INFO: [ app_end ] --START--
INFO: Run Behavior\ShowPageTraceBehavior [ RunTime:0.001000s ]
INFO: [ app_end ] --END-- [ RunTime:0.001000s ]

[ 2017-08-18T10:54:15+08:00 ] ::1 /caiwu/index.php/home/index/account_list.html?type=3&st=2017-8-1&search_name=
INFO: [ app_init ] --START--
INFO: Run Behavior\BuildLiteBehavior [ RunTime:0.000000s ]
INFO: [ app_init ] --END-- [ RunTime:0.001000s ]
INFO: [ app_begin ] --START--
INFO: Run Behavior\ReadHtmlCacheBehavior [ RunTime:0.001000s ]
INFO: [ app_begin ] --END-- [ RunTime:0.001000s ]
SQL: SHOW COLUMNS FROM `fanwe_family_settlement_history` [ RunTime:0.0050s ]
SQL: SELECT COUNT(*) AS tp_count FROM `fanwe_family_settlement_history` WHERE `expect_date` = '2017-8-1' LIMIT 1   [ RunTime:0.0050s ]
SQL: SELECT * FROM `fanwe_family_settlement_history` WHERE `expect_date` = '2017-8-1' ORDER BY id desc LIMIT 0,20   [ RunTime:0.0060s ]
INFO: [ view_parse ] --START--
INFO: [ template_filter ] --START--
INFO: Run Behavior\ContentReplaceBehavior [ RunTime:0.000000s ]
INFO: [ template_filter ] --END-- [ RunTime:0.000000s ]
INFO: Run Behavior\ParseTemplateBehavior [ RunTime:0.012000s ]
INFO: [ view_parse ] --END-- [ RunTime:0.012000s ]
INFO: [ view_filter ] --START--
INFO: Run Behavior\WriteHtmlCacheBehavior [ RunTime:0.001000s ]
INFO: [ view_filter ] --END-- [ RunTime:0.001000s ]
INFO: [ app_end ] --START--
INFO: Run Behavior\ShowPageTraceBehavior [ RunTime:0.001000s ]
INFO: [ app_end ] --END-- [ RunTime:0.001000s ]

[ 2017-08-18T10:58:23+08:00 ] ::1 /caiwu/index.php/home/index/family_add.html
INFO: [ app_init ] --START--
INFO: Run Behavior\BuildLiteBehavior [ RunTime:0.000000s ]
INFO: [ app_init ] --END-- [ RunTime:0.000000s ]
INFO: [ app_begin ] --START--
INFO: Run Behavior\ReadHtmlCacheBehavior [ RunTime:0.001000s ]
INFO: [ app_begin ] --END-- [ RunTime:0.001000s ]
INFO: [ view_parse ] --START--
INFO: [ template_filter ] --START--
INFO: Run Behavior\ContentReplaceBehavior [ RunTime:0.000000s ]
INFO: [ template_filter ] --END-- [ RunTime:0.000000s ]
INFO: Run Behavior\ParseTemplateBehavior [ RunTime:0.022000s ]
INFO: [ view_parse ] --END-- [ RunTime:0.022000s ]
INFO: [ view_filter ] --START--
INFO: Run Behavior\WriteHtmlCacheBehavior [ RunTime:0.000000s ]
INFO: [ view_filter ] --END-- [ RunTime:0.001000s ]
INFO: [ app_end ] --START--
INFO: Run Behavior\ShowPageTraceBehavior [ RunTime:0.000000s ]
INFO: [ app_end ] --END-- [ RunTime:0.000000s ]

[ 2017-08-18T10:58:24+08:00 ] ::1 /caiwu/index.php/home/index/account_list.html
INFO: [ app_init ] --START--
INFO: Run Behavior\BuildLiteBehavior [ RunTime:0.000000s ]
INFO: [ app_init ] --END-- [ RunTime:0.000000s ]
INFO: [ app_begin ] --START--
INFO: Run Behavior\ReadHtmlCacheBehavior [ RunTime:0.000000s ]
INFO: [ app_begin ] --END-- [ RunTime:0.000000s ]
NOTIC: [8] Undefined index: type D:\phpStudy\WWW\caiwu\Application\Home\Controller\IndexController.class.php 第 908 行.
SQL: SHOW COLUMNS FROM `fanwe_family_settlement_history` [ RunTime:0.0060s ]
SQL: SELECT COUNT(*) AS tp_count FROM `fanwe_family_settlement_history` WHERE `expect_date` = '2017-08-16' LIMIT 1   [ RunTime:0.0080s ]
SQL: SELECT * FROM `fanwe_family_settlement_history` WHERE `expect_date` = '2017-08-16' ORDER BY id desc LIMIT 0,20   [ RunTime:0.0120s ]
INFO: [ view_parse ] --START--
INFO: [ template_filter ] --START--
INFO: Run Behavior\ContentReplaceBehavior [ RunTime:0.000000s ]
INFO: [ template_filter ] --END-- [ RunTime:0.001000s ]
INFO: Run Behavior\ParseTemplateBehavior [ RunTime:0.006000s ]
INFO: [ view_parse ] --END-- [ RunTime:0.006000s ]
INFO: [ view_filter ] --START--
INFO: Run Behavior\WriteHtmlCacheBehavior [ RunTime:0.000000s ]
INFO: [ view_filter ] --END-- [ RunTime:0.000000s ]
INFO: [ app_end ] --START--
INFO: Run Behavior\ShowPageTraceBehavior [ RunTime:0.000000s ]
INFO: [ app_end ] --END-- [ RunTime:0.000000s ]

[ 2017-08-18T11:03:27+08:00 ] ::1 /caiwu/index.php/home/index/account_list.html
INFO: [ app_init ] --START--
INFO: Run Behavior\BuildLiteBehavior [ RunTime:0.000000s ]
INFO: [ app_init ] --END-- [ RunTime:0.001000s ]
INFO: [ app_begin ] --START--
INFO: Run Behavior\ReadHtmlCacheBehavior [ RunTime:0.001000s ]
INFO: [ app_begin ] --END-- [ RunTime:0.001000s ]
NOTIC: [8] Undefined index: type D:\phpStudy\WWW\caiwu\Application\Home\Controller\IndexController.class.php 第 908 行.
SQL: SHOW COLUMNS FROM `fanwe_family_settlement_history` [ RunTime:0.0140s ]
SQL: SELECT COUNT(*) AS tp_count FROM `fanwe_family_settlement_history` WHERE `expect_date` = '2017-08-16' LIMIT 1   [ RunTime:0.0100s ]
SQL: SELECT * FROM `fanwe_family_settlement_history` WHERE `expect_date` = '2017-08-16' ORDER BY id desc LIMIT 0,20   [ RunTime:0.0060s ]
INFO: [ view_parse ] --START--
INFO: [ template_filter ] --START--
INFO: Run Behavior\ContentReplaceBehavior [ RunTime:0.000000s ]
INFO: [ template_filter ] --END-- [ RunTime:0.001000s ]
INFO: Run Behavior\ParseTemplateBehavior [ RunTime:0.023000s ]
INFO: [ view_parse ] --END-- [ RunTime:0.023000s ]
INFO: [ view_filter ] --START--
INFO: Run Behavior\WriteHtmlCacheBehavior [ RunTime:0.000000s ]
INFO: [ view_filter ] --END-- [ RunTime:0.001000s ]
INFO: [ app_end ] --START--
INFO: Run Behavior\ShowPageTraceBehavior [ RunTime:0.001000s ]
INFO: [ app_end ] --END-- [ RunTime:0.001000s ]

[ 2017-08-18T11:03:30+08:00 ] ::1 /caiwu/index.php/home/index/account_list.html?type=3&st=2017-8-1&search_name=
INFO: [ app_init ] --START--
INFO: Run Behavior\BuildLiteBehavior [ RunTime:0.000000s ]
INFO: [ app_init ] --END-- [ RunTime:0.000000s ]
INFO: [ app_begin ] --START--
INFO: Run Behavior\ReadHtmlCacheBehavior [ RunTime:0.001000s ]
INFO: [ app_begin ] --END-- [ RunTime:0.001000s ]
SQL: SHOW COLUMNS FROM `fanwe_family_settlement_history` [ RunTime:0.0050s ]
SQL: SELECT COUNT(*) AS tp_count FROM `fanwe_family_settlement_history` WHERE `expect_date` = '2017-8-1' LIMIT 1   [ RunTime:0.0060s ]
SQL: SELECT * FROM `fanwe_family_settlement_history` WHERE `expect_date` = '2017-8-1' ORDER BY id desc LIMIT 0,20   [ RunTime:0.0090s ]
INFO: [ view_parse ] --START--
INFO: [ template_filter ] --START--
INFO: Run Behavior\ContentReplaceBehavior [ RunTime:0.000000s ]
INFO: [ template_filter ] --END-- [ RunTime:0.000000s ]
INFO: Run Behavior\ParseTemplateBehavior [ RunTime:0.013000s ]
INFO: [ view_parse ] --END-- [ RunTime:0.013000s ]
INFO: [ view_filter ] --START--
INFO: Run Behavior\WriteHtmlCacheBehavior [ RunTime:0.000000s ]
INFO: [ view_filter ] --END-- [ RunTime:0.000000s ]
INFO: [ app_end ] --START--
INFO: Run Behavior\ShowPageTraceBehavior [ RunTime:0.001000s ]
INFO: [ app_end ] --END-- [ RunTime:0.001000s ]

[ 2017-08-18T11:04:25+08:00 ] ::1 /caiwu/index.php/home/index/account_list.html
INFO: [ app_init ] --START--
INFO: Run Behavior\BuildLiteBehavior [ RunTime:0.000000s ]
INFO: [ app_init ] --END-- [ RunTime:0.001000s ]
INFO: [ app_begin ] --START--
INFO: Run Behavior\ReadHtmlCacheBehavior [ RunTime:0.001000s ]
INFO: [ app_begin ] --END-- [ RunTime:0.001000s ]
NOTIC: [8] Undefined index: type D:\phpStudy\WWW\caiwu\Application\Home\Controller\IndexController.class.php 第 908 行.
SQL: SHOW COLUMNS FROM `fanwe_family_settlement_history` [ RunTime:0.0090s ]
SQL: SELECT COUNT(*) AS tp_count FROM `fanwe_family_settlement_history` WHERE `expect_date` = '2017-08-16' LIMIT 1   [ RunTime:0.0100s ]
SQL: SELECT * FROM `fanwe_family_settlement_history` WHERE `expect_date` = '2017-08-16' ORDER BY id desc LIMIT 0,20   [ RunTime:0.0200s ]
INFO: [ view_parse ] --START--
INFO: [ template_filter ] --START--
INFO: Run Behavior\ContentReplaceBehavior [ RunTime:0.000000s ]
INFO: [ template_filter ] --END-- [ RunTime:0.000000s ]
INFO: Run Behavior\ParseTemplateBehavior [ RunTime:0.016000s ]
INFO: [ view_parse ] --END-- [ RunTime:0.016000s ]
INFO: [ view_filter ] --START--
INFO: Run Behavior\WriteHtmlCacheBehavior [ RunTime:0.000000s ]
INFO: [ view_filter ] --END-- [ RunTime:0.000000s ]
INFO: [ app_end ] --START--
INFO: Run Behavior\ShowPageTraceBehavior [ RunTime:0.001000s ]
INFO: [ app_end ] --END-- [ RunTime:0.001000s ]

[ 2017-08-18T11:04:31+08:00 ] ::1 /caiwu/index.php/home/index/account_list.html
INFO: [ app_init ] --START--
INFO: Run Behavior\BuildLiteBehavior [ RunTime:0.000000s ]
INFO: [ app_init ] --END-- [ RunTime:0.000000s ]
INFO: [ app_begin ] --START--
INFO: Run Behavior\ReadHtmlCacheBehavior [ RunTime:0.001000s ]
INFO: [ app_begin ] --END-- [ RunTime:0.001000s ]
NOTIC: [8] Undefined index: type D:\phpStudy\WWW\caiwu\Application\Home\Controller\IndexController.class.php 第 908 行.
SQL: SHOW COLUMNS FROM `fanwe_family_settlement_history` [ RunTime:0.0070s ]
SQL: SELECT COUNT(*) AS tp_count FROM `fanwe_family_settlement_history` WHERE `expect_date` = '2017-08-16' LIMIT 1   [ RunTime:0.0070s ]
SQL: SELECT * FROM `fanwe_family_settlement_history` WHERE `expect_date` = '2017-08-16' ORDER BY id desc LIMIT 0,20   [ RunTime:0.0060s ]
INFO: [ view_parse ] --START--
INFO: [ template_filter ] --START--
INFO: Run Behavior\ContentReplaceBehavior [ RunTime:0.000000s ]
INFO: [ template_filter ] --END-- [ RunTime:0.001000s ]
INFO: Run Behavior\ParseTemplateBehavior [ RunTime:0.022000s ]
INFO: [ view_parse ] --END-- [ RunTime:0.022000s ]
INFO: [ view_filter ] --START--
INFO: Run Behavior\WriteHtmlCacheBehavior [ RunTime:0.001000s ]
INFO: [ view_filter ] --END-- [ RunTime:0.001000s ]
INFO: [ app_end ] --START--
INFO: Run Behavior\ShowPageTraceBehavior [ RunTime:0.001000s ]
INFO: [ app_end ] --END-- [ RunTime:0.002000s ]

[ 2017-08-18T11:04:43+08:00 ] ::1 /caiwu/index.php/home/index/account_list.html
INFO: [ app_init ] --START--
INFO: Run Behavior\BuildLiteBehavior [ RunTime:0.000000s ]
INFO: [ app_init ] --END-- [ RunTime:0.001000s ]
INFO: [ app_begin ] --START--
INFO: Run Behavior\ReadHtmlCacheBehavior [ RunTime:0.001000s ]
INFO: [ app_begin ] --END-- [ RunTime:0.001000s ]
NOTIC: [8] Undefined index: type D:\phpStudy\WWW\caiwu\Application\Home\Controller\IndexController.class.php 第 908 行.
SQL: SHOW COLUMNS FROM `fanwe_family_settlement_history` [ RunTime:0.0100s ]
SQL: SELECT COUNT(*) AS tp_count FROM `fanwe_family_settlement_history` WHERE `expect_date` = '2017-08-16' LIMIT 1   [ RunTime:0.0060s ]
SQL: SELECT * FROM `fanwe_family_settlement_history` WHERE `expect_date` = '2017-08-16' ORDER BY id desc LIMIT 0,20   [ RunTime:0.0060s ]
INFO: [ view_parse ] --START--
INFO: [ template_filter ] --START--
INFO: Run Behavior\ContentReplaceBehavior [ RunTime:0.000000s ]
INFO: [ template_filter ] --END-- [ RunTime:0.000000s ]
INFO: Run Behavior\ParseTemplateBehavior [ RunTime:0.021000s ]
INFO: [ view_parse ] --END-- [ RunTime:0.021000s ]
INFO: [ view_filter ] --START--
INFO: Run Behavior\WriteHtmlCacheBehavior [ RunTime:0.001000s ]
INFO: [ view_filter ] --END-- [ RunTime:0.001000s ]
INFO: [ app_end ] --START--
INFO: Run Behavior\ShowPageTraceBehavior [ RunTime:0.002000s ]
INFO: [ app_end ] --END-- [ RunTime:0.002000s ]

[ 2017-08-18T11:04:44+08:00 ] ::1 /caiwu/index.php/home/index/account_list.html
INFO: [ app_init ] --START--
INFO: Run Behavior\BuildLiteBehavior [ RunTime:0.000000s ]
INFO: [ app_init ] --END-- [ RunTime:0.000000s ]
INFO: [ app_begin ] --START--
INFO: Run Behavior\ReadHtmlCacheBehavior [ RunTime:0.001000s ]
INFO: [ app_begin ] --END-- [ RunTime:0.001000s ]
NOTIC: [8] Undefined index: type D:\phpStudy\WWW\caiwu\Application\Home\Controller\IndexController.class.php 第 908 行.
SQL: SHOW COLUMNS FROM `fanwe_family_settlement_history` [ RunTime:0.0080s ]
SQL: SELECT COUNT(*) AS tp_count FROM `fanwe_family_settlement_history` WHERE `expect_date` = '2017-08-16' LIMIT 1   [ RunTime:0.0050s ]
SQL: SELECT * FROM `fanwe_family_settlement_history` WHERE `expect_date` = '2017-08-16' ORDER BY id desc LIMIT 0,20   [ RunTime:0.0060s ]
INFO: [ view_parse ] --START--
INFO: [ template_filter ] --START--
INFO: Run Behavior\ContentReplaceBehavior [ RunTime:0.000000s ]
INFO: [ template_filter ] --END-- [ RunTime:0.000000s ]
INFO: Run Behavior\ParseTemplateBehavior [ RunTime:0.021000s ]
INFO: [ view_parse ] --END-- [ RunTime:0.021000s ]
INFO: [ view_filter ] --START--
INFO: Run Behavior\WriteHtmlCacheBehavior [ RunTime:0.000000s ]
INFO: [ view_filter ] --END-- [ RunTime:0.000000s ]
INFO: [ app_end ] --START--
INFO: Run Behavior\ShowPageTraceBehavior [ RunTime:0.001000s ]
INFO: [ app_end ] --END-- [ RunTime:0.001000s ]

[ 2017-08-18T11:04:54+08:00 ] ::1 /caiwu/index.php/home/index/account_list.html
INFO: [ app_init ] --START--
INFO: Run Behavior\BuildLiteBehavior [ RunTime:0.000000s ]
INFO: [ app_init ] --END-- [ RunTime:0.000000s ]
INFO: [ app_begin ] --START--
INFO: Run Behavior\ReadHtmlCacheBehavior [ RunTime:0.000000s ]
INFO: [ app_begin ] --END-- [ RunTime:0.000000s ]
NOTIC: [8] Undefined index: type D:\phpStudy\WWW\caiwu\Application\Home\Controller\IndexController.class.php 第 908 行.
SQL: SHOW COLUMNS FROM `fanwe_family_settlement_history` [ RunTime:0.0060s ]
SQL: SELECT COUNT(*) AS tp_count FROM `fanwe_family_settlement_history` WHERE `expect_date` = '2017-08-16' LIMIT 1   [ RunTime:0.0070s ]
SQL: SELECT * FROM `fanwe_family_settlement_history` WHERE `expect_date` = '2017-08-16' ORDER BY id desc LIMIT 0,20   [ RunTime:0.0110s ]
INFO: [ view_parse ] --START--
INFO: [ template_filter ] --START--
INFO: Run Behavior\ContentReplaceBehavior [ RunTime:0.000000s ]
INFO: [ template_filter ] --END-- [ RunTime:0.000000s ]
INFO: Run Behavior\ParseTemplateBehavior [ RunTime:0.018000s ]
INFO: [ view_parse ] --END-- [ RunTime:0.018000s ]
INFO: [ view_filter ] --START--
INFO: Run Behavior\WriteHtmlCacheBehavior [ RunTime:0.001000s ]
INFO: [ view_filter ] --END-- [ RunTime:0.001000s ]
INFO: [ app_end ] --START--
INFO: Run Behavior\ShowPageTraceBehavior [ RunTime:0.001000s ]
INFO: [ app_end ] --END-- [ RunTime:0.001000s ]

[ 2017-08-18T11:04:55+08:00 ] ::1 /caiwu/index.php/home/index/account_list.html
INFO: [ app_init ] --START--
INFO: Run Behavior\BuildLiteBehavior [ RunTime:0.000000s ]
INFO: [ app_init ] --END-- [ RunTime:0.001000s ]
INFO: [ app_begin ] --START--
INFO: Run Behavior\ReadHtmlCacheBehavior [ RunTime:0.001000s ]
INFO: [ app_begin ] --END-- [ RunTime:0.001000s ]
NOTIC: [8] Undefined index: type D:\phpStudy\WWW\caiwu\Application\Home\Controller\IndexController.class.php 第 908 行.
SQL: SHOW COLUMNS FROM `fanwe_family_settlement_history` [ RunTime:0.0060s ]
SQL: SELECT COUNT(*) AS tp_count FROM `fanwe_family_settlement_history` WHERE `expect_date` = '2017-08-16' LIMIT 1   [ RunTime:0.0050s ]
SQL: SELECT * FROM `fanwe_family_settlement_history` WHERE `expect_date` = '2017-08-16' ORDER BY id desc LIMIT 0,20   [ RunTime:0.0060s ]
INFO: [ view_parse ] --START--
INFO: [ template_filter ] --START--
INFO: Run Behavior\ContentReplaceBehavior [ RunTime:0.000000s ]
INFO: [ template_filter ] --END-- [ RunTime:0.000000s ]
INFO: Run Behavior\ParseTemplateBehavior [ RunTime:0.012000s ]
INFO: [ view_parse ] --END-- [ RunTime:0.012000s ]
INFO: [ view_filter ] --START--
INFO: Run Behavior\WriteHtmlCacheBehavior [ RunTime:0.001000s ]
INFO: [ view_filter ] --END-- [ RunTime:0.001000s ]
INFO: [ app_end ] --START--
INFO: Run Behavior\ShowPageTraceBehavior [ RunTime:0.001000s ]
INFO: [ app_end ] --END-- [ RunTime:0.001000s ]

[ 2017-08-18T11:04:56+08:00 ] ::1 /caiwu/index.php/home/index/account_list.html
INFO: [ app_init ] --START--
INFO: Run Behavior\BuildLiteBehavior [ RunTime:0.000000s ]
INFO: [ app_init ] --END-- [ RunTime:0.001000s ]
INFO: [ app_begin ] --START--
INFO: Run Behavior\ReadHtmlCacheBehavior [ RunTime:0.001000s ]
INFO: [ app_begin ] --END-- [ RunTime:0.001000s ]
NOTIC: [8] Undefined index: type D:\phpStudy\WWW\caiwu\Application\Home\Controller\IndexController.class.php 第 908 行.
SQL: SHOW COLUMNS FROM `fanwe_family_settlement_history` [ RunTime:0.0050s ]
SQL: SELECT COUNT(*) AS tp_count FROM `fanwe_family_settlement_history` WHERE `expect_date` = '2017-08-16' LIMIT 1   [ RunTime:0.0050s ]
SQL: SELECT * FROM `fanwe_family_settlement_history` WHERE `expect_date` = '2017-08-16' ORDER BY id desc LIMIT 0,20   [ RunTime:0.0050s ]
INFO: [ view_parse ] --START--
INFO: [ template_filter ] --START--
INFO: Run Behavior\ContentReplaceBehavior [ RunTime:0.000000s ]
INFO: [ template_filter ] --END-- [ RunTime:0.001000s ]
INFO: Run Behavior\ParseTemplateBehavior [ RunTime:0.011000s ]
INFO: [ view_parse ] --END-- [ RunTime:0.012000s ]
INFO: [ view_filter ] --START--
INFO: Run Behavior\WriteHtmlCacheBehavior [ RunTime:0.000000s ]
INFO: [ view_filter ] --END-- [ RunTime:0.000000s ]
INFO: [ app_end ] --START--
INFO: Run Behavior\ShowPageTraceBehavior [ RunTime:0.001000s ]
INFO: [ app_end ] --END-- [ RunTime:0.001000s ]

[ 2017-08-18T11:04:57+08:00 ] ::1 /caiwu/index.php/home/index/account_list.html
INFO: [ app_init ] --START--
INFO: Run Behavior\BuildLiteBehavior [ RunTime:0.000000s ]
INFO: [ app_init ] --END-- [ RunTime:0.001000s ]
INFO: [ app_begin ] --START--
INFO: Run Behavior\ReadHtmlCacheBehavior [ RunTime:0.001000s ]
INFO: [ app_begin ] --END-- [ RunTime:0.001000s ]
NOTIC: [8] Undefined index: type D:\phpStudy\WWW\caiwu\Application\Home\Controller\IndexController.class.php 第 908 行.
SQL: SHOW COLUMNS FROM `fanwe_family_settlement_history` [ RunTime:0.0060s ]
SQL: SELECT COUNT(*) AS tp_count FROM `fanwe_family_settlement_history` WHERE `expect_date` = '2017-08-16' LIMIT 1   [ RunTime:0.0070s ]
SQL: SELECT * FROM `fanwe_family_settlement_history` WHERE `expect_date` = '2017-08-16' ORDER BY id desc LIMIT 0,20   [ RunTime:0.0060s ]
INFO: [ view_parse ] --START--
INFO: [ template_filter ] --START--
INFO: Run Behavior\ContentReplaceBehavior [ RunTime:0.000000s ]
INFO: [ template_filter ] --END-- [ RunTime:0.000000s ]
INFO: Run Behavior\ParseTemplateBehavior [ RunTime:0.012000s ]
INFO: [ view_parse ] --END-- [ RunTime:0.012000s ]
INFO: [ view_filter ] --START--
INFO: Run Behavior\WriteHtmlCacheBehavior [ RunTime:0.001000s ]
INFO: [ view_filter ] --END-- [ RunTime:0.001000s ]
INFO: [ app_end ] --START--
INFO: Run Behavior\ShowPageTraceBehavior [ RunTime:0.001000s ]
INFO: [ app_end ] --END-- [ RunTime:0.001000s ]

[ 2017-08-18T11:04:58+08:00 ] ::1 /caiwu/index.php/home/index/account_list.html
INFO: [ app_init ] --START--
INFO: Run Behavior\BuildLiteBehavior [ RunTime:0.000000s ]
INFO: [ app_init ] --END-- [ RunTime:0.001000s ]
INFO: [ app_begin ] --START--
INFO: Run Behavior\ReadHtmlCacheBehavior [ RunTime:0.001000s ]
INFO: [ app_begin ] --END-- [ RunTime:0.001000s ]
NOTIC: [8] Undefined index: type D:\phpStudy\WWW\caiwu\Application\Home\Controller\IndexController.class.php 第 908 行.
SQL: SHOW COLUMNS FROM `fanwe_family_settlement_history` [ RunTime:0.0080s ]
SQL: SELECT COUNT(*) AS tp_count FROM `fanwe_family_settlement_history` WHERE `expect_date` = '2017-08-16' LIMIT 1   [ RunTime:0.0070s ]
SQL: SELECT * FROM `fanwe_family_settlement_history` WHERE `expect_date` = '2017-08-16' ORDER BY id desc LIMIT 0,20   [ RunTime:0.0060s ]
INFO: [ view_parse ] --START--
INFO: [ template_filter ] --START--
INFO: Run Behavior\ContentReplaceBehavior [ RunTime:0.000000s ]
INFO: [ template_filter ] --END-- [ RunTime:0.000000s ]
INFO: Run Behavior\ParseTemplateBehavior [ RunTime:0.019000s ]
INFO: [ view_parse ] --END-- [ RunTime:0.019000s ]
INFO: [ view_filter ] --START--
INFO: Run Behavior\WriteHtmlCacheBehavior [ RunTime:0.000000s ]
INFO: [ view_filter ] --END-- [ RunTime:0.000000s ]
INFO: [ app_end ] --START--
INFO: Run Behavior\ShowPageTraceBehavior [ RunTime:0.001000s ]
INFO: [ app_end ] --END-- [ RunTime:0.001000s ]

[ 2017-08-18T11:05:00+08:00 ] ::1 /caiwu/index.php/home/index/account_list.html
INFO: [ app_init ] --START--
INFO: Run Behavior\BuildLiteBehavior [ RunTime:0.000000s ]
INFO: [ app_init ] --END-- [ RunTime:0.000000s ]
INFO: [ app_begin ] --START--
INFO: Run Behavior\ReadHtmlCacheBehavior [ RunTime:0.001000s ]
INFO: [ app_begin ] --END-- [ RunTime:0.001000s ]
NOTIC: [8] Undefined index: type D:\phpStudy\WWW\caiwu\Application\Home\Controller\IndexController.class.php 第 908 行.
SQL: SHOW COLUMNS FROM `fanwe_family_settlement_history` [ RunTime:0.0180s ]
SQL: SELECT COUNT(*) AS tp_count FROM `fanwe_family_settlement_history` WHERE `expect_date` = '2017-08-16' LIMIT 1   [ RunTime:0.0060s ]
SQL: SELECT * FROM `fanwe_family_settlement_history` WHERE `expect_date` = '2017-08-16' ORDER BY id desc LIMIT 0,20   [ RunTime:0.0130s ]
INFO: [ view_parse ] --START--
INFO: [ template_filter ] --START--
INFO: Run Behavior\ContentReplaceBehavior [ RunTime:0.000000s ]
INFO: [ template_filter ] --END-- [ RunTime:0.000000s ]
INFO: Run Behavior\ParseTemplateBehavior [ RunTime:0.012000s ]
INFO: [ view_parse ] --END-- [ RunTime:0.012000s ]
INFO: [ view_filter ] --START--
INFO: Run Behavior\WriteHtmlCacheBehavior [ RunTime:0.001000s ]
INFO: [ view_filter ] --END-- [ RunTime:0.001000s ]
INFO: [ app_end ] --START--
INFO: Run Behavior\ShowPageTraceBehavior [ RunTime:0.001000s ]
INFO: [ app_end ] --END-- [ RunTime:0.001000s ]

[ 2017-08-18T11:05:06+08:00 ] ::1 /caiwu/index.php/home/index/account_list.html
INFO: [ app_init ] --START--
INFO: Run Behavior\BuildLiteBehavior [ RunTime:0.000000s ]
INFO: [ app_init ] --END-- [ RunTime:0.001000s ]
INFO: [ app_begin ] --START--
INFO: Run Behavior\ReadHtmlCacheBehavior [ RunTime:0.001000s ]
INFO: [ app_begin ] --END-- [ RunTime:0.001000s ]
NOTIC: [8] Undefined index: type D:\phpStudy\WWW\caiwu\Application\Home\Controller\IndexController.class.php 第 908 行.
SQL: SHOW COLUMNS FROM `fanwe_family_settlement_history` [ RunTime:0.0060s ]
SQL: SELECT COUNT(*) AS tp_count FROM `fanwe_family_settlement_history` WHERE `expect_date` = '2017-08-16' LIMIT 1   [ RunTime:0.0050s ]
SQL: SELECT * FROM `fanwe_family_settlement_history` WHERE `expect_date` = '2017-08-16' ORDER BY id desc LIMIT 0,20   [ RunTime:0.0100s ]
INFO: [ view_parse ] --START--
INFO: [ template_filter ] --START--
INFO: Run Behavior\ContentReplaceBehavior [ RunTime:0.000000s ]
INFO: [ template_filter ] --END-- [ RunTime:0.000000s ]
INFO: Run Behavior\ParseTemplateBehavior [ RunTime:0.024000s ]
INFO: [ view_parse ] --END-- [ RunTime:0.025000s ]
INFO: [ view_filter ] --START--
INFO: Run Behavior\WriteHtmlCacheBehavior [ RunTime:0.001000s ]
INFO: [ view_filter ] --END-- [ RunTime:0.001000s ]
INFO: [ app_end ] --START--
INFO: Run Behavior\ShowPageTraceBehavior [ RunTime:0.001000s ]
INFO: [ app_end ] --END-- [ RunTime:0.001000s ]

[ 2017-08-18T11:05:11+08:00 ] ::1 /caiwu/index.php/home/index/account_list.html
INFO: [ app_init ] --START--
INFO: Run Behavior\BuildLiteBehavior [ RunTime:0.000000s ]
INFO: [ app_init ] --END-- [ RunTime:0.001000s ]
INFO: [ app_begin ] --START--
INFO: Run Behavior\ReadHtmlCacheBehavior [ RunTime:0.000000s ]
INFO: [ app_begin ] --END-- [ RunTime:0.000000s ]
NOTIC: [8] Undefined index: type D:\phpStudy\WWW\caiwu\Application\Home\Controller\IndexController.class.php 第 908 行.
SQL: SHOW COLUMNS FROM `fanwe_family_settlement_history` [ RunTime:0.0070s ]
SQL: SELECT COUNT(*) AS tp_count FROM `fanwe_family_settlement_history` WHERE `expect_date` = '2017-08-16' LIMIT 1   [ RunTime:0.0060s ]
SQL: SELECT * FROM `fanwe_family_settlement_history` WHERE `expect_date` = '2017-08-16' ORDER BY id desc LIMIT 0,20   [ RunTime:0.0070s ]
INFO: [ view_parse ] --START--
INFO: [ template_filter ] --START--
INFO: Run Behavior\ContentReplaceBehavior [ RunTime:0.000000s ]
INFO: [ template_filter ] --END-- [ RunTime:0.000000s ]
INFO: Run Behavior\ParseTemplateBehavior [ RunTime:0.027000s ]
INFO: [ view_parse ] --END-- [ RunTime:0.027000s ]
INFO: [ view_filter ] --START--
INFO: Run Behavior\WriteHtmlCacheBehavior [ RunTime:0.000000s ]
INFO: [ view_filter ] --END-- [ RunTime:0.000000s ]
INFO: [ app_end ] --START--
INFO: Run Behavior\ShowPageTraceBehavior [ RunTime:0.001000s ]
INFO: [ app_end ] --END-- [ RunTime:0.001000s ]

[ 2017-08-18T11:05:14+08:00 ] ::1 /caiwu/index.php/home/index/account_list.html
INFO: [ app_init ] --START--
INFO: Run Behavior\BuildLiteBehavior [ RunTime:0.000000s ]
INFO: [ app_init ] --END-- [ RunTime:0.000000s ]
INFO: [ app_begin ] --START--
INFO: Run Behavior\ReadHtmlCacheBehavior [ RunTime:0.001000s ]
INFO: [ app_begin ] --END-- [ RunTime:0.002000s ]
NOTIC: [8] Undefined index: type D:\phpStudy\WWW\caiwu\Application\Home\Controller\IndexController.class.php 第 908 行.
SQL: SHOW COLUMNS FROM `fanwe_family_settlement_history` [ RunTime:0.0050s ]
SQL: SELECT COUNT(*) AS tp_count FROM `fanwe_family_settlement_history` WHERE `expect_date` = '2017-08-16' LIMIT 1   [ RunTime:0.0050s ]
SQL: SELECT * FROM `fanwe_family_settlement_history` WHERE `expect_date` = '2017-08-16' ORDER BY id desc LIMIT 0,20   [ RunTime:0.0070s ]
INFO: [ view_parse ] --START--
INFO: [ template_filter ] --START--
INFO: Run Behavior\ContentReplaceBehavior [ RunTime:0.000000s ]
INFO: [ template_filter ] --END-- [ RunTime:0.000000s ]
INFO: Run Behavior\ParseTemplateBehavior [ RunTime:0.010000s ]
INFO: [ view_parse ] --END-- [ RunTime:0.010000s ]
INFO: [ view_filter ] --START--
INFO: Run Behavior\WriteHtmlCacheBehavior [ RunTime:0.000000s ]
INFO: [ view_filter ] --END-- [ RunTime:0.000000s ]
INFO: [ app_end ] --START--
INFO: Run Behavior\ShowPageTraceBehavior [ RunTime:0.000000s ]
INFO: [ app_end ] --END-- [ RunTime:0.000000s ]

[ 2017-08-18T11:05:21+08:00 ] ::1 /caiwu/index.php/home/index/account_list.html
INFO: [ app_init ] --START--
INFO: Run Behavior\BuildLiteBehavior [ RunTime:0.000000s ]
INFO: [ app_init ] --END-- [ RunTime:0.001000s ]
INFO: [ app_begin ] --START--
INFO: Run Behavior\ReadHtmlCacheBehavior [ RunTime:0.001000s ]
INFO: [ app_begin ] --END-- [ RunTime:0.001000s ]
NOTIC: [8] Undefined index: type D:\phpStudy\WWW\caiwu\Application\Home\Controller\IndexController.class.php 第 908 行.
SQL: SHOW COLUMNS FROM `fanwe_family_settlement_history` [ RunTime:0.0080s ]
SQL: SELECT COUNT(*) AS tp_count FROM `fanwe_family_settlement_history` WHERE `expect_date` = '2017-08-16' LIMIT 1   [ RunTime:0.0060s ]
SQL: SELECT * FROM `fanwe_family_settlement_history` WHERE `expect_date` = '2017-08-16' ORDER BY id desc LIMIT 0,20   [ RunTime:0.0170s ]
INFO: [ view_parse ] --START--
INFO: [ template_filter ] --START--
INFO: Run Behavior\ContentReplaceBehavior [ RunTime:0.000000s ]
INFO: [ template_filter ] --END-- [ RunTime:0.000000s ]
INFO: Run Behavior\ParseTemplateBehavior [ RunTime:0.014000s ]
INFO: [ view_parse ] --END-- [ RunTime:0.014000s ]
INFO: [ view_filter ] --START--
INFO: Run Behavior\WriteHtmlCacheBehavior [ RunTime:0.000000s ]
INFO: [ view_filter ] --END-- [ RunTime:0.000000s ]
INFO: [ app_end ] --START--
INFO: Run Behavior\ShowPageTraceBehavior [ RunTime:0.001000s ]
INFO: [ app_end ] --END-- [ RunTime:0.001000s ]

[ 2017-08-18T11:05:22+08:00 ] ::1 /caiwu/index.php/home/index/account_list.html
INFO: [ app_init ] --START--
INFO: Run Behavior\BuildLiteBehavior [ RunTime:0.000000s ]
INFO: [ app_init ] --END-- [ RunTime:0.000000s ]
INFO: [ app_begin ] --START--
INFO: Run Behavior\ReadHtmlCacheBehavior [ RunTime:0.001000s ]
INFO: [ app_begin ] --END-- [ RunTime:0.001000s ]
NOTIC: [8] Undefined index: type D:\phpStudy\WWW\caiwu\Application\Home\Controller\IndexController.class.php 第 908 行.
SQL: SHOW COLUMNS FROM `fanwe_family_settlement_history` [ RunTime:0.0050s ]
SQL: SELECT COUNT(*) AS tp_count FROM `fanwe_family_settlement_history` WHERE `expect_date` = '2017-08-16' LIMIT 1   [ RunTime:0.0050s ]
SQL: SELECT * FROM `fanwe_family_settlement_history` WHERE `expect_date` = '2017-08-16' ORDER BY id desc LIMIT 0,20   [ RunTime:0.0050s ]
INFO: [ view_parse ] --START--
INFO: [ template_filter ] --START--
INFO: Run Behavior\ContentReplaceBehavior [ RunTime:0.000000s ]
INFO: [ template_filter ] --END-- [ RunTime:0.000000s ]
INFO: Run Behavior\ParseTemplateBehavior [ RunTime:0.004000s ]
INFO: [ view_parse ] --END-- [ RunTime:0.005000s ]
INFO: [ view_filter ] --START--
INFO: Run Behavior\WriteHtmlCacheBehavior [ RunTime:0.001000s ]
INFO: [ view_filter ] --END-- [ RunTime:0.001000s ]
INFO: [ app_end ] --START--
INFO: Run Behavior\ShowPageTraceBehavior [ RunTime:0.000000s ]
INFO: [ app_end ] --END-- [ RunTime:0.000000s ]

[ 2017-08-18T11:05:37+08:00 ] ::1 /caiwu/index.php/home/index/account_list.html?type=3&st=2017-8-1&search_name=
INFO: [ app_init ] --START--
INFO: Run Behavior\BuildLiteBehavior [ RunTime:0.000000s ]
INFO: [ app_init ] --END-- [ RunTime:0.001000s ]
INFO: [ app_begin ] --START--
INFO: Run Behavior\ReadHtmlCacheBehavior [ RunTime:0.001000s ]
INFO: [ app_begin ] --END-- [ RunTime:0.001000s ]
SQL: SHOW COLUMNS FROM `fanwe_family_settlement_history` [ RunTime:0.0080s ]
SQL: SELECT COUNT(*) AS tp_count FROM `fanwe_family_settlement_history` WHERE `expect_date` = '2017-8-1' LIMIT 1   [ RunTime:0.0090s ]
SQL: SELECT * FROM `fanwe_family_settlement_history` WHERE `expect_date` = '2017-8-1' ORDER BY id desc LIMIT 0,20   [ RunTime:0.0100s ]
INFO: [ view_parse ] --START--
INFO: [ template_filter ] --START--
INFO: Run Behavior\ContentReplaceBehavior [ RunTime:0.000000s ]
INFO: [ template_filter ] --END-- [ RunTime:0.001000s ]
INFO: Run Behavior\ParseTemplateBehavior [ RunTime:0.021000s ]
INFO: [ view_parse ] --END-- [ RunTime:0.021000s ]
INFO: [ view_filter ] --START--
INFO: Run Behavior\WriteHtmlCacheBehavior [ RunTime:0.001000s ]
INFO: [ view_filter ] --END-- [ RunTime:0.001000s ]
INFO: [ app_end ] --START--
INFO: Run Behavior\ShowPageTraceBehavior [ RunTime:0.001000s ]
INFO: [ app_end ] --END-- [ RunTime:0.001000s ]

[ 2017-08-18T11:06:15+08:00 ] ::1 /caiwu/index.php/home/index/account_list.html?type=3&st=2017-8-1&search_name=
INFO: [ app_init ] --START--
INFO: Run Behavior\BuildLiteBehavior [ RunTime:0.000000s ]
INFO: [ app_init ] --END-- [ RunTime:0.001000s ]
INFO: [ app_begin ] --START--
INFO: Run Behavior\ReadHtmlCacheBehavior [ RunTime:0.001000s ]
INFO: [ app_begin ] --END-- [ RunTime:0.001000s ]
SQL: SHOW COLUMNS FROM `fanwe_family_settlement_history` [ RunTime:0.0050s ]
SQL: SELECT COUNT(*) AS tp_count FROM `fanwe_family_settlement_history` WHERE `expect_date` = '2017-8-1' LIMIT 1   [ RunTime:0.0050s ]
SQL: SELECT * FROM `fanwe_family_settlement_history` WHERE `expect_date` = '2017-8-1' ORDER BY id desc LIMIT 0,20   [ RunTime:0.0060s ]
INFO: [ view_parse ] --START--
INFO: [ template_filter ] --START--
INFO: Run Behavior\ContentReplaceBehavior [ RunTime:0.000000s ]
INFO: [ template_filter ] --END-- [ RunTime:0.000000s ]
INFO: Run Behavior\ParseTemplateBehavior [ RunTime:0.008000s ]
INFO: [ view_parse ] --END-- [ RunTime:0.008000s ]
INFO: [ view_filter ] --START--
INFO: Run Behavior\WriteHtmlCacheBehavior [ RunTime:0.000000s ]
INFO: [ view_filter ] --END-- [ RunTime:0.000000s ]
INFO: [ app_end ] --START--
INFO: Run Behavior\ShowPageTraceBehavior [ RunTime:0.000000s ]
INFO: [ app_end ] --END-- [ RunTime:0.000000s ]

[ 2017-08-18T11:06:18+08:00 ] ::1 /caiwu/index.php/home/index/account_list.html?type=3&st=2017-8-16&search_name=
INFO: [ app_init ] --START--
INFO: Run Behavior\BuildLiteBehavior [ RunTime:0.000000s ]
INFO: [ app_init ] --END-- [ RunTime:0.001000s ]
INFO: [ app_begin ] --START--
INFO: Run Behavior\ReadHtmlCacheBehavior [ RunTime:0.001000s ]
INFO: [ app_begin ] --END-- [ RunTime:0.001000s ]
SQL: SHOW COLUMNS FROM `fanwe_family_settlement_history` [ RunTime:0.0050s ]
SQL: SELECT COUNT(*) AS tp_count FROM `fanwe_family_settlement_history` WHERE `expect_date` = '2017-8-16' LIMIT 1   [ RunTime:0.0050s ]
SQL: SELECT * FROM `fanwe_family_settlement_history` WHERE `expect_date` = '2017-8-16' ORDER BY id desc LIMIT 0,20   [ RunTime:0.0060s ]
INFO: [ view_parse ] --START--
INFO: [ template_filter ] --START--
INFO: Run Behavior\ContentReplaceBehavior [ RunTime:0.000000s ]
INFO: [ template_filter ] --END-- [ RunTime:0.000000s ]
INFO: Run Behavior\ParseTemplateBehavior [ RunTime:0.016000s ]
INFO: [ view_parse ] --END-- [ RunTime:0.016000s ]
INFO: [ view_filter ] --START--
INFO: Run Behavior\WriteHtmlCacheBehavior [ RunTime:0.001000s ]
INFO: [ view_filter ] --END-- [ RunTime:0.001000s ]
INFO: [ app_end ] --START--
INFO: Run Behavior\ShowPageTraceBehavior [ RunTime:0.001000s ]
INFO: [ app_end ] --END-- [ RunTime:0.001000s ]

[ 2017-08-18T11:11:08+08:00 ] ::1 /caiwu/index.php/home/index/account_list.html
INFO: [ app_init ] --START--
INFO: Run Behavior\BuildLiteBehavior [ RunTime:0.000000s ]
INFO: [ app_init ] --END-- [ RunTime:0.001000s ]
INFO: [ app_begin ] --START--
INFO: Run Behavior\ReadHtmlCacheBehavior [ RunTime:0.001000s ]
INFO: [ app_begin ] --END-- [ RunTime:0.001000s ]
NOTIC: [8] Undefined index: type D:\phpStudy\WWW\caiwu\Application\Home\Controller\IndexController.class.php 第 908 行.
SQL: SHOW COLUMNS FROM `fanwe_family_settlement_history` [ RunTime:0.0060s ]
SQL: SELECT COUNT(*) AS tp_count FROM `fanwe_family_settlement_history` WHERE `expect_date` = '2017-08-16' LIMIT 1   [ RunTime:0.0050s ]
SQL: SELECT * FROM `fanwe_family_settlement_history` WHERE `expect_date` = '2017-08-16' ORDER BY id desc LIMIT 0,20   [ RunTime:0.0060s ]
INFO: [ view_parse ] --START--
INFO: [ template_filter ] --START--
INFO: Run Behavior\ContentReplaceBehavior [ RunTime:0.001000s ]
INFO: [ template_filter ] --END-- [ RunTime:0.001000s ]
INFO: Run Behavior\ParseTemplateBehavior [ RunTime:0.022000s ]
INFO: [ view_parse ] --END-- [ RunTime:0.022000s ]
INFO: [ view_filter ] --START--
INFO: Run Behavior\WriteHtmlCacheBehavior [ RunTime:0.001000s ]
INFO: [ view_filter ] --END-- [ RunTime:0.001000s ]
INFO: [ app_end ] --START--
INFO: Run Behavior\ShowPageTraceBehavior [ RunTime:0.001000s ]
INFO: [ app_end ] --END-- [ RunTime:0.001000s ]

[ 2017-08-18T11:13:32+08:00 ] ::1 /caiwu/index.php/home/index/family_add.html
INFO: [ app_init ] --START--
INFO: Run Behavior\BuildLiteBehavior [ RunTime:0.000000s ]
INFO: [ app_init ] --END-- [ RunTime:0.000000s ]
INFO: [ app_begin ] --START--
INFO: Run Behavior\ReadHtmlCacheBehavior [ RunTime:0.000000s ]
INFO: [ app_begin ] --END-- [ RunTime:0.000000s ]
INFO: [ view_parse ] --START--
INFO: [ template_filter ] --START--
INFO: Run Behavior\ContentReplaceBehavior [ RunTime:0.000000s ]
INFO: [ template_filter ] --END-- [ RunTime:0.000000s ]
INFO: Run Behavior\ParseTemplateBehavior [ RunTime:0.009000s ]
INFO: [ view_parse ] --END-- [ RunTime:0.009000s ]
INFO: [ view_filter ] --START--
INFO: Run Behavior\WriteHtmlCacheBehavior [ RunTime:0.000000s ]
INFO: [ view_filter ] --END-- [ RunTime:0.000000s ]
INFO: [ app_end ] --START--
INFO: Run Behavior\ShowPageTraceBehavior [ RunTime:0.001000s ]
INFO: [ app_end ] --END-- [ RunTime:0.001000s ]

