[ 2017-09-05T10:00:57+08:00 ] ::1 /caiwu/index.php/Home/Index/main
INFO: [ app_init ] --START--
INFO: Run Behavior\BuildLiteBehavior [ RunTime:0.000000s ]
INFO: [ app_init ] --END-- [ RunTime:0.008000s ]
INFO: [ app_begin ] --START--
INFO: Run Behavior\ReadHtmlCacheBehavior [ RunTime:0.012000s ]
INFO: [ app_begin ] --END-- [ RunTime:0.012000s ]
INFO: [ view_parse ] --START--
INFO: [ template_filter ] --START--
INFO: Run Behavior\ContentReplaceBehavior [ RunTime:0.000000s ]
INFO: [ template_filter ] --END-- [ RunTime:0.000000s ]
INFO: Run Behavior\ParseTemplateBehavior [ RunTime:0.064000s ]
INFO: [ view_parse ] --END-- [ RunTime:0.064000s ]
INFO: [ view_filter ] --START--
INFO: Run Behavior\WriteHtmlCacheBehavior [ RunTime:0.010000s ]
INFO: [ view_filter ] --END-- [ RunTime:0.010000s ]
INFO: [ app_end ] --START--
INFO: Run Behavior\ShowPageTraceBehavior [ RunTime:0.003000s ]
INFO: [ app_end ] --END-- [ RunTime:0.003000s ]

[ 2017-09-05T10:00:57+08:00 ] ::1 /caiwu/index.php/home/index/top.html
INFO: [ app_init ] --START--
INFO: Run Behavior\BuildLiteBehavior [ RunTime:0.000000s ]
INFO: [ app_init ] --END-- [ RunTime:0.000000s ]
INFO: [ app_begin ] --START--
INFO: Run Behavior\ReadHtmlCacheBehavior [ RunTime:0.001000s ]
INFO: [ app_begin ] --END-- [ RunTime:0.001000s ]
INFO: [ view_parse ] --START--
INFO: [ template_filter ] --START--
INFO: Run Behavior\ContentReplaceBehavior [ RunTime:0.000000s ]
INFO: [ template_filter ] --END-- [ RunTime:0.000000s ]
INFO: Run Behavior\ParseTemplateBehavior [ RunTime:0.021000s ]
INFO: [ view_parse ] --END-- [ RunTime:0.021000s ]
INFO: [ view_filter ] --START--
INFO: Run Behavior\WriteHtmlCacheBehavior [ RunTime:0.000000s ]
INFO: [ view_filter ] --END-- [ RunTime:0.000000s ]
INFO: [ app_end ] --START--
INFO: Run Behavior\ShowPageTraceBehavior [ RunTime:0.000000s ]
INFO: [ app_end ] --END-- [ RunTime:0.000000s ]

[ 2017-09-05T10:00:58+08:00 ] ::1 /caiwu/index.php/home/index/left.html
INFO: [ app_init ] --START--
INFO: Run Behavior\BuildLiteBehavior [ RunTime:0.000000s ]
INFO: [ app_init ] --END-- [ RunTime:0.001000s ]
INFO: [ app_begin ] --START--
INFO: Run Behavior\ReadHtmlCacheBehavior [ RunTime:0.001000s ]
INFO: [ app_begin ] --END-- [ RunTime:0.001000s ]
INFO: [ view_parse ] --START--
INFO: [ template_filter ] --START--
INFO: Run Behavior\ContentReplaceBehavior [ RunTime:0.000000s ]
INFO: [ template_filter ] --END-- [ RunTime:0.000000s ]
INFO: Run Behavior\ParseTemplateBehavior [ RunTime:0.008000s ]
INFO: [ view_parse ] --END-- [ RunTime:0.008000s ]
INFO: [ view_filter ] --START--
INFO: Run Behavior\WriteHtmlCacheBehavior [ RunTime:0.001000s ]
INFO: [ view_filter ] --END-- [ RunTime:0.001000s ]
INFO: [ app_end ] --START--
INFO: Run Behavior\ShowPageTraceBehavior [ RunTime:0.001000s ]
INFO: [ app_end ] --END-- [ RunTime:0.001000s ]

[ 2017-09-05T10:00:58+08:00 ] ::1 /caiwu/index.php/home/index/index.html
INFO: [ app_init ] --START--
INFO: Run Behavior\BuildLiteBehavior [ RunTime:0.000000s ]
INFO: [ app_init ] --END-- [ RunTime:0.000000s ]
INFO: [ app_begin ] --START--
INFO: Run Behavior\ReadHtmlCacheBehavior [ RunTime:0.000000s ]
INFO: [ app_begin ] --END-- [ RunTime:0.000000s ]
INFO: [ view_parse ] --START--
INFO: [ template_filter ] --START--
INFO: Run Behavior\ContentReplaceBehavior [ RunTime:0.000000s ]
INFO: [ template_filter ] --END-- [ RunTime:0.000000s ]
INFO: Run Behavior\ParseTemplateBehavior [ RunTime:0.017000s ]
INFO: [ view_parse ] --END-- [ RunTime:0.017000s ]
INFO: [ view_filter ] --START--
INFO: Run Behavior\WriteHtmlCacheBehavior [ RunTime:0.000000s ]
INFO: [ view_filter ] --END-- [ RunTime:0.000000s ]
INFO: [ app_end ] --START--
INFO: Run Behavior\ShowPageTraceBehavior [ RunTime:0.000000s ]
INFO: [ app_end ] --END-- [ RunTime:0.001000s ]

[ 2017-09-05T10:01:02+08:00 ] ::1 /caiwu/index.php/home/index/right.html
INFO: [ app_init ] --START--
INFO: Run Behavior\BuildLiteBehavior [ RunTime:0.000000s ]
INFO: [ app_init ] --END-- [ RunTime:0.001000s ]
INFO: [ app_begin ] --START--
INFO: Run Behavior\ReadHtmlCacheBehavior [ RunTime:0.001000s ]
INFO: [ app_begin ] --END-- [ RunTime:0.001000s ]
SQL: SHOW COLUMNS FROM `fanwe_user` [ RunTime:0.0250s ]
SQL: SHOW COLUMNS FROM `fanwe_family` [ RunTime:0.0220s ]
SQL: SHOW COLUMNS FROM `fanwe_video_prop` [ RunTime:0.0250s ]
NOTIC: [8] Undefined index: type D:\phpStudy\WWW\caiwu\Application\Home\Controller\IndexController.class.php 第 233 行.
NOTIC: [8] Undefined index: search_name D:\phpStudy\WWW\caiwu\Application\Home\Controller\IndexController.class.php 第 240 行.
NOTIC: [8] Undefined index: st D:\phpStudy\WWW\caiwu\Application\Home\Controller\IndexController.class.php 第 240 行.
NOTIC: [8] Undefined index: et D:\phpStudy\WWW\caiwu\Application\Home\Controller\IndexController.class.php 第 240 行.
SQL: SELECT COUNT(*) AS tp_count FROM `fanwe_family` WHERE `status` = 1 LIMIT 1   [ RunTime:0.0220s ]
SQL: SELECT `id`,`name`,`user_id` FROM `fanwe_family` WHERE `status` = 1 ORDER BY id desc LIMIT 0,20   [ RunTime:0.0220s ]
ERR: 1146:Table 'zhibodb.fanwe_video_prop_201709' doesn't exist
 [ SQL语句 ] : select family_id, to_user_id ,SUM(total_ticket) as total_ticket
                      from fanwe_video_prop_201709
                      where create_time >= 1504195200 AND create_time < 1506787199 AND family_id = 244
                      GROUP BY family_id,to_user_id
ERR: 1146:Table 'zhibodb.fanwe_video_prop_201709' doesn't exist
 [ SQL语句 ] : select family_id, to_user_id ,SUM(total_ticket) as total_ticket
                      from fanwe_video_prop_201709
                      where create_time >= 1504195200 AND create_time < 1506787199 AND family_id = 244
                      GROUP BY family_id,to_user_id

[ 2017-09-05T10:01:56+08:00 ] ::1 /caiwu/index.php/home/index/right.html
INFO: [ app_init ] --START--
INFO: Run Behavior\BuildLiteBehavior [ RunTime:0.000000s ]
INFO: [ app_init ] --END-- [ RunTime:0.001000s ]
INFO: [ app_begin ] --START--
INFO: Run Behavior\ReadHtmlCacheBehavior [ RunTime:0.001000s ]
INFO: [ app_begin ] --END-- [ RunTime:0.001000s ]
SQL: SHOW COLUMNS FROM `fanwe_user` [ RunTime:0.0450s ]
SQL: SHOW COLUMNS FROM `fanwe_family` [ RunTime:0.0530s ]
SQL: SHOW COLUMNS FROM `fanwe_video_prop` [ RunTime:0.0190s ]
NOTIC: [8] Undefined index: type D:\phpStudy\WWW\caiwu\Application\Home\Controller\IndexController.class.php 第 233 行.
NOTIC: [8] Undefined index: search_name D:\phpStudy\WWW\caiwu\Application\Home\Controller\IndexController.class.php 第 240 行.
NOTIC: [8] Undefined index: st D:\phpStudy\WWW\caiwu\Application\Home\Controller\IndexController.class.php 第 240 行.
NOTIC: [8] Undefined index: et D:\phpStudy\WWW\caiwu\Application\Home\Controller\IndexController.class.php 第 240 行.
SQL: SELECT COUNT(*) AS tp_count FROM `fanwe_family` WHERE `status` = 1 LIMIT 1   [ RunTime:0.0090s ]
SQL: SELECT `id`,`name`,`user_id` FROM `fanwe_family` WHERE `status` = 1 ORDER BY id desc LIMIT 0,20   [ RunTime:0.0050s ]
SQL: select family_id, to_user_id ,SUM(total_ticket) as total_ticket
                      from fanwe_video_prop_201709
                      where create_time >= 1504195200 AND create_time < 1506787199 AND family_id = 244
                      GROUP BY family_id,to_user_id [ RunTime:0.0050s ]
SQL: SELECT `id`,`nick_name`,`mobile` FROM `fanwe_user` WHERE `id` = 61237904 LIMIT 1   [ RunTime:0.0040s ]
SQL: select family_id, to_user_id ,SUM(total_ticket) as total_ticket
                      from fanwe_video_prop_201709
                      where create_time >= 1504195200 AND create_time < 1506787199 AND family_id = 243
                      GROUP BY family_id,to_user_id [ RunTime:0.0050s ]
SQL: SELECT `id`,`nick_name`,`mobile` FROM `fanwe_user` WHERE `id` = 61263773 LIMIT 1   [ RunTime:0.0060s ]
SQL: select family_id, to_user_id ,SUM(total_ticket) as total_ticket
                      from fanwe_video_prop_201709
                      where create_time >= 1504195200 AND create_time < 1506787199 AND family_id = 242
                      GROUP BY family_id,to_user_id [ RunTime:0.0050s ]
SQL: SELECT `id`,`nick_name`,`mobile` FROM `fanwe_user` WHERE `id` = 61264032 LIMIT 1   [ RunTime:0.0060s ]
SQL: select family_id, to_user_id ,SUM(total_ticket) as total_ticket
                      from fanwe_video_prop_201709
                      where create_time >= 1504195200 AND create_time < 1506787199 AND family_id = 241
                      GROUP BY family_id,to_user_id [ RunTime:0.0050s ]
SQL: SELECT `id`,`nick_name`,`mobile` FROM `fanwe_user` WHERE `id` = 61263665 LIMIT 1   [ RunTime:0.0050s ]
SQL: select family_id, to_user_id ,SUM(total_ticket) as total_ticket
                      from fanwe_video_prop_201709
                      where create_time >= 1504195200 AND create_time < 1506787199 AND family_id = 240
                      GROUP BY family_id,to_user_id [ RunTime:0.0050s ]
SQL: SELECT `id`,`nick_name`,`mobile` FROM `fanwe_user` WHERE `id` = 61263511 LIMIT 1   [ RunTime:0.0050s ]
SQL: select family_id, to_user_id ,SUM(total_ticket) as total_ticket
                      from fanwe_video_prop_201709
                      where create_time >= 1504195200 AND create_time < 1506787199 AND family_id = 237
                      GROUP BY family_id,to_user_id [ RunTime:0.0050s ]
SQL: SELECT `id`,`nick_name`,`mobile` FROM `fanwe_user` WHERE `id` = 61262187 LIMIT 1   [ RunTime:0.0050s ]
SQL: select family_id, to_user_id ,SUM(total_ticket) as total_ticket
                      from fanwe_video_prop_201709
                      where create_time >= 1504195200 AND create_time < 1506787199 AND family_id = 234
                      GROUP BY family_id,to_user_id [ RunTime:0.0050s ]
SQL: SELECT `id`,`nick_name`,`mobile` FROM `fanwe_user` WHERE `id` = 61247075 LIMIT 1   [ RunTime:0.0050s ]
SQL: select family_id, to_user_id ,SUM(total_ticket) as total_ticket
                      from fanwe_video_prop_201709
                      where create_time >= 1504195200 AND create_time < 1506787199 AND family_id = 233
                      GROUP BY family_id,to_user_id [ RunTime:0.0050s ]
SQL: SELECT `id`,`nick_name`,`mobile` FROM `fanwe_user` WHERE `id` = 61262151 LIMIT 1   [ RunTime:0.0050s ]
SQL: select family_id, to_user_id ,SUM(total_ticket) as total_ticket
                      from fanwe_video_prop_201709
                      where create_time >= 1504195200 AND create_time < 1506787199 AND family_id = 232
                      GROUP BY family_id,to_user_id [ RunTime:0.0050s ]
SQL: SELECT `id`,`nick_name`,`mobile` FROM `fanwe_user` WHERE `id` = 61255154 LIMIT 1   [ RunTime:0.0050s ]
SQL: select family_id, to_user_id ,SUM(total_ticket) as total_ticket
                      from fanwe_video_prop_201709
                      where create_time >= 1504195200 AND create_time < 1506787199 AND family_id = 228
                      GROUP BY family_id,to_user_id [ RunTime:0.0050s ]
SQL: SELECT `id`,`nick_name`,`mobile` FROM `fanwe_user` WHERE `id` = 61261588 LIMIT 1   [ RunTime:0.0050s ]
SQL: select family_id, to_user_id ,SUM(total_ticket) as total_ticket
                      from fanwe_video_prop_201709
                      where create_time >= 1504195200 AND create_time < 1506787199 AND family_id = 227
                      GROUP BY family_id,to_user_id [ RunTime:0.0050s ]
SQL: SELECT `id`,`nick_name`,`mobile` FROM `fanwe_user` WHERE `id` = 61261582 LIMIT 1   [ RunTime:0.0050s ]
SQL: select family_id, to_user_id ,SUM(total_ticket) as total_ticket
                      from fanwe_video_prop_201709
                      where create_time >= 1504195200 AND create_time < 1506787199 AND family_id = 225
                      GROUP BY family_id,to_user_id [ RunTime:0.0050s ]
SQL: SELECT `id`,`nick_name`,`mobile` FROM `fanwe_user` WHERE `id` = 61261580 LIMIT 1   [ RunTime:0.0050s ]
SQL: select family_id, to_user_id ,SUM(total_ticket) as total_ticket
                      from fanwe_video_prop_201709
                      where create_time >= 1504195200 AND create_time < 1506787199 AND family_id = 223
                      GROUP BY family_id,to_user_id [ RunTime:0.0050s ]
SQL: SELECT `id`,`nick_name`,`mobile` FROM `fanwe_user` WHERE `id` = 61261399 LIMIT 1   [ RunTime:0.0050s ]
SQL: select family_id, to_user_id ,SUM(total_ticket) as total_ticket
                      from fanwe_video_prop_201709
                      where create_time >= 1504195200 AND create_time < 1506787199 AND family_id = 207
                      GROUP BY family_id,to_user_id [ RunTime:0.0050s ]
SQL: SELECT `id`,`nick_name`,`mobile` FROM `fanwe_user` WHERE `id` = 61234603 LIMIT 1   [ RunTime:0.0050s ]
SQL: select family_id, to_user_id ,SUM(total_ticket) as total_ticket
                      from fanwe_video_prop_201709
                      where create_time >= 1504195200 AND create_time < 1506787199 AND family_id = 204
                      GROUP BY family_id,to_user_id [ RunTime:0.0050s ]
SQL: SELECT `id`,`nick_name`,`mobile` FROM `fanwe_user` WHERE `id` = 61244736 LIMIT 1   [ RunTime:0.0050s ]
SQL: select family_id, to_user_id ,SUM(total_ticket) as total_ticket
                      from fanwe_video_prop_201709
                      where create_time >= 1504195200 AND create_time < 1506787199 AND family_id = 193
                      GROUP BY family_id,to_user_id [ RunTime:0.0060s ]
SQL: SELECT `id`,`nick_name`,`mobile` FROM `fanwe_user` WHERE `id` = 61243524 LIMIT 1   [ RunTime:0.0050s ]
SQL: select family_id, to_user_id ,SUM(total_ticket) as total_ticket
                      from fanwe_video_prop_201709
                      where create_time >= 1504195200 AND create_time < 1506787199 AND family_id = 191
                      GROUP BY family_id,to_user_id [ RunTime:0.0050s ]
SQL: SELECT `id`,`nick_name`,`mobile` FROM `fanwe_user` WHERE `id` = 61247181 LIMIT 1   [ RunTime:0.0050s ]
SQL: select family_id, to_user_id ,SUM(total_ticket) as total_ticket
                      from fanwe_video_prop_201709
                      where create_time >= 1504195200 AND create_time < 1506787199 AND family_id = 190
                      GROUP BY family_id,to_user_id [ RunTime:0.0050s ]
SQL: SELECT `id`,`nick_name`,`mobile` FROM `fanwe_user` WHERE `id` = 61247043 LIMIT 1   [ RunTime:0.0050s ]
SQL: select family_id, to_user_id ,SUM(total_ticket) as total_ticket
                      from fanwe_video_prop_201709
                      where create_time >= 1504195200 AND create_time < 1506787199 AND family_id = 188
                      GROUP BY family_id,to_user_id [ RunTime:0.0050s ]
SQL: SELECT `id`,`nick_name`,`mobile` FROM `fanwe_user` WHERE `id` = 61246205 LIMIT 1   [ RunTime:0.0050s ]
SQL: select family_id, to_user_id ,SUM(total_ticket) as total_ticket
                      from fanwe_video_prop_201709
                      where create_time >= 1504195200 AND create_time < 1506787199 AND family_id = 187
                      GROUP BY family_id,to_user_id [ RunTime:0.0050s ]
SQL: SELECT `id`,`nick_name`,`mobile` FROM `fanwe_user` WHERE `id` = 61246004 LIMIT 1   [ RunTime:0.0050s ]
INFO: [ view_parse ] --START--
INFO: [ template_filter ] --START--
INFO: Run Behavior\ContentReplaceBehavior [ RunTime:0.000000s ]
INFO: [ template_filter ] --END-- [ RunTime:0.000000s ]
INFO: Run Behavior\ParseTemplateBehavior [ RunTime:0.023000s ]
INFO: [ view_parse ] --END-- [ RunTime:0.023000s ]
INFO: [ view_filter ] --START--
INFO: Run Behavior\WriteHtmlCacheBehavior [ RunTime:0.000000s ]
INFO: [ view_filter ] --END-- [ RunTime:0.000000s ]
INFO: [ app_end ] --START--
INFO: Run Behavior\ShowPageTraceBehavior [ RunTime:0.000000s ]
INFO: [ app_end ] --END-- [ RunTime:0.000000s ]

[ 2017-09-05T10:02:06+08:00 ] ::1 /caiwu/index.php/home/index/account_list.html
INFO: [ app_init ] --START--
INFO: Run Behavior\BuildLiteBehavior [ RunTime:0.000000s ]
INFO: [ app_init ] --END-- [ RunTime:0.001000s ]
INFO: [ app_begin ] --START--
INFO: Run Behavior\ReadHtmlCacheBehavior [ RunTime:0.000000s ]
INFO: [ app_begin ] --END-- [ RunTime:0.000000s ]
NOTIC: [8] Undefined index: type D:\phpStudy\WWW\caiwu\Application\Home\Controller\IndexController.class.php 第 908 行.
NOTIC: [8] Undefined variable: last_month_sixteen_time D:\phpStudy\WWW\caiwu\Application\Home\Controller\IndexController.class.php 第 954 行.
NOTIC: [8] Undefined variable: last_month_end_time D:\phpStudy\WWW\caiwu\Application\Home\Controller\IndexController.class.php 第 954 行.
SQL: SHOW COLUMNS FROM `fanwe_family_settlement_history` [ RunTime:0.0060s ]
SQL: SELECT COUNT(*) AS tp_count FROM `fanwe_family_settlement_history` WHERE `expect_date` = '2017-09-01' LIMIT 1   [ RunTime:0.0050s ]
SQL: SELECT * FROM `fanwe_family_settlement_history` WHERE `expect_date` = '2017-09-01' ORDER BY id desc LIMIT 0,20   [ RunTime:0.0060s ]
INFO: [ view_parse ] --START--
INFO: [ template_filter ] --START--
INFO: Run Behavior\ContentReplaceBehavior [ RunTime:0.000000s ]
INFO: [ template_filter ] --END-- [ RunTime:0.000000s ]
INFO: Run Behavior\ParseTemplateBehavior [ RunTime:0.036000s ]
INFO: [ view_parse ] --END-- [ RunTime:0.037000s ]
INFO: [ view_filter ] --START--
INFO: Run Behavior\WriteHtmlCacheBehavior [ RunTime:0.000000s ]
INFO: [ view_filter ] --END-- [ RunTime:0.000000s ]
INFO: [ app_end ] --START--
INFO: Run Behavior\ShowPageTraceBehavior [ RunTime:0.001000s ]
INFO: [ app_end ] --END-- [ RunTime:0.001000s ]

[ 2017-09-05T10:02:08+08:00 ] ::1 /caiwu/index.php/home/index/family_add.html
INFO: [ app_init ] --START--
INFO: Run Behavior\BuildLiteBehavior [ RunTime:0.000000s ]
INFO: [ app_init ] --END-- [ RunTime:0.001000s ]
INFO: [ app_begin ] --START--
INFO: Run Behavior\ReadHtmlCacheBehavior [ RunTime:0.001000s ]
INFO: [ app_begin ] --END-- [ RunTime:0.001000s ]
INFO: [ view_parse ] --START--
INFO: [ template_filter ] --START--
INFO: Run Behavior\ContentReplaceBehavior [ RunTime:0.000000s ]
INFO: [ template_filter ] --END-- [ RunTime:0.000000s ]
INFO: Run Behavior\ParseTemplateBehavior [ RunTime:0.018000s ]
INFO: [ view_parse ] --END-- [ RunTime:0.018000s ]
INFO: [ view_filter ] --START--
INFO: Run Behavior\WriteHtmlCacheBehavior [ RunTime:0.001000s ]
INFO: [ view_filter ] --END-- [ RunTime:0.001000s ]
INFO: [ app_end ] --START--
INFO: Run Behavior\ShowPageTraceBehavior [ RunTime:0.000000s ]
INFO: [ app_end ] --END-- [ RunTime:0.000000s ]

[ 2017-09-05T10:02:10+08:00 ] ::1 /caiwu/index.php/home/index/right.html
INFO: [ app_init ] --START--
INFO: Run Behavior\BuildLiteBehavior [ RunTime:0.000000s ]
INFO: [ app_init ] --END-- [ RunTime:0.000000s ]
INFO: [ app_begin ] --START--
INFO: Run Behavior\ReadHtmlCacheBehavior [ RunTime:0.001000s ]
INFO: [ app_begin ] --END-- [ RunTime:0.001000s ]
SQL: SHOW COLUMNS FROM `fanwe_user` [ RunTime:0.0080s ]
SQL: SHOW COLUMNS FROM `fanwe_family` [ RunTime:0.0050s ]
SQL: SHOW COLUMNS FROM `fanwe_video_prop` [ RunTime:0.0050s ]
NOTIC: [8] Undefined index: type D:\phpStudy\WWW\caiwu\Application\Home\Controller\IndexController.class.php 第 233 行.
NOTIC: [8] Undefined index: search_name D:\phpStudy\WWW\caiwu\Application\Home\Controller\IndexController.class.php 第 240 行.
NOTIC: [8] Undefined index: st D:\phpStudy\WWW\caiwu\Application\Home\Controller\IndexController.class.php 第 240 行.
NOTIC: [8] Undefined index: et D:\phpStudy\WWW\caiwu\Application\Home\Controller\IndexController.class.php 第 240 行.
SQL: SELECT COUNT(*) AS tp_count FROM `fanwe_family` WHERE `status` = 1 LIMIT 1   [ RunTime:0.0050s ]
SQL: SELECT `id`,`name`,`user_id` FROM `fanwe_family` WHERE `status` = 1 ORDER BY id desc LIMIT 0,20   [ RunTime:0.0050s ]
SQL: select family_id, to_user_id ,SUM(total_ticket) as total_ticket
                      from fanwe_video_prop_201709
                      where create_time >= 1504195200 AND create_time < 1506787199 AND family_id = 244
                      GROUP BY family_id,to_user_id [ RunTime:0.0090s ]
SQL: SELECT `id`,`nick_name`,`mobile` FROM `fanwe_user` WHERE `id` = 61237904 LIMIT 1   [ RunTime:0.0050s ]
SQL: select family_id, to_user_id ,SUM(total_ticket) as total_ticket
                      from fanwe_video_prop_201709
                      where create_time >= 1504195200 AND create_time < 1506787199 AND family_id = 243
                      GROUP BY family_id,to_user_id [ RunTime:0.0050s ]
SQL: SELECT `id`,`nick_name`,`mobile` FROM `fanwe_user` WHERE `id` = 61263773 LIMIT 1   [ RunTime:0.0050s ]
SQL: select family_id, to_user_id ,SUM(total_ticket) as total_ticket
                      from fanwe_video_prop_201709
                      where create_time >= 1504195200 AND create_time < 1506787199 AND family_id = 242
                      GROUP BY family_id,to_user_id [ RunTime:0.0050s ]
SQL: SELECT `id`,`nick_name`,`mobile` FROM `fanwe_user` WHERE `id` = 61264032 LIMIT 1   [ RunTime:0.0050s ]
SQL: select family_id, to_user_id ,SUM(total_ticket) as total_ticket
                      from fanwe_video_prop_201709
                      where create_time >= 1504195200 AND create_time < 1506787199 AND family_id = 241
                      GROUP BY family_id,to_user_id [ RunTime:0.0050s ]
SQL: SELECT `id`,`nick_name`,`mobile` FROM `fanwe_user` WHERE `id` = 61263665 LIMIT 1   [ RunTime:0.0060s ]
SQL: select family_id, to_user_id ,SUM(total_ticket) as total_ticket
                      from fanwe_video_prop_201709
                      where create_time >= 1504195200 AND create_time < 1506787199 AND family_id = 240
                      GROUP BY family_id,to_user_id [ RunTime:0.0050s ]
SQL: SELECT `id`,`nick_name`,`mobile` FROM `fanwe_user` WHERE `id` = 61263511 LIMIT 1   [ RunTime:0.0060s ]
SQL: select family_id, to_user_id ,SUM(total_ticket) as total_ticket
                      from fanwe_video_prop_201709
                      where create_time >= 1504195200 AND create_time < 1506787199 AND family_id = 237
                      GROUP BY family_id,to_user_id [ RunTime:0.0050s ]
SQL: SELECT `id`,`nick_name`,`mobile` FROM `fanwe_user` WHERE `id` = 61262187 LIMIT 1   [ RunTime:0.0040s ]
SQL: select family_id, to_user_id ,SUM(total_ticket) as total_ticket
                      from fanwe_video_prop_201709
                      where create_time >= 1504195200 AND create_time < 1506787199 AND family_id = 234
                      GROUP BY family_id,to_user_id [ RunTime:0.0050s ]
SQL: SELECT `id`,`nick_name`,`mobile` FROM `fanwe_user` WHERE `id` = 61247075 LIMIT 1   [ RunTime:0.0050s ]
SQL: select family_id, to_user_id ,SUM(total_ticket) as total_ticket
                      from fanwe_video_prop_201709
                      where create_time >= 1504195200 AND create_time < 1506787199 AND family_id = 233
                      GROUP BY family_id,to_user_id [ RunTime:0.0050s ]
SQL: SELECT `id`,`nick_name`,`mobile` FROM `fanwe_user` WHERE `id` = 61262151 LIMIT 1   [ RunTime:0.0050s ]
SQL: select family_id, to_user_id ,SUM(total_ticket) as total_ticket
                      from fanwe_video_prop_201709
                      where create_time >= 1504195200 AND create_time < 1506787199 AND family_id = 232
                      GROUP BY family_id,to_user_id [ RunTime:0.0050s ]
SQL: SELECT `id`,`nick_name`,`mobile` FROM `fanwe_user` WHERE `id` = 61255154 LIMIT 1   [ RunTime:0.0090s ]
SQL: select family_id, to_user_id ,SUM(total_ticket) as total_ticket
                      from fanwe_video_prop_201709
                      where create_time >= 1504195200 AND create_time < 1506787199 AND family_id = 228
                      GROUP BY family_id,to_user_id [ RunTime:0.0060s ]
SQL: SELECT `id`,`nick_name`,`mobile` FROM `fanwe_user` WHERE `id` = 61261588 LIMIT 1   [ RunTime:0.0050s ]
SQL: select family_id, to_user_id ,SUM(total_ticket) as total_ticket
                      from fanwe_video_prop_201709
                      where create_time >= 1504195200 AND create_time < 1506787199 AND family_id = 227
                      GROUP BY family_id,to_user_id [ RunTime:0.0040s ]
SQL: SELECT `id`,`nick_name`,`mobile` FROM `fanwe_user` WHERE `id` = 61261582 LIMIT 1   [ RunTime:0.0050s ]
SQL: select family_id, to_user_id ,SUM(total_ticket) as total_ticket
                      from fanwe_video_prop_201709
                      where create_time >= 1504195200 AND create_time < 1506787199 AND family_id = 225
                      GROUP BY family_id,to_user_id [ RunTime:0.0050s ]
SQL: SELECT `id`,`nick_name`,`mobile` FROM `fanwe_user` WHERE `id` = 61261580 LIMIT 1   [ RunTime:0.0050s ]
SQL: select family_id, to_user_id ,SUM(total_ticket) as total_ticket
                      from fanwe_video_prop_201709
                      where create_time >= 1504195200 AND create_time < 1506787199 AND family_id = 223
                      GROUP BY family_id,to_user_id [ RunTime:0.0040s ]
SQL: SELECT `id`,`nick_name`,`mobile` FROM `fanwe_user` WHERE `id` = 61261399 LIMIT 1   [ RunTime:0.0040s ]
SQL: select family_id, to_user_id ,SUM(total_ticket) as total_ticket
                      from fanwe_video_prop_201709
                      where create_time >= 1504195200 AND create_time < 1506787199 AND family_id = 207
                      GROUP BY family_id,to_user_id [ RunTime:0.0050s ]
SQL: SELECT `id`,`nick_name`,`mobile` FROM `fanwe_user` WHERE `id` = 61234603 LIMIT 1   [ RunTime:0.0050s ]
SQL: select family_id, to_user_id ,SUM(total_ticket) as total_ticket
                      from fanwe_video_prop_201709
                      where create_time >= 1504195200 AND create_time < 1506787199 AND family_id = 204
                      GROUP BY family_id,to_user_id [ RunTime:0.0050s ]
SQL: SELECT `id`,`nick_name`,`mobile` FROM `fanwe_user` WHERE `id` = 61244736 LIMIT 1   [ RunTime:0.0040s ]
SQL: select family_id, to_user_id ,SUM(total_ticket) as total_ticket
                      from fanwe_video_prop_201709
                      where create_time >= 1504195200 AND create_time < 1506787199 AND family_id = 193
                      GROUP BY family_id,to_user_id [ RunTime:0.0050s ]
SQL: SELECT `id`,`nick_name`,`mobile` FROM `fanwe_user` WHERE `id` = 61243524 LIMIT 1   [ RunTime:0.0090s ]
SQL: select family_id, to_user_id ,SUM(total_ticket) as total_ticket
                      from fanwe_video_prop_201709
                      where create_time >= 1504195200 AND create_time < 1506787199 AND family_id = 191
                      GROUP BY family_id,to_user_id [ RunTime:0.0050s ]
SQL: SELECT `id`,`nick_name`,`mobile` FROM `fanwe_user` WHERE `id` = 61247181 LIMIT 1   [ RunTime:0.0050s ]
SQL: select family_id, to_user_id ,SUM(total_ticket) as total_ticket
                      from fanwe_video_prop_201709
                      where create_time >= 1504195200 AND create_time < 1506787199 AND family_id = 190
                      GROUP BY family_id,to_user_id [ RunTime:0.0050s ]
SQL: SELECT `id`,`nick_name`,`mobile` FROM `fanwe_user` WHERE `id` = 61247043 LIMIT 1   [ RunTime:0.0170s ]
SQL: select family_id, to_user_id ,SUM(total_ticket) as total_ticket
                      from fanwe_video_prop_201709
                      where create_time >= 1504195200 AND create_time < 1506787199 AND family_id = 188
                      GROUP BY family_id,to_user_id [ RunTime:0.0070s ]
SQL: SELECT `id`,`nick_name`,`mobile` FROM `fanwe_user` WHERE `id` = 61246205 LIMIT 1   [ RunTime:0.0060s ]
SQL: select family_id, to_user_id ,SUM(total_ticket) as total_ticket
                      from fanwe_video_prop_201709
                      where create_time >= 1504195200 AND create_time < 1506787199 AND family_id = 187
                      GROUP BY family_id,to_user_id [ RunTime:0.0050s ]
SQL: SELECT `id`,`nick_name`,`mobile` FROM `fanwe_user` WHERE `id` = 61246004 LIMIT 1   [ RunTime:0.0070s ]
INFO: [ view_parse ] --START--
INFO: [ template_filter ] --START--
INFO: Run Behavior\ContentReplaceBehavior [ RunTime:0.001000s ]
INFO: [ template_filter ] --END-- [ RunTime:0.001000s ]
INFO: Run Behavior\ParseTemplateBehavior [ RunTime:0.020000s ]
INFO: [ view_parse ] --END-- [ RunTime:0.020000s ]
INFO: [ view_filter ] --START--
INFO: Run Behavior\WriteHtmlCacheBehavior [ RunTime:0.001000s ]
INFO: [ view_filter ] --END-- [ RunTime:0.001000s ]
INFO: [ app_end ] --START--
INFO: Run Behavior\ShowPageTraceBehavior [ RunTime:0.002000s ]
INFO: [ app_end ] --END-- [ RunTime:0.002000s ]

[ 2017-09-05T10:02:12+08:00 ] ::1 /caiwu/index.php/home/index/account_list.html
INFO: [ app_init ] --START--
INFO: Run Behavior\BuildLiteBehavior [ RunTime:0.000000s ]
INFO: [ app_init ] --END-- [ RunTime:0.000000s ]
INFO: [ app_begin ] --START--
INFO: Run Behavior\ReadHtmlCacheBehavior [ RunTime:0.001000s ]
INFO: [ app_begin ] --END-- [ RunTime:0.001000s ]
NOTIC: [8] Undefined index: type D:\phpStudy\WWW\caiwu\Application\Home\Controller\IndexController.class.php 第 908 行.
NOTIC: [8] Undefined variable: last_month_sixteen_time D:\phpStudy\WWW\caiwu\Application\Home\Controller\IndexController.class.php 第 954 行.
NOTIC: [8] Undefined variable: last_month_end_time D:\phpStudy\WWW\caiwu\Application\Home\Controller\IndexController.class.php 第 954 行.
SQL: SHOW COLUMNS FROM `fanwe_family_settlement_history` [ RunTime:0.0050s ]
SQL: SELECT COUNT(*) AS tp_count FROM `fanwe_family_settlement_history` WHERE `expect_date` = '2017-09-01' LIMIT 1   [ RunTime:0.0040s ]
SQL: SELECT * FROM `fanwe_family_settlement_history` WHERE `expect_date` = '2017-09-01' ORDER BY id desc LIMIT 0,20   [ RunTime:0.0090s ]
INFO: [ view_parse ] --START--
INFO: [ template_filter ] --START--
INFO: Run Behavior\ContentReplaceBehavior [ RunTime:0.000000s ]
INFO: [ template_filter ] --END-- [ RunTime:0.000000s ]
INFO: Run Behavior\ParseTemplateBehavior [ RunTime:0.008000s ]
INFO: [ view_parse ] --END-- [ RunTime:0.008000s ]
INFO: [ view_filter ] --START--
INFO: Run Behavior\WriteHtmlCacheBehavior [ RunTime:0.001000s ]
INFO: [ view_filter ] --END-- [ RunTime:0.001000s ]
INFO: [ app_end ] --START--
INFO: Run Behavior\ShowPageTraceBehavior [ RunTime:0.000000s ]
INFO: [ app_end ] --END-- [ RunTime:0.000000s ]

[ 2017-09-05T10:02:14+08:00 ] ::1 /caiwu/index.php/home/index/right.html
INFO: [ app_init ] --START--
INFO: Run Behavior\BuildLiteBehavior [ RunTime:0.000000s ]
INFO: [ app_init ] --END-- [ RunTime:0.000000s ]
INFO: [ app_begin ] --START--
INFO: Run Behavior\ReadHtmlCacheBehavior [ RunTime:0.001000s ]
INFO: [ app_begin ] --END-- [ RunTime:0.001000s ]
SQL: SHOW COLUMNS FROM `fanwe_user` [ RunTime:0.0070s ]
SQL: SHOW COLUMNS FROM `fanwe_family` [ RunTime:0.0050s ]
SQL: SHOW COLUMNS FROM `fanwe_video_prop` [ RunTime:0.0060s ]
NOTIC: [8] Undefined index: type D:\phpStudy\WWW\caiwu\Application\Home\Controller\IndexController.class.php 第 233 行.
NOTIC: [8] Undefined index: search_name D:\phpStudy\WWW\caiwu\Application\Home\Controller\IndexController.class.php 第 240 行.
NOTIC: [8] Undefined index: st D:\phpStudy\WWW\caiwu\Application\Home\Controller\IndexController.class.php 第 240 行.
NOTIC: [8] Undefined index: et D:\phpStudy\WWW\caiwu\Application\Home\Controller\IndexController.class.php 第 240 行.
SQL: SELECT COUNT(*) AS tp_count FROM `fanwe_family` WHERE `status` = 1 LIMIT 1   [ RunTime:0.0040s ]
SQL: SELECT `id`,`name`,`user_id` FROM `fanwe_family` WHERE `status` = 1 ORDER BY id desc LIMIT 0,20   [ RunTime:0.0050s ]
SQL: select family_id, to_user_id ,SUM(total_ticket) as total_ticket
                      from fanwe_video_prop_201709
                      where create_time >= 1504195200 AND create_time < 1506787199 AND family_id = 244
                      GROUP BY family_id,to_user_id [ RunTime:0.0050s ]
SQL: SELECT `id`,`nick_name`,`mobile` FROM `fanwe_user` WHERE `id` = 61237904 LIMIT 1   [ RunTime:0.0040s ]
SQL: select family_id, to_user_id ,SUM(total_ticket) as total_ticket
                      from fanwe_video_prop_201709
                      where create_time >= 1504195200 AND create_time < 1506787199 AND family_id = 243
                      GROUP BY family_id,to_user_id [ RunTime:0.0050s ]
SQL: SELECT `id`,`nick_name`,`mobile` FROM `fanwe_user` WHERE `id` = 61263773 LIMIT 1   [ RunTime:0.0040s ]
SQL: select family_id, to_user_id ,SUM(total_ticket) as total_ticket
                      from fanwe_video_prop_201709
                      where create_time >= 1504195200 AND create_time < 1506787199 AND family_id = 242
                      GROUP BY family_id,to_user_id [ RunTime:0.0040s ]
SQL: SELECT `id`,`nick_name`,`mobile` FROM `fanwe_user` WHERE `id` = 61264032 LIMIT 1   [ RunTime:0.0050s ]
SQL: select family_id, to_user_id ,SUM(total_ticket) as total_ticket
                      from fanwe_video_prop_201709
                      where create_time >= 1504195200 AND create_time < 1506787199 AND family_id = 241
                      GROUP BY family_id,to_user_id [ RunTime:0.0040s ]
SQL: SELECT `id`,`nick_name`,`mobile` FROM `fanwe_user` WHERE `id` = 61263665 LIMIT 1   [ RunTime:0.0040s ]
SQL: select family_id, to_user_id ,SUM(total_ticket) as total_ticket
                      from fanwe_video_prop_201709
                      where create_time >= 1504195200 AND create_time < 1506787199 AND family_id = 240
                      GROUP BY family_id,to_user_id [ RunTime:0.0050s ]
SQL: SELECT `id`,`nick_name`,`mobile` FROM `fanwe_user` WHERE `id` = 61263511 LIMIT 1   [ RunTime:0.0040s ]
SQL: select family_id, to_user_id ,SUM(total_ticket) as total_ticket
                      from fanwe_video_prop_201709
                      where create_time >= 1504195200 AND create_time < 1506787199 AND family_id = 237
                      GROUP BY family_id,to_user_id [ RunTime:0.0050s ]
SQL: SELECT `id`,`nick_name`,`mobile` FROM `fanwe_user` WHERE `id` = 61262187 LIMIT 1   [ RunTime:0.0040s ]
SQL: select family_id, to_user_id ,SUM(total_ticket) as total_ticket
                      from fanwe_video_prop_201709
                      where create_time >= 1504195200 AND create_time < 1506787199 AND family_id = 234
                      GROUP BY family_id,to_user_id [ RunTime:0.0050s ]
SQL: SELECT `id`,`nick_name`,`mobile` FROM `fanwe_user` WHERE `id` = 61247075 LIMIT 1   [ RunTime:0.0050s ]
SQL: select family_id, to_user_id ,SUM(total_ticket) as total_ticket
                      from fanwe_video_prop_201709
                      where create_time >= 1504195200 AND create_time < 1506787199 AND family_id = 233
                      GROUP BY family_id,to_user_id [ RunTime:0.0040s ]
SQL: SELECT `id`,`nick_name`,`mobile` FROM `fanwe_user` WHERE `id` = 61262151 LIMIT 1   [ RunTime:0.0050s ]
SQL: select family_id, to_user_id ,SUM(total_ticket) as total_ticket
                      from fanwe_video_prop_201709
                      where create_time >= 1504195200 AND create_time < 1506787199 AND family_id = 232
                      GROUP BY family_id,to_user_id [ RunTime:0.0040s ]
SQL: SELECT `id`,`nick_name`,`mobile` FROM `fanwe_user` WHERE `id` = 61255154 LIMIT 1   [ RunTime:0.0050s ]
SQL: select family_id, to_user_id ,SUM(total_ticket) as total_ticket
                      from fanwe_video_prop_201709
                      where create_time >= 1504195200 AND create_time < 1506787199 AND family_id = 228
                      GROUP BY family_id,to_user_id [ RunTime:0.0040s ]
SQL: SELECT `id`,`nick_name`,`mobile` FROM `fanwe_user` WHERE `id` = 61261588 LIMIT 1   [ RunTime:0.0040s ]
SQL: select family_id, to_user_id ,SUM(total_ticket) as total_ticket
                      from fanwe_video_prop_201709
                      where create_time >= 1504195200 AND create_time < 1506787199 AND family_id = 227
                      GROUP BY family_id,to_user_id [ RunTime:0.0050s ]
SQL: SELECT `id`,`nick_name`,`mobile` FROM `fanwe_user` WHERE `id` = 61261582 LIMIT 1   [ RunTime:0.0040s ]
SQL: select family_id, to_user_id ,SUM(total_ticket) as total_ticket
                      from fanwe_video_prop_201709
                      where create_time >= 1504195200 AND create_time < 1506787199 AND family_id = 225
                      GROUP BY family_id,to_user_id [ RunTime:0.0050s ]
SQL: SELECT `id`,`nick_name`,`mobile` FROM `fanwe_user` WHERE `id` = 61261580 LIMIT 1   [ RunTime:0.0050s ]
SQL: select family_id, to_user_id ,SUM(total_ticket) as total_ticket
                      from fanwe_video_prop_201709
                      where create_time >= 1504195200 AND create_time < 1506787199 AND family_id = 223
                      GROUP BY family_id,to_user_id [ RunTime:0.0040s ]
SQL: SELECT `id`,`nick_name`,`mobile` FROM `fanwe_user` WHERE `id` = 61261399 LIMIT 1   [ RunTime:0.0050s ]
SQL: select family_id, to_user_id ,SUM(total_ticket) as total_ticket
                      from fanwe_video_prop_201709
                      where create_time >= 1504195200 AND create_time < 1506787199 AND family_id = 207
                      GROUP BY family_id,to_user_id [ RunTime:0.0050s ]
SQL: SELECT `id`,`nick_name`,`mobile` FROM `fanwe_user` WHERE `id` = 61234603 LIMIT 1   [ RunTime:0.0040s ]
SQL: select family_id, to_user_id ,SUM(total_ticket) as total_ticket
                      from fanwe_video_prop_201709
                      where create_time >= 1504195200 AND create_time < 1506787199 AND family_id = 204
                      GROUP BY family_id,to_user_id [ RunTime:0.0050s ]
SQL: SELECT `id`,`nick_name`,`mobile` FROM `fanwe_user` WHERE `id` = 61244736 LIMIT 1   [ RunTime:0.0050s ]
SQL: select family_id, to_user_id ,SUM(total_ticket) as total_ticket
                      from fanwe_video_prop_201709
                      where create_time >= 1504195200 AND create_time < 1506787199 AND family_id = 193
                      GROUP BY family_id,to_user_id [ RunTime:0.0050s ]
SQL: SELECT `id`,`nick_name`,`mobile` FROM `fanwe_user` WHERE `id` = 61243524 LIMIT 1   [ RunTime:0.0040s ]
SQL: select family_id, to_user_id ,SUM(total_ticket) as total_ticket
                      from fanwe_video_prop_201709
                      where create_time >= 1504195200 AND create_time < 1506787199 AND family_id = 191
                      GROUP BY family_id,to_user_id [ RunTime:0.0050s ]
SQL: SELECT `id`,`nick_name`,`mobile` FROM `fanwe_user` WHERE `id` = 61247181 LIMIT 1   [ RunTime:0.0040s ]
SQL: select family_id, to_user_id ,SUM(total_ticket) as total_ticket
                      from fanwe_video_prop_201709
                      where create_time >= 1504195200 AND create_time < 1506787199 AND family_id = 190
                      GROUP BY family_id,to_user_id [ RunTime:0.0050s ]
SQL: SELECT `id`,`nick_name`,`mobile` FROM `fanwe_user` WHERE `id` = 61247043 LIMIT 1   [ RunTime:0.0050s ]
SQL: select family_id, to_user_id ,SUM(total_ticket) as total_ticket
                      from fanwe_video_prop_201709
                      where create_time >= 1504195200 AND create_time < 1506787199 AND family_id = 188
                      GROUP BY family_id,to_user_id [ RunTime:0.0040s ]
SQL: SELECT `id`,`nick_name`,`mobile` FROM `fanwe_user` WHERE `id` = 61246205 LIMIT 1   [ RunTime:0.0050s ]
SQL: select family_id, to_user_id ,SUM(total_ticket) as total_ticket
                      from fanwe_video_prop_201709
                      where create_time >= 1504195200 AND create_time < 1506787199 AND family_id = 187
                      GROUP BY family_id,to_user_id [ RunTime:0.0040s ]
SQL: SELECT `id`,`nick_name`,`mobile` FROM `fanwe_user` WHERE `id` = 61246004 LIMIT 1   [ RunTime:0.0040s ]
INFO: [ view_parse ] --START--
INFO: [ template_filter ] --START--
INFO: Run Behavior\ContentReplaceBehavior [ RunTime:0.000000s ]
INFO: [ template_filter ] --END-- [ RunTime:0.000000s ]
INFO: Run Behavior\ParseTemplateBehavior [ RunTime:0.006000s ]
INFO: [ view_parse ] --END-- [ RunTime:0.006000s ]
INFO: [ view_filter ] --START--
INFO: Run Behavior\WriteHtmlCacheBehavior [ RunTime:0.000000s ]
INFO: [ view_filter ] --END-- [ RunTime:0.000000s ]
INFO: [ app_end ] --START--
INFO: Run Behavior\ShowPageTraceBehavior [ RunTime:0.000000s ]
INFO: [ app_end ] --END-- [ RunTime:0.001000s ]

