[ 2017-08-16T11:27:14+08:00 ] ::1 /caiwu/index.php/Home/Index/main
INFO: [ app_init ] --START--
INFO: Run Behavior\BuildLiteBehavior [ RunTime:0.000000s ]
INFO: [ app_init ] --END-- [ RunTime:0.000000s ]
INFO: [ app_begin ] --START--
INFO: Run Behavior\ReadHtmlCacheBehavior [ RunTime:0.000000s ]
INFO: [ app_begin ] --END-- [ RunTime:0.000000s ]
INFO: [ view_parse ] --START--
INFO: [ template_filter ] --START--
INFO: Run Behavior\ContentReplaceBehavior [ RunTime:0.000000s ]
INFO: [ template_filter ] --END-- [ RunTime:0.000000s ]
INFO: Run Behavior\ParseTemplateBehavior [ RunTime:0.003000s ]
INFO: [ view_parse ] --END-- [ RunTime:0.004000s ]
INFO: [ view_filter ] --START--
INFO: Run Behavior\WriteHtmlCacheBehavior [ RunTime:0.000000s ]
INFO: [ view_filter ] --END-- [ RunTime:0.000000s ]
INFO: [ app_end ] --START--
INFO: Run Behavior\ShowPageTraceBehavior [ RunTime:0.000000s ]
INFO: [ app_end ] --END-- [ RunTime:0.000000s ]

[ 2017-08-16T11:27:14+08:00 ] ::1 /caiwu/index.php/home/index/top.html
INFO: [ app_init ] --START--
INFO: Run Behavior\BuildLiteBehavior [ RunTime:0.000000s ]
INFO: [ app_init ] --END-- [ RunTime:0.000000s ]
INFO: [ app_begin ] --START--
INFO: Run Behavior\ReadHtmlCacheBehavior [ RunTime:0.001000s ]
INFO: [ app_begin ] --END-- [ RunTime:0.001000s ]
INFO: [ view_parse ] --START--
INFO: [ template_filter ] --START--
INFO: Run Behavior\ContentReplaceBehavior [ RunTime:0.000000s ]
INFO: [ template_filter ] --END-- [ RunTime:0.000000s ]
INFO: Run Behavior\ParseTemplateBehavior [ RunTime:0.004000s ]
INFO: [ view_parse ] --END-- [ RunTime:0.004000s ]
INFO: [ view_filter ] --START--
INFO: Run Behavior\WriteHtmlCacheBehavior [ RunTime:0.000000s ]
INFO: [ view_filter ] --END-- [ RunTime:0.000000s ]
INFO: [ app_end ] --START--
INFO: Run Behavior\ShowPageTraceBehavior [ RunTime:0.000000s ]
INFO: [ app_end ] --END-- [ RunTime:0.000000s ]

[ 2017-08-16T11:27:15+08:00 ] ::1 /caiwu/index.php/home/index/left.html
INFO: [ app_init ] --START--
INFO: Run Behavior\BuildLiteBehavior [ RunTime:0.000000s ]
INFO: [ app_init ] --END-- [ RunTime:0.002000s ]
INFO: [ app_begin ] --START--
INFO: Run Behavior\ReadHtmlCacheBehavior [ RunTime:0.001000s ]
INFO: [ app_begin ] --END-- [ RunTime:0.001000s ]
INFO: [ view_parse ] --START--
INFO: [ template_filter ] --START--
INFO: Run Behavior\ContentReplaceBehavior [ RunTime:0.000000s ]
INFO: [ template_filter ] --END-- [ RunTime:0.000000s ]
INFO: Run Behavior\ParseTemplateBehavior [ RunTime:0.007000s ]
INFO: [ view_parse ] --END-- [ RunTime:0.008000s ]
INFO: [ view_filter ] --START--
INFO: Run Behavior\WriteHtmlCacheBehavior [ RunTime:0.000000s ]
INFO: [ view_filter ] --END-- [ RunTime:0.000000s ]
INFO: [ app_end ] --START--
INFO: Run Behavior\ShowPageTraceBehavior [ RunTime:0.001000s ]
INFO: [ app_end ] --END-- [ RunTime:0.001000s ]

[ 2017-08-16T11:27:15+08:00 ] ::1 /caiwu/index.php/home/index/index.html
INFO: [ app_init ] --START--
INFO: Run Behavior\BuildLiteBehavior [ RunTime:0.000000s ]
INFO: [ app_init ] --END-- [ RunTime:0.000000s ]
INFO: [ app_begin ] --START--
INFO: Run Behavior\ReadHtmlCacheBehavior [ RunTime:0.000000s ]
INFO: [ app_begin ] --END-- [ RunTime:0.000000s ]
INFO: [ view_parse ] --START--
INFO: [ template_filter ] --START--
INFO: Run Behavior\ContentReplaceBehavior [ RunTime:0.000000s ]
INFO: [ template_filter ] --END-- [ RunTime:0.000000s ]
INFO: Run Behavior\ParseTemplateBehavior [ RunTime:0.008000s ]
INFO: [ view_parse ] --END-- [ RunTime:0.008000s ]
INFO: [ view_filter ] --START--
INFO: Run Behavior\WriteHtmlCacheBehavior [ RunTime:0.000000s ]
INFO: [ view_filter ] --END-- [ RunTime:0.000000s ]
INFO: [ app_end ] --START--
INFO: Run Behavior\ShowPageTraceBehavior [ RunTime:0.001000s ]
INFO: [ app_end ] --END-- [ RunTime:0.001000s ]

[ 2017-08-16T11:27:17+08:00 ] ::1 /caiwu/index.php/home/index/account_list.html
INFO: [ app_init ] --START--
INFO: Run Behavior\BuildLiteBehavior [ RunTime:0.000000s ]
INFO: [ app_init ] --END-- [ RunTime:0.000000s ]
INFO: [ app_begin ] --START--
INFO: Run Behavior\ReadHtmlCacheBehavior [ RunTime:0.001000s ]
INFO: [ app_begin ] --END-- [ RunTime:0.001000s ]
NOTIC: [8] Undefined index: type D:\phpStudy\WWW\caiwu\Application\Home\Controller\IndexController.class.php 第 908 行.
SQL: SHOW COLUMNS FROM `fanwe_family_settlement_history` [ RunTime:0.0190s ]
SQL: SELECT COUNT(*) AS tp_count FROM `fanwe_family_settlement_history` WHERE `expect_date` = '2017-08-16' LIMIT 1   [ RunTime:0.0180s ]
SQL: SELECT * FROM `fanwe_family_settlement_history` WHERE `expect_date` = '2017-08-16' ORDER BY id desc LIMIT 0,20   [ RunTime:0.0330s ]
INFO: [ view_parse ] --START--
INFO: [ template_filter ] --START--
INFO: Run Behavior\ContentReplaceBehavior [ RunTime:0.000000s ]
INFO: [ template_filter ] --END-- [ RunTime:0.000000s ]
INFO: Run Behavior\ParseTemplateBehavior [ RunTime:0.029000s ]
INFO: [ view_parse ] --END-- [ RunTime:0.029000s ]
INFO: [ view_filter ] --START--
INFO: Run Behavior\WriteHtmlCacheBehavior [ RunTime:0.001000s ]
INFO: [ view_filter ] --END-- [ RunTime:0.001000s ]
INFO: [ app_end ] --START--
INFO: Run Behavior\ShowPageTraceBehavior [ RunTime:0.001000s ]
INFO: [ app_end ] --END-- [ RunTime:0.001000s ]

[ 2017-08-16T11:27:24+08:00 ] ::1 /caiwu/index.php/home/index/right.html
INFO: [ app_init ] --START--
INFO: Run Behavior\BuildLiteBehavior [ RunTime:0.000000s ]
INFO: [ app_init ] --END-- [ RunTime:0.000000s ]
INFO: [ app_begin ] --START--
INFO: Run Behavior\ReadHtmlCacheBehavior [ RunTime:0.000000s ]
INFO: [ app_begin ] --END-- [ RunTime:0.001000s ]
SQL: SHOW COLUMNS FROM `fanwe_user` [ RunTime:0.0250s ]
SQL: SHOW COLUMNS FROM `fanwe_family` [ RunTime:0.0220s ]
SQL: SHOW COLUMNS FROM `fanwe_video_prop` [ RunTime:0.0230s ]
NOTIC: [8] Undefined index: type D:\phpStudy\WWW\caiwu\Application\Home\Controller\IndexController.class.php 第 233 行.
NOTIC: [8] Undefined index: search_name D:\phpStudy\WWW\caiwu\Application\Home\Controller\IndexController.class.php 第 240 行.
NOTIC: [8] Undefined index: st D:\phpStudy\WWW\caiwu\Application\Home\Controller\IndexController.class.php 第 240 行.
NOTIC: [8] Undefined index: et D:\phpStudy\WWW\caiwu\Application\Home\Controller\IndexController.class.php 第 240 行.
SQL: SELECT COUNT(*) AS tp_count FROM `fanwe_family` WHERE `status` = 1 LIMIT 1   [ RunTime:0.0210s ]
SQL: SELECT `id`,`name`,`user_id` FROM `fanwe_family` WHERE `status` = 1 ORDER BY id desc LIMIT 0,20   [ RunTime:0.0220s ]
SQL: select family_id, to_user_id ,SUM(total_ticket) as total_ticket
                      from fanwe_video_prop_201708
                      where create_time >= 1501516800 AND create_time < 1504195199 AND family_id = 244
                      GROUP BY family_id,to_user_id [ RunTime:0.0220s ]
SQL: SELECT `id`,`nick_name`,`mobile` FROM `fanwe_user` WHERE `id` = 61237904 LIMIT 1   [ RunTime:0.0210s ]
SQL: select family_id, to_user_id ,SUM(total_ticket) as total_ticket
                      from fanwe_video_prop_201708
                      where create_time >= 1501516800 AND create_time < 1504195199 AND family_id = 243
                      GROUP BY family_id,to_user_id [ RunTime:0.0220s ]
SQL: SELECT `id`,`nick_name`,`mobile` FROM `fanwe_user` WHERE `id` = 61263773 LIMIT 1   [ RunTime:0.0240s ]
SQL: select family_id, to_user_id ,SUM(total_ticket) as total_ticket
                      from fanwe_video_prop_201708
                      where create_time >= 1501516800 AND create_time < 1504195199 AND family_id = 242
                      GROUP BY family_id,to_user_id [ RunTime:0.0210s ]
SQL: SELECT `id`,`nick_name`,`mobile` FROM `fanwe_user` WHERE `id` = 61264032 LIMIT 1   [ RunTime:0.0210s ]
SQL: select family_id, to_user_id ,SUM(total_ticket) as total_ticket
                      from fanwe_video_prop_201708
                      where create_time >= 1501516800 AND create_time < 1504195199 AND family_id = 241
                      GROUP BY family_id,to_user_id [ RunTime:0.0220s ]
SQL: SELECT `id`,`nick_name`,`mobile` FROM `fanwe_user` WHERE `id` = 61263665 LIMIT 1   [ RunTime:0.0220s ]
SQL: select family_id, to_user_id ,SUM(total_ticket) as total_ticket
                      from fanwe_video_prop_201708
                      where create_time >= 1501516800 AND create_time < 1504195199 AND family_id = 240
                      GROUP BY family_id,to_user_id [ RunTime:0.0220s ]
SQL: SELECT `id`,`nick_name`,`mobile` FROM `fanwe_user` WHERE `id` = 61263511 LIMIT 1   [ RunTime:0.0220s ]
SQL: select family_id, to_user_id ,SUM(total_ticket) as total_ticket
                      from fanwe_video_prop_201708
                      where create_time >= 1501516800 AND create_time < 1504195199 AND family_id = 237
                      GROUP BY family_id,to_user_id [ RunTime:0.0240s ]
SQL: SELECT `id`,`nick_name`,`mobile` FROM `fanwe_user` WHERE `id` = 61262187 LIMIT 1   [ RunTime:0.0210s ]
SQL: select family_id, to_user_id ,SUM(total_ticket) as total_ticket
                      from fanwe_video_prop_201708
                      where create_time >= 1501516800 AND create_time < 1504195199 AND family_id = 234
                      GROUP BY family_id,to_user_id [ RunTime:0.0210s ]
SQL: SELECT `id`,`nick_name`,`mobile` FROM `fanwe_user` WHERE `id` = 61247075 LIMIT 1   [ RunTime:0.0220s ]
SQL: select family_id, to_user_id ,SUM(total_ticket) as total_ticket
                      from fanwe_video_prop_201708
                      where create_time >= 1501516800 AND create_time < 1504195199 AND family_id = 233
                      GROUP BY family_id,to_user_id [ RunTime:0.0210s ]
SQL: SELECT `id`,`nick_name`,`mobile` FROM `fanwe_user` WHERE `id` = 61262151 LIMIT 1   [ RunTime:0.0210s ]
SQL: select family_id, to_user_id ,SUM(total_ticket) as total_ticket
                      from fanwe_video_prop_201708
                      where create_time >= 1501516800 AND create_time < 1504195199 AND family_id = 232
                      GROUP BY family_id,to_user_id [ RunTime:0.0210s ]
SQL: SELECT `id`,`nick_name`,`mobile` FROM `fanwe_user` WHERE `id` = 61255154 LIMIT 1   [ RunTime:0.0210s ]
SQL: select family_id, to_user_id ,SUM(total_ticket) as total_ticket
                      from fanwe_video_prop_201708
                      where create_time >= 1501516800 AND create_time < 1504195199 AND family_id = 228
                      GROUP BY family_id,to_user_id [ RunTime:0.0320s ]
SQL: SELECT `id`,`nick_name`,`mobile` FROM `fanwe_user` WHERE `id` = 61261588 LIMIT 1   [ RunTime:0.0230s ]
SQL: select family_id, to_user_id ,SUM(total_ticket) as total_ticket
                      from fanwe_video_prop_201708
                      where create_time >= 1501516800 AND create_time < 1504195199 AND family_id = 227
                      GROUP BY family_id,to_user_id [ RunTime:0.0210s ]
SQL: SELECT `id`,`nick_name`,`mobile` FROM `fanwe_user` WHERE `id` = 61261582 LIMIT 1   [ RunTime:0.0210s ]
SQL: select family_id, to_user_id ,SUM(total_ticket) as total_ticket
                      from fanwe_video_prop_201708
                      where create_time >= 1501516800 AND create_time < 1504195199 AND family_id = 225
                      GROUP BY family_id,to_user_id [ RunTime:0.0220s ]
SQL: SELECT `id`,`nick_name`,`mobile` FROM `fanwe_user` WHERE `id` = 61261580 LIMIT 1   [ RunTime:0.0220s ]
SQL: select family_id, to_user_id ,SUM(total_ticket) as total_ticket
                      from fanwe_video_prop_201708
                      where create_time >= 1501516800 AND create_time < 1504195199 AND family_id = 223
                      GROUP BY family_id,to_user_id [ RunTime:0.0210s ]
SQL: SELECT `id`,`nick_name`,`mobile` FROM `fanwe_user` WHERE `id` = 61261399 LIMIT 1   [ RunTime:0.0210s ]
SQL: select family_id, to_user_id ,SUM(total_ticket) as total_ticket
                      from fanwe_video_prop_201708
                      where create_time >= 1501516800 AND create_time < 1504195199 AND family_id = 207
                      GROUP BY family_id,to_user_id [ RunTime:0.0210s ]
SQL: SELECT `id`,`nick_name`,`mobile` FROM `fanwe_user` WHERE `id` = 61234603 LIMIT 1   [ RunTime:0.0210s ]
SQL: select family_id, to_user_id ,SUM(total_ticket) as total_ticket
                      from fanwe_video_prop_201708
                      where create_time >= 1501516800 AND create_time < 1504195199 AND family_id = 204
                      GROUP BY family_id,to_user_id [ RunTime:0.0210s ]
SQL: SELECT `id`,`nick_name`,`mobile` FROM `fanwe_user` WHERE `id` = 61244736 LIMIT 1   [ RunTime:0.0210s ]
SQL: select family_id, to_user_id ,SUM(total_ticket) as total_ticket
                      from fanwe_video_prop_201708
                      where create_time >= 1501516800 AND create_time < 1504195199 AND family_id = 193
                      GROUP BY family_id,to_user_id [ RunTime:0.0220s ]
SQL: SELECT `id`,`nick_name`,`mobile` FROM `fanwe_user` WHERE `id` = 61243524 LIMIT 1   [ RunTime:0.0220s ]
SQL: select family_id, to_user_id ,SUM(total_ticket) as total_ticket
                      from fanwe_video_prop_201708
                      where create_time >= 1501516800 AND create_time < 1504195199 AND family_id = 191
                      GROUP BY family_id,to_user_id [ RunTime:0.0220s ]
SQL: SELECT `id`,`nick_name`,`mobile` FROM `fanwe_user` WHERE `id` = 61247181 LIMIT 1   [ RunTime:0.0210s ]
SQL: select family_id, to_user_id ,SUM(total_ticket) as total_ticket
                      from fanwe_video_prop_201708
                      where create_time >= 1501516800 AND create_time < 1504195199 AND family_id = 190
                      GROUP BY family_id,to_user_id [ RunTime:0.0210s ]
SQL: SELECT `id`,`nick_name`,`mobile` FROM `fanwe_user` WHERE `id` = 61247043 LIMIT 1   [ RunTime:0.0210s ]
SQL: select family_id, to_user_id ,SUM(total_ticket) as total_ticket
                      from fanwe_video_prop_201708
                      where create_time >= 1501516800 AND create_time < 1504195199 AND family_id = 188
                      GROUP BY family_id,to_user_id [ RunTime:0.0220s ]
SQL: SELECT `id`,`nick_name`,`mobile` FROM `fanwe_user` WHERE `id` = 61246205 LIMIT 1   [ RunTime:0.0210s ]
SQL: select family_id, to_user_id ,SUM(total_ticket) as total_ticket
                      from fanwe_video_prop_201708
                      where create_time >= 1501516800 AND create_time < 1504195199 AND family_id = 187
                      GROUP BY family_id,to_user_id [ RunTime:0.0210s ]
SQL: SELECT `id`,`nick_name`,`mobile` FROM `fanwe_user` WHERE `id` = 61246004 LIMIT 1   [ RunTime:0.0220s ]
INFO: [ view_parse ] --START--
INFO: [ template_filter ] --START--
INFO: Run Behavior\ContentReplaceBehavior [ RunTime:0.000000s ]
INFO: [ template_filter ] --END-- [ RunTime:0.000000s ]
INFO: Run Behavior\ParseTemplateBehavior [ RunTime:0.022000s ]
INFO: [ view_parse ] --END-- [ RunTime:0.022000s ]
INFO: [ view_filter ] --START--
INFO: Run Behavior\WriteHtmlCacheBehavior [ RunTime:0.000000s ]
INFO: [ view_filter ] --END-- [ RunTime:0.000000s ]
INFO: [ app_end ] --START--
INFO: Run Behavior\ShowPageTraceBehavior [ RunTime:0.001000s ]
INFO: [ app_end ] --END-- [ RunTime:0.001000s ]

[ 2017-08-16T11:27:27+08:00 ] ::1 /caiwu/index.php/home/index/account_list.html
INFO: [ app_init ] --START--
INFO: Run Behavior\BuildLiteBehavior [ RunTime:0.000000s ]
INFO: [ app_init ] --END-- [ RunTime:0.000000s ]
INFO: [ app_begin ] --START--
INFO: Run Behavior\ReadHtmlCacheBehavior [ RunTime:0.000000s ]
INFO: [ app_begin ] --END-- [ RunTime:0.000000s ]
NOTIC: [8] Undefined index: type D:\phpStudy\WWW\caiwu\Application\Home\Controller\IndexController.class.php 第 908 行.
SQL: SHOW COLUMNS FROM `fanwe_family_settlement_history` [ RunTime:0.0300s ]
SQL: SELECT COUNT(*) AS tp_count FROM `fanwe_family_settlement_history` WHERE `expect_date` = '2017-08-16' LIMIT 1   [ RunTime:0.0290s ]
SQL: SELECT * FROM `fanwe_family_settlement_history` WHERE `expect_date` = '2017-08-16' ORDER BY id desc LIMIT 0,20   [ RunTime:0.0320s ]
INFO: [ view_parse ] --START--
INFO: [ template_filter ] --START--
INFO: Run Behavior\ContentReplaceBehavior [ RunTime:0.000000s ]
INFO: [ template_filter ] --END-- [ RunTime:0.000000s ]
INFO: Run Behavior\ParseTemplateBehavior [ RunTime:0.011000s ]
INFO: [ view_parse ] --END-- [ RunTime:0.011000s ]
INFO: [ view_filter ] --START--
INFO: Run Behavior\WriteHtmlCacheBehavior [ RunTime:0.000000s ]
INFO: [ view_filter ] --END-- [ RunTime:0.001000s ]
INFO: [ app_end ] --START--
INFO: Run Behavior\ShowPageTraceBehavior [ RunTime:0.000000s ]
INFO: [ app_end ] --END-- [ RunTime:0.000000s ]

[ 2017-08-16T11:27:29+08:00 ] ::1 /caiwu/index.php/home/index/right.html
INFO: [ app_init ] --START--
INFO: Run Behavior\BuildLiteBehavior [ RunTime:0.000000s ]
INFO: [ app_init ] --END-- [ RunTime:0.000000s ]
INFO: [ app_begin ] --START--
INFO: Run Behavior\ReadHtmlCacheBehavior [ RunTime:0.000000s ]
INFO: [ app_begin ] --END-- [ RunTime:0.000000s ]
SQL: SHOW COLUMNS FROM `fanwe_user` [ RunTime:0.0190s ]
SQL: SHOW COLUMNS FROM `fanwe_family` [ RunTime:0.0170s ]
SQL: SHOW COLUMNS FROM `fanwe_video_prop` [ RunTime:0.0170s ]
NOTIC: [8] Undefined index: type D:\phpStudy\WWW\caiwu\Application\Home\Controller\IndexController.class.php 第 233 行.
NOTIC: [8] Undefined index: search_name D:\phpStudy\WWW\caiwu\Application\Home\Controller\IndexController.class.php 第 240 行.
NOTIC: [8] Undefined index: st D:\phpStudy\WWW\caiwu\Application\Home\Controller\IndexController.class.php 第 240 行.
NOTIC: [8] Undefined index: et D:\phpStudy\WWW\caiwu\Application\Home\Controller\IndexController.class.php 第 240 行.
SQL: SELECT COUNT(*) AS tp_count FROM `fanwe_family` WHERE `status` = 1 LIMIT 1   [ RunTime:0.0170s ]
SQL: SELECT `id`,`name`,`user_id` FROM `fanwe_family` WHERE `status` = 1 ORDER BY id desc LIMIT 0,20   [ RunTime:0.0170s ]
SQL: select family_id, to_user_id ,SUM(total_ticket) as total_ticket
                      from fanwe_video_prop_201708
                      where create_time >= 1501516800 AND create_time < 1504195199 AND family_id = 244
                      GROUP BY family_id,to_user_id [ RunTime:0.0160s ]
SQL: SELECT `id`,`nick_name`,`mobile` FROM `fanwe_user` WHERE `id` = 61237904 LIMIT 1   [ RunTime:0.0160s ]
SQL: select family_id, to_user_id ,SUM(total_ticket) as total_ticket
                      from fanwe_video_prop_201708
                      where create_time >= 1501516800 AND create_time < 1504195199 AND family_id = 243
                      GROUP BY family_id,to_user_id [ RunTime:0.0170s ]
SQL: SELECT `id`,`nick_name`,`mobile` FROM `fanwe_user` WHERE `id` = 61263773 LIMIT 1   [ RunTime:0.0160s ]
SQL: select family_id, to_user_id ,SUM(total_ticket) as total_ticket
                      from fanwe_video_prop_201708
                      where create_time >= 1501516800 AND create_time < 1504195199 AND family_id = 242
                      GROUP BY family_id,to_user_id [ RunTime:0.0170s ]
SQL: SELECT `id`,`nick_name`,`mobile` FROM `fanwe_user` WHERE `id` = 61264032 LIMIT 1   [ RunTime:0.0160s ]
SQL: select family_id, to_user_id ,SUM(total_ticket) as total_ticket
                      from fanwe_video_prop_201708
                      where create_time >= 1501516800 AND create_time < 1504195199 AND family_id = 241
                      GROUP BY family_id,to_user_id [ RunTime:0.0160s ]
SQL: SELECT `id`,`nick_name`,`mobile` FROM `fanwe_user` WHERE `id` = 61263665 LIMIT 1   [ RunTime:0.0160s ]
SQL: select family_id, to_user_id ,SUM(total_ticket) as total_ticket
                      from fanwe_video_prop_201708
                      where create_time >= 1501516800 AND create_time < 1504195199 AND family_id = 240
                      GROUP BY family_id,to_user_id [ RunTime:0.0160s ]
SQL: SELECT `id`,`nick_name`,`mobile` FROM `fanwe_user` WHERE `id` = 61263511 LIMIT 1   [ RunTime:0.0160s ]
SQL: select family_id, to_user_id ,SUM(total_ticket) as total_ticket
                      from fanwe_video_prop_201708
                      where create_time >= 1501516800 AND create_time < 1504195199 AND family_id = 237
                      GROUP BY family_id,to_user_id [ RunTime:0.0180s ]
SQL: SELECT `id`,`nick_name`,`mobile` FROM `fanwe_user` WHERE `id` = 61262187 LIMIT 1   [ RunTime:0.0160s ]
SQL: select family_id, to_user_id ,SUM(total_ticket) as total_ticket
                      from fanwe_video_prop_201708
                      where create_time >= 1501516800 AND create_time < 1504195199 AND family_id = 234
                      GROUP BY family_id,to_user_id [ RunTime:0.0160s ]
SQL: SELECT `id`,`nick_name`,`mobile` FROM `fanwe_user` WHERE `id` = 61247075 LIMIT 1   [ RunTime:0.0160s ]
SQL: select family_id, to_user_id ,SUM(total_ticket) as total_ticket
                      from fanwe_video_prop_201708
                      where create_time >= 1501516800 AND create_time < 1504195199 AND family_id = 233
                      GROUP BY family_id,to_user_id [ RunTime:0.0160s ]
SQL: SELECT `id`,`nick_name`,`mobile` FROM `fanwe_user` WHERE `id` = 61262151 LIMIT 1   [ RunTime:0.0160s ]
SQL: select family_id, to_user_id ,SUM(total_ticket) as total_ticket
                      from fanwe_video_prop_201708
                      where create_time >= 1501516800 AND create_time < 1504195199 AND family_id = 232
                      GROUP BY family_id,to_user_id [ RunTime:0.0160s ]
SQL: SELECT `id`,`nick_name`,`mobile` FROM `fanwe_user` WHERE `id` = 61255154 LIMIT 1   [ RunTime:0.0150s ]
SQL: select family_id, to_user_id ,SUM(total_ticket) as total_ticket
                      from fanwe_video_prop_201708
                      where create_time >= 1501516800 AND create_time < 1504195199 AND family_id = 228
                      GROUP BY family_id,to_user_id [ RunTime:0.0160s ]
SQL: SELECT `id`,`nick_name`,`mobile` FROM `fanwe_user` WHERE `id` = 61261588 LIMIT 1   [ RunTime:0.0160s ]
SQL: select family_id, to_user_id ,SUM(total_ticket) as total_ticket
                      from fanwe_video_prop_201708
                      where create_time >= 1501516800 AND create_time < 1504195199 AND family_id = 227
                      GROUP BY family_id,to_user_id [ RunTime:0.0170s ]
SQL: SELECT `id`,`nick_name`,`mobile` FROM `fanwe_user` WHERE `id` = 61261582 LIMIT 1   [ RunTime:0.0160s ]
SQL: select family_id, to_user_id ,SUM(total_ticket) as total_ticket
                      from fanwe_video_prop_201708
                      where create_time >= 1501516800 AND create_time < 1504195199 AND family_id = 225
                      GROUP BY family_id,to_user_id [ RunTime:0.0160s ]
SQL: SELECT `id`,`nick_name`,`mobile` FROM `fanwe_user` WHERE `id` = 61261580 LIMIT 1   [ RunTime:0.0160s ]
SQL: select family_id, to_user_id ,SUM(total_ticket) as total_ticket
                      from fanwe_video_prop_201708
                      where create_time >= 1501516800 AND create_time < 1504195199 AND family_id = 223
                      GROUP BY family_id,to_user_id [ RunTime:0.0170s ]
SQL: SELECT `id`,`nick_name`,`mobile` FROM `fanwe_user` WHERE `id` = 61261399 LIMIT 1   [ RunTime:0.0170s ]
SQL: select family_id, to_user_id ,SUM(total_ticket) as total_ticket
                      from fanwe_video_prop_201708
                      where create_time >= 1501516800 AND create_time < 1504195199 AND family_id = 207
                      GROUP BY family_id,to_user_id [ RunTime:0.0160s ]
SQL: SELECT `id`,`nick_name`,`mobile` FROM `fanwe_user` WHERE `id` = 61234603 LIMIT 1   [ RunTime:0.0160s ]
SQL: select family_id, to_user_id ,SUM(total_ticket) as total_ticket
                      from fanwe_video_prop_201708
                      where create_time >= 1501516800 AND create_time < 1504195199 AND family_id = 204
                      GROUP BY family_id,to_user_id [ RunTime:0.0170s ]
SQL: SELECT `id`,`nick_name`,`mobile` FROM `fanwe_user` WHERE `id` = 61244736 LIMIT 1   [ RunTime:0.0170s ]
SQL: select family_id, to_user_id ,SUM(total_ticket) as total_ticket
                      from fanwe_video_prop_201708
                      where create_time >= 1501516800 AND create_time < 1504195199 AND family_id = 193
                      GROUP BY family_id,to_user_id [ RunTime:0.0160s ]
SQL: SELECT `id`,`nick_name`,`mobile` FROM `fanwe_user` WHERE `id` = 61243524 LIMIT 1   [ RunTime:0.0160s ]
SQL: select family_id, to_user_id ,SUM(total_ticket) as total_ticket
                      from fanwe_video_prop_201708
                      where create_time >= 1501516800 AND create_time < 1504195199 AND family_id = 191
                      GROUP BY family_id,to_user_id [ RunTime:0.0160s ]
SQL: SELECT `id`,`nick_name`,`mobile` FROM `fanwe_user` WHERE `id` = 61247181 LIMIT 1   [ RunTime:0.0160s ]
SQL: select family_id, to_user_id ,SUM(total_ticket) as total_ticket
                      from fanwe_video_prop_201708
                      where create_time >= 1501516800 AND create_time < 1504195199 AND family_id = 190
                      GROUP BY family_id,to_user_id [ RunTime:0.0160s ]
SQL: SELECT `id`,`nick_name`,`mobile` FROM `fanwe_user` WHERE `id` = 61247043 LIMIT 1   [ RunTime:0.0160s ]
SQL: select family_id, to_user_id ,SUM(total_ticket) as total_ticket
                      from fanwe_video_prop_201708
                      where create_time >= 1501516800 AND create_time < 1504195199 AND family_id = 188
                      GROUP BY family_id,to_user_id [ RunTime:0.0160s ]
SQL: SELECT `id`,`nick_name`,`mobile` FROM `fanwe_user` WHERE `id` = 61246205 LIMIT 1   [ RunTime:0.0160s ]
SQL: select family_id, to_user_id ,SUM(total_ticket) as total_ticket
                      from fanwe_video_prop_201708
                      where create_time >= 1501516800 AND create_time < 1504195199 AND family_id = 187
                      GROUP BY family_id,to_user_id [ RunTime:0.0160s ]
SQL: SELECT `id`,`nick_name`,`mobile` FROM `fanwe_user` WHERE `id` = 61246004 LIMIT 1   [ RunTime:0.0160s ]
INFO: [ view_parse ] --START--
INFO: [ template_filter ] --START--
INFO: Run Behavior\ContentReplaceBehavior [ RunTime:0.000000s ]
INFO: [ template_filter ] --END-- [ RunTime:0.000000s ]
INFO: Run Behavior\ParseTemplateBehavior [ RunTime:0.021000s ]
INFO: [ view_parse ] --END-- [ RunTime:0.021000s ]
INFO: [ view_filter ] --START--
INFO: Run Behavior\WriteHtmlCacheBehavior [ RunTime:0.000000s ]
INFO: [ view_filter ] --END-- [ RunTime:0.000000s ]
INFO: [ app_end ] --START--
INFO: Run Behavior\ShowPageTraceBehavior [ RunTime:0.000000s ]
INFO: [ app_end ] --END-- [ RunTime:0.000000s ]

[ 2017-08-16T11:27:36+08:00 ] ::1 /caiwu/index.php/home/index/account_list.html
INFO: [ app_init ] --START--
INFO: Run Behavior\BuildLiteBehavior [ RunTime:0.000000s ]
INFO: [ app_init ] --END-- [ RunTime:0.000000s ]
INFO: [ app_begin ] --START--
INFO: Run Behavior\ReadHtmlCacheBehavior [ RunTime:0.001000s ]
INFO: [ app_begin ] --END-- [ RunTime:0.001000s ]
NOTIC: [8] Undefined index: type D:\phpStudy\WWW\caiwu\Application\Home\Controller\IndexController.class.php 第 908 行.
SQL: SHOW COLUMNS FROM `fanwe_family_settlement_history` [ RunTime:0.0180s ]
SQL: SELECT COUNT(*) AS tp_count FROM `fanwe_family_settlement_history` WHERE `expect_date` = '2017-08-16' LIMIT 1   [ RunTime:0.0170s ]
SQL: SELECT * FROM `fanwe_family_settlement_history` WHERE `expect_date` = '2017-08-16' ORDER BY id desc LIMIT 0,20   [ RunTime:0.0170s ]
INFO: [ view_parse ] --START--
INFO: [ template_filter ] --START--
INFO: Run Behavior\ContentReplaceBehavior [ RunTime:0.000000s ]
INFO: [ template_filter ] --END-- [ RunTime:0.001000s ]
INFO: Run Behavior\ParseTemplateBehavior [ RunTime:0.020000s ]
INFO: [ view_parse ] --END-- [ RunTime:0.021000s ]
INFO: [ view_filter ] --START--
INFO: Run Behavior\WriteHtmlCacheBehavior [ RunTime:0.000000s ]
INFO: [ view_filter ] --END-- [ RunTime:0.001000s ]
INFO: [ app_end ] --START--
INFO: Run Behavior\ShowPageTraceBehavior [ RunTime:0.001000s ]
INFO: [ app_end ] --END-- [ RunTime:0.001000s ]

[ 2017-08-16T11:38:50+08:00 ] ::1 /caiwu/index.php/Home/Index/main
INFO: [ app_init ] --START--
INFO: Run Behavior\BuildLiteBehavior [ RunTime:0.000000s ]
INFO: [ app_init ] --END-- [ RunTime:0.000000s ]
INFO: [ app_begin ] --START--
INFO: Run Behavior\ReadHtmlCacheBehavior [ RunTime:0.001000s ]
INFO: [ app_begin ] --END-- [ RunTime:0.001000s ]
INFO: [ view_parse ] --START--
INFO: [ template_filter ] --START--
INFO: Run Behavior\ContentReplaceBehavior [ RunTime:0.000000s ]
INFO: [ template_filter ] --END-- [ RunTime:0.000000s ]
INFO: Run Behavior\ParseTemplateBehavior [ RunTime:0.008000s ]
INFO: [ view_parse ] --END-- [ RunTime:0.008000s ]
INFO: [ view_filter ] --START--
INFO: Run Behavior\WriteHtmlCacheBehavior [ RunTime:0.000000s ]
INFO: [ view_filter ] --END-- [ RunTime:0.000000s ]
INFO: [ app_end ] --START--
INFO: Run Behavior\ShowPageTraceBehavior [ RunTime:0.000000s ]
INFO: [ app_end ] --END-- [ RunTime:0.000000s ]

[ 2017-08-16T11:38:50+08:00 ] ::1 /caiwu/index.php/home/index/top.html
INFO: [ app_init ] --START--
INFO: Run Behavior\BuildLiteBehavior [ RunTime:0.000000s ]
INFO: [ app_init ] --END-- [ RunTime:0.000000s ]
INFO: [ app_begin ] --START--
INFO: Run Behavior\ReadHtmlCacheBehavior [ RunTime:0.000000s ]
INFO: [ app_begin ] --END-- [ RunTime:0.000000s ]
INFO: [ view_parse ] --START--
INFO: [ template_filter ] --START--
INFO: Run Behavior\ContentReplaceBehavior [ RunTime:0.000000s ]
INFO: [ template_filter ] --END-- [ RunTime:0.000000s ]
INFO: Run Behavior\ParseTemplateBehavior [ RunTime:0.004000s ]
INFO: [ view_parse ] --END-- [ RunTime:0.004000s ]
INFO: [ view_filter ] --START--
INFO: Run Behavior\WriteHtmlCacheBehavior [ RunTime:0.000000s ]
INFO: [ view_filter ] --END-- [ RunTime:0.000000s ]
INFO: [ app_end ] --START--
INFO: Run Behavior\ShowPageTraceBehavior [ RunTime:0.001000s ]
INFO: [ app_end ] --END-- [ RunTime:0.001000s ]

[ 2017-08-16T11:38:52+08:00 ] ::1 /caiwu/index.php/home/index/left.html
INFO: [ app_init ] --START--
INFO: Run Behavior\BuildLiteBehavior [ RunTime:0.000000s ]
INFO: [ app_init ] --END-- [ RunTime:0.001000s ]
INFO: [ app_begin ] --START--
INFO: Run Behavior\ReadHtmlCacheBehavior [ RunTime:0.001000s ]
INFO: [ app_begin ] --END-- [ RunTime:0.002000s ]
INFO: [ view_parse ] --START--
INFO: [ template_filter ] --START--
INFO: Run Behavior\ContentReplaceBehavior [ RunTime:0.000000s ]
INFO: [ template_filter ] --END-- [ RunTime:0.000000s ]
INFO: Run Behavior\ParseTemplateBehavior [ RunTime:0.005000s ]
INFO: [ view_parse ] --END-- [ RunTime:0.006000s ]
INFO: [ view_filter ] --START--
INFO: Run Behavior\WriteHtmlCacheBehavior [ RunTime:0.000000s ]
INFO: [ view_filter ] --END-- [ RunTime:0.000000s ]
INFO: [ app_end ] --START--
INFO: Run Behavior\ShowPageTraceBehavior [ RunTime:0.000000s ]
INFO: [ app_end ] --END-- [ RunTime:0.000000s ]

[ 2017-08-16T11:38:52+08:00 ] ::1 /caiwu/index.php/home/index/index.html
INFO: [ app_init ] --START--
INFO: Run Behavior\BuildLiteBehavior [ RunTime:0.000000s ]
INFO: [ app_init ] --END-- [ RunTime:0.001000s ]
INFO: [ app_begin ] --START--
INFO: Run Behavior\ReadHtmlCacheBehavior [ RunTime:0.001000s ]
INFO: [ app_begin ] --END-- [ RunTime:0.001000s ]
INFO: [ view_parse ] --START--
INFO: [ template_filter ] --START--
INFO: Run Behavior\ContentReplaceBehavior [ RunTime:0.000000s ]
INFO: [ template_filter ] --END-- [ RunTime:0.000000s ]
INFO: Run Behavior\ParseTemplateBehavior [ RunTime:0.008000s ]
INFO: [ view_parse ] --END-- [ RunTime:0.009000s ]
INFO: [ view_filter ] --START--
INFO: Run Behavior\WriteHtmlCacheBehavior [ RunTime:0.000000s ]
INFO: [ view_filter ] --END-- [ RunTime:0.000000s ]
INFO: [ app_end ] --START--
INFO: Run Behavior\ShowPageTraceBehavior [ RunTime:0.000000s ]
INFO: [ app_end ] --END-- [ RunTime:0.000000s ]

[ 2017-08-16T11:38:54+08:00 ] ::1 /caiwu/index.php/home/index/account_list.html
INFO: [ app_init ] --START--
INFO: Run Behavior\BuildLiteBehavior [ RunTime:0.000000s ]
INFO: [ app_init ] --END-- [ RunTime:0.000000s ]
INFO: [ app_begin ] --START--
INFO: Run Behavior\ReadHtmlCacheBehavior [ RunTime:0.001000s ]
INFO: [ app_begin ] --END-- [ RunTime:0.001000s ]
NOTIC: [8] Undefined index: type D:\phpStudy\WWW\caiwu\Application\Home\Controller\IndexController.class.php 第 908 行.
SQL: SHOW COLUMNS FROM `fanwe_family_settlement_history` [ RunTime:0.0170s ]
SQL: SELECT COUNT(*) AS tp_count FROM `fanwe_family_settlement_history` WHERE `expect_date` = '2017-08-16' LIMIT 1   [ RunTime:0.0170s ]
SQL: SELECT * FROM `fanwe_family_settlement_history` WHERE `expect_date` = '2017-08-16' ORDER BY id desc LIMIT 0,20   [ RunTime:0.0190s ]
INFO: [ view_parse ] --START--
INFO: [ template_filter ] --START--
INFO: Run Behavior\ContentReplaceBehavior [ RunTime:0.000000s ]
INFO: [ template_filter ] --END-- [ RunTime:0.000000s ]
INFO: Run Behavior\ParseTemplateBehavior [ RunTime:0.009000s ]
INFO: [ view_parse ] --END-- [ RunTime:0.009000s ]
INFO: [ view_filter ] --START--
INFO: Run Behavior\WriteHtmlCacheBehavior [ RunTime:0.000000s ]
INFO: [ view_filter ] --END-- [ RunTime:0.000000s ]
INFO: [ app_end ] --START--
INFO: Run Behavior\ShowPageTraceBehavior [ RunTime:0.001000s ]
INFO: [ app_end ] --END-- [ RunTime:0.001000s ]

[ 2017-08-16T11:38:56+08:00 ] ::1 /caiwu/index.php/home/index/family_add.html
INFO: [ app_init ] --START--
INFO: Run Behavior\BuildLiteBehavior [ RunTime:0.000000s ]
INFO: [ app_init ] --END-- [ RunTime:0.000000s ]
INFO: [ app_begin ] --START--
INFO: Run Behavior\ReadHtmlCacheBehavior [ RunTime:0.000000s ]
INFO: [ app_begin ] --END-- [ RunTime:0.000000s ]
INFO: [ view_parse ] --START--
INFO: [ template_filter ] --START--
INFO: Run Behavior\ContentReplaceBehavior [ RunTime:0.000000s ]
INFO: [ template_filter ] --END-- [ RunTime:0.001000s ]
INFO: Run Behavior\ParseTemplateBehavior [ RunTime:0.005000s ]
INFO: [ view_parse ] --END-- [ RunTime:0.006000s ]
INFO: [ view_filter ] --START--
INFO: Run Behavior\WriteHtmlCacheBehavior [ RunTime:0.000000s ]
INFO: [ view_filter ] --END-- [ RunTime:0.000000s ]
INFO: [ app_end ] --START--
INFO: Run Behavior\ShowPageTraceBehavior [ RunTime:0.000000s ]
INFO: [ app_end ] --END-- [ RunTime:0.000000s ]

[ 2017-08-16T11:38:57+08:00 ] ::1 /caiwu/index.php/home/index/account_list.html
INFO: [ app_init ] --START--
INFO: Run Behavior\BuildLiteBehavior [ RunTime:0.000000s ]
INFO: [ app_init ] --END-- [ RunTime:0.001000s ]
INFO: [ app_begin ] --START--
INFO: Run Behavior\ReadHtmlCacheBehavior [ RunTime:0.001000s ]
INFO: [ app_begin ] --END-- [ RunTime:0.001000s ]
NOTIC: [8] Undefined index: type D:\phpStudy\WWW\caiwu\Application\Home\Controller\IndexController.class.php 第 908 行.
SQL: SHOW COLUMNS FROM `fanwe_family_settlement_history` [ RunTime:0.0220s ]
SQL: SELECT COUNT(*) AS tp_count FROM `fanwe_family_settlement_history` WHERE `expect_date` = '2017-08-16' LIMIT 1   [ RunTime:0.0210s ]
SQL: SELECT * FROM `fanwe_family_settlement_history` WHERE `expect_date` = '2017-08-16' ORDER BY id desc LIMIT 0,20   [ RunTime:0.0230s ]
INFO: [ view_parse ] --START--
INFO: [ template_filter ] --START--
INFO: Run Behavior\ContentReplaceBehavior [ RunTime:0.001000s ]
INFO: [ template_filter ] --END-- [ RunTime:0.001000s ]
INFO: Run Behavior\ParseTemplateBehavior [ RunTime:0.017000s ]
INFO: [ view_parse ] --END-- [ RunTime:0.017000s ]
INFO: [ view_filter ] --START--
INFO: Run Behavior\WriteHtmlCacheBehavior [ RunTime:0.000000s ]
INFO: [ view_filter ] --END-- [ RunTime:0.001000s ]
INFO: [ app_end ] --START--
INFO: Run Behavior\ShowPageTraceBehavior [ RunTime:0.001000s ]
INFO: [ app_end ] --END-- [ RunTime:0.001000s ]

[ 2017-08-16T11:39:14+08:00 ] ::1 /caiwu/index.php/home/index/account_list.html
INFO: [ app_init ] --START--
INFO: Run Behavior\BuildLiteBehavior [ RunTime:0.000000s ]
INFO: [ app_init ] --END-- [ RunTime:0.001000s ]
INFO: [ app_begin ] --START--
INFO: Run Behavior\ReadHtmlCacheBehavior [ RunTime:0.001000s ]
INFO: [ app_begin ] --END-- [ RunTime:0.001000s ]
NOTIC: [8] Undefined index: type D:\phpStudy\WWW\caiwu\Application\Home\Controller\IndexController.class.php 第 908 行.
SQL: SHOW COLUMNS FROM `fanwe_family_settlement_history` [ RunTime:0.0170s ]
SQL: SELECT COUNT(*) AS tp_count FROM `fanwe_family_settlement_history` WHERE `expect_date` = '2017-08-16' LIMIT 1   [ RunTime:0.0170s ]
SQL: SELECT * FROM `fanwe_family_settlement_history` WHERE `expect_date` = '2017-08-16' ORDER BY id desc LIMIT 0,20   [ RunTime:0.0180s ]
INFO: [ view_parse ] --START--
INFO: [ template_filter ] --START--
INFO: Run Behavior\ContentReplaceBehavior [ RunTime:0.000000s ]
INFO: [ template_filter ] --END-- [ RunTime:0.000000s ]
INFO: Run Behavior\ParseTemplateBehavior [ RunTime:0.014000s ]
INFO: [ view_parse ] --END-- [ RunTime:0.014000s ]
INFO: [ view_filter ] --START--
INFO: Run Behavior\WriteHtmlCacheBehavior [ RunTime:0.001000s ]
INFO: [ view_filter ] --END-- [ RunTime:0.001000s ]
INFO: [ app_end ] --START--
INFO: Run Behavior\ShowPageTraceBehavior [ RunTime:0.001000s ]
INFO: [ app_end ] --END-- [ RunTime:0.001000s ]

[ 2017-08-16T11:39:15+08:00 ] ::1 /caiwu/index.php/home/index/account_list.html
INFO: [ app_init ] --START--
INFO: Run Behavior\BuildLiteBehavior [ RunTime:0.000000s ]
INFO: [ app_init ] --END-- [ RunTime:0.000000s ]
INFO: [ app_begin ] --START--
INFO: Run Behavior\ReadHtmlCacheBehavior [ RunTime:0.000000s ]
INFO: [ app_begin ] --END-- [ RunTime:0.000000s ]
NOTIC: [8] Undefined index: type D:\phpStudy\WWW\caiwu\Application\Home\Controller\IndexController.class.php 第 908 行.
SQL: SHOW COLUMNS FROM `fanwe_family_settlement_history` [ RunTime:0.0300s ]
SQL: SELECT COUNT(*) AS tp_count FROM `fanwe_family_settlement_history` WHERE `expect_date` = '2017-08-16' LIMIT 1   [ RunTime:0.0290s ]
SQL: SELECT * FROM `fanwe_family_settlement_history` WHERE `expect_date` = '2017-08-16' ORDER BY id desc LIMIT 0,20   [ RunTime:0.0300s ]
INFO: [ view_parse ] --START--
INFO: [ template_filter ] --START--
INFO: Run Behavior\ContentReplaceBehavior [ RunTime:0.000000s ]
INFO: [ template_filter ] --END-- [ RunTime:0.000000s ]
INFO: Run Behavior\ParseTemplateBehavior [ RunTime:0.006000s ]
INFO: [ view_parse ] --END-- [ RunTime:0.006000s ]
INFO: [ view_filter ] --START--
INFO: Run Behavior\WriteHtmlCacheBehavior [ RunTime:0.000000s ]
INFO: [ view_filter ] --END-- [ RunTime:0.000000s ]
INFO: [ app_end ] --START--
INFO: Run Behavior\ShowPageTraceBehavior [ RunTime:0.000000s ]
INFO: [ app_end ] --END-- [ RunTime:0.000000s ]

[ 2017-08-16T11:40:16+08:00 ] ::1 /caiwu/index.php/Home/Index/main
INFO: [ app_init ] --START--
INFO: Run Behavior\BuildLiteBehavior [ RunTime:0.000000s ]
INFO: [ app_init ] --END-- [ RunTime:0.001000s ]
INFO: [ app_begin ] --START--
INFO: Run Behavior\ReadHtmlCacheBehavior [ RunTime:0.001000s ]
INFO: [ app_begin ] --END-- [ RunTime:0.001000s ]
INFO: [ view_parse ] --START--
INFO: [ template_filter ] --START--
INFO: Run Behavior\ContentReplaceBehavior [ RunTime:0.000000s ]
INFO: [ template_filter ] --END-- [ RunTime:0.000000s ]
INFO: Run Behavior\ParseTemplateBehavior [ RunTime:0.005000s ]
INFO: [ view_parse ] --END-- [ RunTime:0.005000s ]
INFO: [ view_filter ] --START--
INFO: Run Behavior\WriteHtmlCacheBehavior [ RunTime:0.000000s ]
INFO: [ view_filter ] --END-- [ RunTime:0.000000s ]
INFO: [ app_end ] --START--
INFO: Run Behavior\ShowPageTraceBehavior [ RunTime:0.000000s ]
INFO: [ app_end ] --END-- [ RunTime:0.000000s ]

[ 2017-08-16T11:40:16+08:00 ] ::1 /caiwu/index.php/home/index/top.html
INFO: [ app_init ] --START--
INFO: Run Behavior\BuildLiteBehavior [ RunTime:0.000000s ]
INFO: [ app_init ] --END-- [ RunTime:0.000000s ]
INFO: [ app_begin ] --START--
INFO: Run Behavior\ReadHtmlCacheBehavior [ RunTime:0.001000s ]
INFO: [ app_begin ] --END-- [ RunTime:0.001000s ]
INFO: [ view_parse ] --START--
INFO: [ template_filter ] --START--
INFO: Run Behavior\ContentReplaceBehavior [ RunTime:0.000000s ]
INFO: [ template_filter ] --END-- [ RunTime:0.000000s ]
INFO: Run Behavior\ParseTemplateBehavior [ RunTime:0.006000s ]
INFO: [ view_parse ] --END-- [ RunTime:0.006000s ]
INFO: [ view_filter ] --START--
INFO: Run Behavior\WriteHtmlCacheBehavior [ RunTime:0.000000s ]
INFO: [ view_filter ] --END-- [ RunTime:0.000000s ]
INFO: [ app_end ] --START--
INFO: Run Behavior\ShowPageTraceBehavior [ RunTime:0.000000s ]
INFO: [ app_end ] --END-- [ RunTime:0.000000s ]

[ 2017-08-16T11:40:16+08:00 ] ::1 /caiwu/index.php/home/index/left.html
INFO: [ app_init ] --START--
INFO: Run Behavior\BuildLiteBehavior [ RunTime:0.000000s ]
INFO: [ app_init ] --END-- [ RunTime:0.000000s ]
INFO: [ app_begin ] --START--
INFO: Run Behavior\ReadHtmlCacheBehavior [ RunTime:0.000000s ]
INFO: [ app_begin ] --END-- [ RunTime:0.000000s ]
INFO: [ view_parse ] --START--
INFO: [ template_filter ] --START--
INFO: Run Behavior\ContentReplaceBehavior [ RunTime:0.000000s ]
INFO: [ template_filter ] --END-- [ RunTime:0.000000s ]
INFO: Run Behavior\ParseTemplateBehavior [ RunTime:0.004000s ]
INFO: [ view_parse ] --END-- [ RunTime:0.004000s ]
INFO: [ view_filter ] --START--
INFO: Run Behavior\WriteHtmlCacheBehavior [ RunTime:0.000000s ]
INFO: [ view_filter ] --END-- [ RunTime:0.000000s ]
INFO: [ app_end ] --START--
INFO: Run Behavior\ShowPageTraceBehavior [ RunTime:0.000000s ]
INFO: [ app_end ] --END-- [ RunTime:0.000000s ]

[ 2017-08-16T11:40:17+08:00 ] ::1 /caiwu/index.php/home/index/index.html
INFO: [ app_init ] --START--
INFO: Run Behavior\BuildLiteBehavior [ RunTime:0.000000s ]
INFO: [ app_init ] --END-- [ RunTime:0.001000s ]
INFO: [ app_begin ] --START--
INFO: Run Behavior\ReadHtmlCacheBehavior [ RunTime:0.001000s ]
INFO: [ app_begin ] --END-- [ RunTime:0.001000s ]
INFO: [ view_parse ] --START--
INFO: [ template_filter ] --START--
INFO: Run Behavior\ContentReplaceBehavior [ RunTime:0.000000s ]
INFO: [ template_filter ] --END-- [ RunTime:0.000000s ]
INFO: Run Behavior\ParseTemplateBehavior [ RunTime:0.007000s ]
INFO: [ view_parse ] --END-- [ RunTime:0.007000s ]
INFO: [ view_filter ] --START--
INFO: Run Behavior\WriteHtmlCacheBehavior [ RunTime:0.000000s ]
INFO: [ view_filter ] --END-- [ RunTime:0.000000s ]
INFO: [ app_end ] --START--
INFO: Run Behavior\ShowPageTraceBehavior [ RunTime:0.001000s ]
INFO: [ app_end ] --END-- [ RunTime:0.001000s ]

[ 2017-08-16T11:57:14+08:00 ] ::1 /caiwu/index.php/home/index/account_list.html
INFO: [ app_init ] --START--
INFO: Run Behavior\BuildLiteBehavior [ RunTime:0.000000s ]
INFO: [ app_init ] --END-- [ RunTime:0.001000s ]
INFO: [ app_begin ] --START--
INFO: Run Behavior\ReadHtmlCacheBehavior [ RunTime:0.000000s ]
INFO: [ app_begin ] --END-- [ RunTime:0.000000s ]
NOTIC: [8] Undefined index: type D:\phpStudy\WWW\caiwu\Application\Home\Controller\IndexController.class.php 第 908 行.
SQL: SHOW COLUMNS FROM `fanwe_family_settlement_history` [ RunTime:0.0220s ]
SQL: SELECT COUNT(*) AS tp_count FROM `fanwe_family_settlement_history` WHERE `expect_date` = '2017-08-16' LIMIT 1   [ RunTime:0.0210s ]
SQL: SELECT * FROM `fanwe_family_settlement_history` WHERE `expect_date` = '2017-08-16' ORDER BY id desc LIMIT 0,20   [ RunTime:0.0220s ]
INFO: [ view_parse ] --START--
INFO: [ template_filter ] --START--
INFO: Run Behavior\ContentReplaceBehavior [ RunTime:0.000000s ]
INFO: [ template_filter ] --END-- [ RunTime:0.000000s ]
INFO: Run Behavior\ParseTemplateBehavior [ RunTime:0.030000s ]
INFO: [ view_parse ] --END-- [ RunTime:0.030000s ]
INFO: [ view_filter ] --START--
INFO: Run Behavior\WriteHtmlCacheBehavior [ RunTime:0.001000s ]
INFO: [ view_filter ] --END-- [ RunTime:0.001000s ]
INFO: [ app_end ] --START--
INFO: Run Behavior\ShowPageTraceBehavior [ RunTime:0.001000s ]
INFO: [ app_end ] --END-- [ RunTime:0.001000s ]

[ 2017-08-16T11:57:21+08:00 ] ::1 /caiwu/index.php/home/index/account_list/p/2.html
INFO: [ app_init ] --START--
INFO: Run Behavior\BuildLiteBehavior [ RunTime:0.000000s ]
INFO: [ app_init ] --END-- [ RunTime:0.001000s ]
INFO: [ app_begin ] --START--
INFO: Run Behavior\ReadHtmlCacheBehavior [ RunTime:0.001000s ]
INFO: [ app_begin ] --END-- [ RunTime:0.001000s ]
NOTIC: [8] Undefined index: type D:\phpStudy\WWW\caiwu\Application\Home\Controller\IndexController.class.php 第 908 行.
SQL: SHOW COLUMNS FROM `fanwe_family_settlement_history` [ RunTime:0.0180s ]
SQL: SELECT COUNT(*) AS tp_count FROM `fanwe_family_settlement_history` WHERE `expect_date` = '2017-08-16' LIMIT 1   [ RunTime:0.0170s ]
SQL: SELECT * FROM `fanwe_family_settlement_history` WHERE `expect_date` = '2017-08-16' ORDER BY id desc LIMIT 20,20   [ RunTime:0.0180s ]
INFO: [ view_parse ] --START--
INFO: [ template_filter ] --START--
INFO: Run Behavior\ContentReplaceBehavior [ RunTime:0.000000s ]
INFO: [ template_filter ] --END-- [ RunTime:0.000000s ]
INFO: Run Behavior\ParseTemplateBehavior [ RunTime:0.011000s ]
INFO: [ view_parse ] --END-- [ RunTime:0.011000s ]
INFO: [ view_filter ] --START--
INFO: Run Behavior\WriteHtmlCacheBehavior [ RunTime:0.001000s ]
INFO: [ view_filter ] --END-- [ RunTime:0.001000s ]
INFO: [ app_end ] --START--
INFO: Run Behavior\ShowPageTraceBehavior [ RunTime:0.001000s ]
INFO: [ app_end ] --END-- [ RunTime:0.001000s ]

[ 2017-08-16T11:57:24+08:00 ] ::1 /caiwu/index.php/home/index/account_list/p/3.html
INFO: [ app_init ] --START--
INFO: Run Behavior\BuildLiteBehavior [ RunTime:0.000000s ]
INFO: [ app_init ] --END-- [ RunTime:0.001000s ]
INFO: [ app_begin ] --START--
INFO: Run Behavior\ReadHtmlCacheBehavior [ RunTime:0.001000s ]
INFO: [ app_begin ] --END-- [ RunTime:0.001000s ]
NOTIC: [8] Undefined index: type D:\phpStudy\WWW\caiwu\Application\Home\Controller\IndexController.class.php 第 908 行.
SQL: SHOW COLUMNS FROM `fanwe_family_settlement_history` [ RunTime:0.0210s ]
SQL: SELECT COUNT(*) AS tp_count FROM `fanwe_family_settlement_history` WHERE `expect_date` = '2017-08-16' LIMIT 1   [ RunTime:0.0210s ]
SQL: SELECT * FROM `fanwe_family_settlement_history` WHERE `expect_date` = '2017-08-16' ORDER BY id desc LIMIT 40,20   [ RunTime:0.0230s ]
INFO: [ view_parse ] --START--
INFO: [ template_filter ] --START--
INFO: Run Behavior\ContentReplaceBehavior [ RunTime:0.000000s ]
INFO: [ template_filter ] --END-- [ RunTime:0.000000s ]
INFO: Run Behavior\ParseTemplateBehavior [ RunTime:0.012000s ]
INFO: [ view_parse ] --END-- [ RunTime:0.012000s ]
INFO: [ view_filter ] --START--
INFO: Run Behavior\WriteHtmlCacheBehavior [ RunTime:0.000000s ]
INFO: [ view_filter ] --END-- [ RunTime:0.001000s ]
INFO: [ app_end ] --START--
INFO: Run Behavior\ShowPageTraceBehavior [ RunTime:0.001000s ]
INFO: [ app_end ] --END-- [ RunTime:0.001000s ]

[ 2017-08-16T11:57:48+08:00 ] ::1 /caiwu/index.php/home/index/account_list.html?type=1&st=&search_name=61243073
INFO: [ app_init ] --START--
INFO: Run Behavior\BuildLiteBehavior [ RunTime:0.000000s ]
INFO: [ app_init ] --END-- [ RunTime:0.001000s ]
INFO: [ app_begin ] --START--
INFO: Run Behavior\ReadHtmlCacheBehavior [ RunTime:0.000000s ]
INFO: [ app_begin ] --END-- [ RunTime:0.000000s ]
SQL: SHOW COLUMNS FROM `fanwe_family_settlement_history` [ RunTime:0.0220s ]
SQL: SELECT COUNT(*) AS tp_count FROM `fanwe_family_settlement_history` WHERE `user_id` = 61243073 LIMIT 1   [ RunTime:0.0210s ]
SQL: SELECT * FROM `fanwe_family_settlement_history` WHERE `user_id` = 61243073 ORDER BY id desc LIMIT 0,20   [ RunTime:0.0220s ]
INFO: [ view_parse ] --START--
INFO: [ template_filter ] --START--
INFO: Run Behavior\ContentReplaceBehavior [ RunTime:0.000000s ]
INFO: [ template_filter ] --END-- [ RunTime:0.000000s ]
INFO: Run Behavior\ParseTemplateBehavior [ RunTime:0.012000s ]
INFO: [ view_parse ] --END-- [ RunTime:0.012000s ]
INFO: [ view_filter ] --START--
INFO: Run Behavior\WriteHtmlCacheBehavior [ RunTime:0.001000s ]
INFO: [ view_filter ] --END-- [ RunTime:0.001000s ]
INFO: [ app_end ] --START--
INFO: Run Behavior\ShowPageTraceBehavior [ RunTime:0.001000s ]
INFO: [ app_end ] --END-- [ RunTime:0.001000s ]

[ 2017-08-16T12:05:54+08:00 ] ::1 /caiwu/index.php/home/index/account_list.html
INFO: [ app_init ] --START--
INFO: Run Behavior\BuildLiteBehavior [ RunTime:0.000000s ]
INFO: [ app_init ] --END-- [ RunTime:0.000000s ]
INFO: [ app_begin ] --START--
INFO: Run Behavior\ReadHtmlCacheBehavior [ RunTime:0.000000s ]
INFO: [ app_begin ] --END-- [ RunTime:0.000000s ]
NOTIC: [8] Undefined index: type D:\phpStudy\WWW\caiwu\Application\Home\Controller\IndexController.class.php 第 908 行.
SQL: SHOW COLUMNS FROM `fanwe_family_settlement_history` [ RunTime:0.0170s ]
SQL: SELECT COUNT(*) AS tp_count FROM `fanwe_family_settlement_history` WHERE `expect_date` = '2017-08-16' LIMIT 1   [ RunTime:0.0170s ]
SQL: SELECT * FROM `fanwe_family_settlement_history` WHERE `expect_date` = '2017-08-16' ORDER BY id desc LIMIT 0,20   [ RunTime:0.0180s ]
INFO: [ view_parse ] --START--
INFO: [ template_filter ] --START--
INFO: Run Behavior\ContentReplaceBehavior [ RunTime:0.000000s ]
INFO: [ template_filter ] --END-- [ RunTime:0.000000s ]
INFO: Run Behavior\ParseTemplateBehavior [ RunTime:0.026000s ]
INFO: [ view_parse ] --END-- [ RunTime:0.026000s ]
INFO: [ view_filter ] --START--
INFO: Run Behavior\WriteHtmlCacheBehavior [ RunTime:0.001000s ]
INFO: [ view_filter ] --END-- [ RunTime:0.001000s ]
INFO: [ app_end ] --START--
INFO: Run Behavior\ShowPageTraceBehavior [ RunTime:0.000000s ]
INFO: [ app_end ] --END-- [ RunTime:0.000000s ]

[ 2017-08-16T12:06:16+08:00 ] ::1 /caiwu/index.php/home/index/account_list.html?type=1&st=2017-08-16&search_name=61243073
INFO: [ app_init ] --START--
INFO: Run Behavior\BuildLiteBehavior [ RunTime:0.000000s ]
INFO: [ app_init ] --END-- [ RunTime:0.001000s ]
INFO: [ app_begin ] --START--
INFO: Run Behavior\ReadHtmlCacheBehavior [ RunTime:0.000000s ]
INFO: [ app_begin ] --END-- [ RunTime:0.000000s ]
SQL: SHOW COLUMNS FROM `fanwe_family_settlement_history` [ RunTime:0.0320s ]
SQL: SELECT COUNT(*) AS tp_count FROM `fanwe_family_settlement_history` WHERE `user_id` = 61243073 LIMIT 1   [ RunTime:0.0320s ]
SQL: SELECT * FROM `fanwe_family_settlement_history` WHERE `user_id` = 61243073 ORDER BY id desc LIMIT 0,20   [ RunTime:0.0320s ]
INFO: [ view_parse ] --START--
INFO: [ template_filter ] --START--
INFO: Run Behavior\ContentReplaceBehavior [ RunTime:0.000000s ]
INFO: [ template_filter ] --END-- [ RunTime:0.000000s ]
INFO: Run Behavior\ParseTemplateBehavior [ RunTime:0.019000s ]
INFO: [ view_parse ] --END-- [ RunTime:0.019000s ]
INFO: [ view_filter ] --START--
INFO: Run Behavior\WriteHtmlCacheBehavior [ RunTime:0.000000s ]
INFO: [ view_filter ] --END-- [ RunTime:0.000000s ]
INFO: [ app_end ] --START--
INFO: Run Behavior\ShowPageTraceBehavior [ RunTime:0.002000s ]
INFO: [ app_end ] --END-- [ RunTime:0.002000s ]

[ 2017-08-16T16:44:19+08:00 ] ::1 /caiwu/index.php/Home/Index/main
INFO: [ app_init ] --START--
INFO: Run Behavior\BuildLiteBehavior [ RunTime:0.000000s ]
INFO: [ app_init ] --END-- [ RunTime:0.000000s ]
INFO: [ app_begin ] --START--
INFO: Run Behavior\ReadHtmlCacheBehavior [ RunTime:0.000000s ]
INFO: [ app_begin ] --END-- [ RunTime:0.000000s ]
INFO: [ view_parse ] --START--
INFO: [ template_filter ] --START--
INFO: Run Behavior\ContentReplaceBehavior [ RunTime:0.000000s ]
INFO: [ template_filter ] --END-- [ RunTime:0.000000s ]
INFO: Run Behavior\ParseTemplateBehavior [ RunTime:0.008000s ]
INFO: [ view_parse ] --END-- [ RunTime:0.008000s ]
INFO: [ view_filter ] --START--
INFO: Run Behavior\WriteHtmlCacheBehavior [ RunTime:0.001000s ]
INFO: [ view_filter ] --END-- [ RunTime:0.001000s ]
INFO: [ app_end ] --START--
INFO: Run Behavior\ShowPageTraceBehavior [ RunTime:0.000000s ]
INFO: [ app_end ] --END-- [ RunTime:0.000000s ]

[ 2017-08-16T16:44:19+08:00 ] ::1 /caiwu/index.php/home/index/top.html
INFO: [ app_init ] --START--
INFO: Run Behavior\BuildLiteBehavior [ RunTime:0.000000s ]
INFO: [ app_init ] --END-- [ RunTime:0.000000s ]
INFO: [ app_begin ] --START--
INFO: Run Behavior\ReadHtmlCacheBehavior [ RunTime:0.000000s ]
INFO: [ app_begin ] --END-- [ RunTime:0.000000s ]
INFO: [ view_parse ] --START--
INFO: [ template_filter ] --START--
INFO: Run Behavior\ContentReplaceBehavior [ RunTime:0.000000s ]
INFO: [ template_filter ] --END-- [ RunTime:0.000000s ]
INFO: Run Behavior\ParseTemplateBehavior [ RunTime:0.003000s ]
INFO: [ view_parse ] --END-- [ RunTime:0.003000s ]
INFO: [ view_filter ] --START--
INFO: Run Behavior\WriteHtmlCacheBehavior [ RunTime:0.000000s ]
INFO: [ view_filter ] --END-- [ RunTime:0.000000s ]
INFO: [ app_end ] --START--
INFO: Run Behavior\ShowPageTraceBehavior [ RunTime:0.000000s ]
INFO: [ app_end ] --END-- [ RunTime:0.000000s ]

[ 2017-08-16T16:44:20+08:00 ] ::1 /caiwu/index.php/home/index/left.html
INFO: [ app_init ] --START--
INFO: Run Behavior\BuildLiteBehavior [ RunTime:0.000000s ]
INFO: [ app_init ] --END-- [ RunTime:0.001000s ]
INFO: [ app_begin ] --START--
INFO: Run Behavior\ReadHtmlCacheBehavior [ RunTime:0.001000s ]
INFO: [ app_begin ] --END-- [ RunTime:0.001000s ]
INFO: [ view_parse ] --START--
INFO: [ template_filter ] --START--
INFO: Run Behavior\ContentReplaceBehavior [ RunTime:0.000000s ]
INFO: [ template_filter ] --END-- [ RunTime:0.000000s ]
INFO: Run Behavior\ParseTemplateBehavior [ RunTime:0.006000s ]
INFO: [ view_parse ] --END-- [ RunTime:0.006000s ]
INFO: [ view_filter ] --START--
INFO: Run Behavior\WriteHtmlCacheBehavior [ RunTime:0.000000s ]
INFO: [ view_filter ] --END-- [ RunTime:0.000000s ]
INFO: [ app_end ] --START--
INFO: Run Behavior\ShowPageTraceBehavior [ RunTime:0.001000s ]
INFO: [ app_end ] --END-- [ RunTime:0.001000s ]

[ 2017-08-16T16:44:20+08:00 ] ::1 /caiwu/index.php/home/index/index.html
INFO: [ app_init ] --START--
INFO: Run Behavior\BuildLiteBehavior [ RunTime:0.000000s ]
INFO: [ app_init ] --END-- [ RunTime:0.001000s ]
INFO: [ app_begin ] --START--
INFO: Run Behavior\ReadHtmlCacheBehavior [ RunTime:0.001000s ]
INFO: [ app_begin ] --END-- [ RunTime:0.001000s ]
INFO: [ view_parse ] --START--
INFO: [ template_filter ] --START--
INFO: Run Behavior\ContentReplaceBehavior [ RunTime:0.000000s ]
INFO: [ template_filter ] --END-- [ RunTime:0.000000s ]
INFO: Run Behavior\ParseTemplateBehavior [ RunTime:0.009000s ]
INFO: [ view_parse ] --END-- [ RunTime:0.009000s ]
INFO: [ view_filter ] --START--
INFO: Run Behavior\WriteHtmlCacheBehavior [ RunTime:0.000000s ]
INFO: [ view_filter ] --END-- [ RunTime:0.000000s ]
INFO: [ app_end ] --START--
INFO: Run Behavior\ShowPageTraceBehavior [ RunTime:0.000000s ]
INFO: [ app_end ] --END-- [ RunTime:0.000000s ]

[ 2017-08-16T16:44:26+08:00 ] ::1 /caiwu/index.php/home/index/account_list.html
INFO: [ app_init ] --START--
INFO: Run Behavior\BuildLiteBehavior [ RunTime:0.000000s ]
INFO: [ app_init ] --END-- [ RunTime:0.001000s ]
INFO: [ app_begin ] --START--
INFO: Run Behavior\ReadHtmlCacheBehavior [ RunTime:0.000000s ]
INFO: [ app_begin ] --END-- [ RunTime:0.001000s ]
NOTIC: [8] Undefined index: type D:\phpStudy\WWW\caiwu\Application\Home\Controller\IndexController.class.php 第 908 行.
SQL: SHOW COLUMNS FROM `fanwe_family_settlement_history` [ RunTime:0.0230s ]
SQL: SELECT COUNT(*) AS tp_count FROM `fanwe_family_settlement_history` WHERE `expect_date` = '2017-08-16' LIMIT 1   [ RunTime:0.0380s ]
SQL: SELECT * FROM `fanwe_family_settlement_history` WHERE `expect_date` = '2017-08-16' ORDER BY id desc LIMIT 0,20   [ RunTime:0.0230s ]
INFO: [ view_parse ] --START--
INFO: [ template_filter ] --START--
INFO: Run Behavior\ContentReplaceBehavior [ RunTime:0.000000s ]
INFO: [ template_filter ] --END-- [ RunTime:0.000000s ]
INFO: Run Behavior\ParseTemplateBehavior [ RunTime:0.015000s ]
INFO: [ view_parse ] --END-- [ RunTime:0.015000s ]
INFO: [ view_filter ] --START--
INFO: Run Behavior\WriteHtmlCacheBehavior [ RunTime:0.000000s ]
INFO: [ view_filter ] --END-- [ RunTime:0.000000s ]
INFO: [ app_end ] --START--
INFO: Run Behavior\ShowPageTraceBehavior [ RunTime:0.001000s ]
INFO: [ app_end ] --END-- [ RunTime:0.001000s ]

